[2021-03-02 07:08:56] production.ERROR: Illuminate\Auth\AuthenticationException: Unauthenticated. in /Users/ifeoluwa/Documents/Apps/DorcasFramework/Core/core-base/app/Http/Middleware/Authenticate.php:41
Stack trace:
#0 /Users/ifeoluwa/Documents/Apps/DorcasFramework/Core/core-base/vendor/illuminate/pipeline/Pipeline.php(163): App\Http\Middleware\Authenticate->handle(Object(Laravel\Lumen\Http\Request), Object(Closure))
#1 [internal function]: Illuminate\Pipeline\Pipeline->Illuminate\Pipeline\{closure}(Object(Laravel\Lumen\Http\Request))
#2 /Users/ifeoluwa/Documents/Apps/DorcasFramework/Core/core-base/vendor/laravel/lumen-framework/src/Routing/Pipeline.php(32): call_user_func(Object(Closure), Object(Laravel\Lumen\Http\Request))
#3 /Users/ifeoluwa/Documents/Apps/DorcasFramework/Core/core-base/vendor/illuminate/pipeline/Pipeline.php(104): Laravel\Lumen\Routing\Pipeline->Laravel\Lumen\Routing\{closure}(Object(Laravel\Lumen\Http\Request))
#4 /Users/ifeoluwa/Documents/Apps/DorcasFramework/Core/core-base/vendor/laravel/lumen-framework/src/Concerns/RoutesRequests.php(413): Illuminate\Pipeline\Pipeline->then(Object(Closure))
#5 /Users/ifeoluwa/Documents/Apps/DorcasFramework/Core/core-base/vendor/laravel/lumen-framework/src/Concerns/RoutesRequests.php(259): Laravel\Lumen\Application->sendThroughPipeline(Array, Object(Closure))
#6 /Users/ifeoluwa/Documents/Apps/DorcasFramework/Core/core-base/vendor/laravel/lumen-framework/src/Concerns/RoutesRequests.php(165): Laravel\Lumen\Application->handleFoundRoute(Array)
#7 [internal function]: Laravel\Lumen\Application->Laravel\Lumen\Concerns\{closure}(Object(Laravel\Lumen\Http\Request))
#8 /Users/ifeoluwa/Documents/Apps/DorcasFramework/Core/core-base/vendor/laravel/lumen-framework/src/Routing/Pipeline.php(52): call_user_func(Object(Closure), Object(Laravel\Lumen\Http\Request))
#9 /Users/ifeoluwa/Documents/Apps/DorcasFramework/Core/core-base/app/Http/Middleware/InstalledAppUserDataAccessGate.php(26): Laravel\Lumen\Routing\Pipeline->Laravel\Lumen\Routing\{closure}(Object(Laravel\Lumen\Http\Request))
#10 /Users/ifeoluwa/Documents/Apps/DorcasFramework/Core/core-base/vendor/illuminate/pipeline/Pipeline.php(163): App\Http\Middleware\InstalledAppUserDataAccessGate->handle(Object(Laravel\Lumen\Http\Request), Object(Closure))
#11 [internal function]: Illuminate\Pipeline\Pipeline->Illuminate\Pipeline\{closure}(Object(Laravel\Lumen\Http\Request))
#12 /Users/ifeoluwa/Documents/Apps/DorcasFramework/Core/core-base/vendor/laravel/lumen-framework/src/Routing/Pipeline.php(32): call_user_func(Object(Closure), Object(Laravel\Lumen\Http\Request))
#13 /Users/ifeoluwa/Documents/Apps/DorcasFramework/Core/core-base/app/Http/Middleware/ResolveApplicationId.php(32): Laravel\Lumen\Routing\Pipeline->Laravel\Lumen\Routing\{closure}(Object(Laravel\Lumen\Http\Request))
#14 /Users/ifeoluwa/Documents/Apps/DorcasFramework/Core/core-base/vendor/illuminate/pipeline/Pipeline.php(163): App\Http\Middleware\ResolveApplicationId->handle(Object(Laravel\Lumen\Http\Request), Object(Closure))
#15 [internal function]: Illuminate\Pipeline\Pipeline->Illuminate\Pipeline\{closure}(Object(Laravel\Lumen\Http\Request))
#16 /Users/ifeoluwa/Documents/Apps/DorcasFramework/Core/core-base/vendor/laravel/lumen-framework/src/Routing/Pipeline.php(32): call_user_func(Object(Closure), Object(Laravel\Lumen\Http\Request))
#17 /Users/ifeoluwa/Documents/Apps/DorcasFramework/Core/core-base/vendor/illuminate/pipeline/Pipeline.php(104): Laravel\Lumen\Routing\Pipeline->Laravel\Lumen\Routing\{closure}(Object(Laravel\Lumen\Http\Request))
#18 /Users/ifeoluwa/Documents/Apps/DorcasFramework/Core/core-base/vendor/laravel/lumen-framework/src/Concerns/RoutesRequests.php(413): Illuminate\Pipeline\Pipeline->then(Object(Closure))
#19 /Users/ifeoluwa/Documents/Apps/DorcasFramework/Core/core-base/vendor/laravel/lumen-framework/src/Concerns/RoutesRequests.php(171): Laravel\Lumen\Application->sendThroughPipeline(Array, Object(Closure))
#20 /Users/ifeoluwa/Documents/Apps/DorcasFramework/Core/core-base/vendor/laravel/lumen-framework/src/Concerns/RoutesRequests.php(108): Laravel\Lumen\Application->dispatch(NULL)
#21 /Users/ifeoluwa/Documents/Apps/DorcasFramework/Core/core-base/public/index.php(28): Laravel\Lumen\Application->run()
#22 /Users/ifeoluwa/.composer/vendor/laravel/valet/server.php(214): require('/Users/ifeoluwa...')
#23 {main} {"exception":"[object] (Illuminate\\Auth\\AuthenticationException(code: 0): Unauthenticated. at /Users/ifeoluwa/Documents/Apps/DorcasFramework/Core/core-base/app/Http/Middleware/Authenticate.php:41)
[stacktrace]
#0 /Users/ifeoluwa/Documents/Apps/DorcasFramework/Core/core-base/vendor/illuminate/pipeline/Pipeline.php(163): App\\Http\\Middleware\\Authenticate->handle(Object(Laravel\\Lumen\\Http\\Request), Object(Closure))
#1 [internal function]: Illuminate\\Pipeline\\Pipeline->Illuminate\\Pipeline\\{closure}(Object(Laravel\\Lumen\\Http\\Request))
#2 /Users/ifeoluwa/Documents/Apps/DorcasFramework/Core/core-base/vendor/laravel/lumen-framework/src/Routing/Pipeline.php(32): call_user_func(Object(Closure), Object(Laravel\\Lumen\\Http\\Request))
#3 /Users/ifeoluwa/Documents/Apps/DorcasFramework/Core/core-base/vendor/illuminate/pipeline/Pipeline.php(104): Laravel\\Lumen\\Routing\\Pipeline->Laravel\\Lumen\\Routing\\{closure}(Object(Laravel\\Lumen\\Http\\Request))
#4 /Users/ifeoluwa/Documents/Apps/DorcasFramework/Core/core-base/vendor/laravel/lumen-framework/src/Concerns/RoutesRequests.php(413): Illuminate\\Pipeline\\Pipeline->then(Object(Closure))
#5 /Users/ifeoluwa/Documents/Apps/DorcasFramework/Core/core-base/vendor/laravel/lumen-framework/src/Concerns/RoutesRequests.php(259): Laravel\\Lumen\\Application->sendThroughPipeline(Array, Object(Closure))
#6 /Users/ifeoluwa/Documents/Apps/DorcasFramework/Core/core-base/vendor/laravel/lumen-framework/src/Concerns/RoutesRequests.php(165): Laravel\\Lumen\\Application->handleFoundRoute(Array)
#7 [internal function]: Laravel\\Lumen\\Application->Laravel\\Lumen\\Concerns\\{closure}(Object(Laravel\\Lumen\\Http\\Request))
#8 /Users/ifeoluwa/Documents/Apps/DorcasFramework/Core/core-base/vendor/laravel/lumen-framework/src/Routing/Pipeline.php(52): call_user_func(Object(Closure), Object(Laravel\\Lumen\\Http\\Request))
#9 /Users/ifeoluwa/Documents/Apps/DorcasFramework/Core/core-base/app/Http/Middleware/InstalledAppUserDataAccessGate.php(26): Laravel\\Lumen\\Routing\\Pipeline->Laravel\\Lumen\\Routing\\{closure}(Object(Laravel\\Lumen\\Http\\Request))
#10 /Users/ifeoluwa/Documents/Apps/DorcasFramework/Core/core-base/vendor/illuminate/pipeline/Pipeline.php(163): App\\Http\\Middleware\\InstalledAppUserDataAccessGate->handle(Object(Laravel\\Lumen\\Http\\Request), Object(Closure))
#11 [internal function]: Illuminate\\Pipeline\\Pipeline->Illuminate\\Pipeline\\{closure}(Object(Laravel\\Lumen\\Http\\Request))
#12 /Users/ifeoluwa/Documents/Apps/DorcasFramework/Core/core-base/vendor/laravel/lumen-framework/src/Routing/Pipeline.php(32): call_user_func(Object(Closure), Object(Laravel\\Lumen\\Http\\Request))
#13 /Users/ifeoluwa/Documents/Apps/DorcasFramework/Core/core-base/app/Http/Middleware/ResolveApplicationId.php(32): Laravel\\Lumen\\Routing\\Pipeline->Laravel\\Lumen\\Routing\\{closure}(Object(Laravel\\Lumen\\Http\\Request))
#14 /Users/ifeoluwa/Documents/Apps/DorcasFramework/Core/core-base/vendor/illuminate/pipeline/Pipeline.php(163): App\\Http\\Middleware\\ResolveApplicationId->handle(Object(Laravel\\Lumen\\Http\\Request), Object(Closure))
#15 [internal function]: Illuminate\\Pipeline\\Pipeline->Illuminate\\Pipeline\\{closure}(Object(Laravel\\Lumen\\Http\\Request))
#16 /Users/ifeoluwa/Documents/Apps/DorcasFramework/Core/core-base/vendor/laravel/lumen-framework/src/Routing/Pipeline.php(32): call_user_func(Object(Closure), Object(Laravel\\Lumen\\Http\\Request))
#17 /Users/ifeoluwa/Documents/Apps/DorcasFramework/Core/core-base/vendor/illuminate/pipeline/Pipeline.php(104): Laravel\\Lumen\\Routing\\Pipeline->Laravel\\Lumen\\Routing\\{closure}(Object(Laravel\\Lumen\\Http\\Request))
#18 /Users/ifeoluwa/Documents/Apps/DorcasFramework/Core/core-base/vendor/laravel/lumen-framework/src/Concerns/RoutesRequests.php(413): Illuminate\\Pipeline\\Pipeline->then(Object(Closure))
#19 /Users/ifeoluwa/Documents/Apps/DorcasFramework/Core/core-base/vendor/laravel/lumen-framework/src/Concerns/RoutesRequests.php(171): Laravel\\Lumen\\Application->sendThroughPipeline(Array, Object(Closure))
#20 /Users/ifeoluwa/Documents/Apps/DorcasFramework/Core/core-base/vendor/laravel/lumen-framework/src/Concerns/RoutesRequests.php(108): Laravel\\Lumen\\Application->dispatch(NULL)
#21 /Users/ifeoluwa/Documents/Apps/DorcasFramework/Core/core-base/public/index.php(28): Laravel\\Lumen\\Application->run()
#22 /Users/ifeoluwa/.composer/vendor/laravel/valet/server.php(214): require('/Users/ifeoluwa...')
#23 {main}
"} 
[2021-03-02 07:22:53] production.ERROR: Symfony\Component\HttpKernel\Exception\MethodNotAllowedHttpException in /Users/ifeoluwa/Documents/Apps/DorcasFramework/Core/core-base/vendor/laravel/lumen-framework/src/Concerns/RoutesRequests.php:231
Stack trace:
#0 /Users/ifeoluwa/Documents/Apps/DorcasFramework/Core/core-base/vendor/laravel/lumen-framework/src/Concerns/RoutesRequests.php(169): Laravel\Lumen\Application->handleDispatcherResponse(Array)
#1 [internal function]: Laravel\Lumen\Application->Laravel\Lumen\Concerns\{closure}(Object(Laravel\Lumen\Http\Request))
#2 /Users/ifeoluwa/Documents/Apps/DorcasFramework/Core/core-base/vendor/laravel/lumen-framework/src/Routing/Pipeline.php(52): call_user_func(Object(Closure), Object(Laravel\Lumen\Http\Request))
#3 /Users/ifeoluwa/Documents/Apps/DorcasFramework/Core/core-base/app/Http/Middleware/InstalledAppUserDataAccessGate.php(26): Laravel\Lumen\Routing\Pipeline->Laravel\Lumen\Routing\{closure}(Object(Laravel\Lumen\Http\Request))
#4 /Users/ifeoluwa/Documents/Apps/DorcasFramework/Core/core-base/vendor/illuminate/pipeline/Pipeline.php(163): App\Http\Middleware\InstalledAppUserDataAccessGate->handle(Object(Laravel\Lumen\Http\Request), Object(Closure))
#5 [internal function]: Illuminate\Pipeline\Pipeline->Illuminate\Pipeline\{closure}(Object(Laravel\Lumen\Http\Request))
#6 /Users/ifeoluwa/Documents/Apps/DorcasFramework/Core/core-base/vendor/laravel/lumen-framework/src/Routing/Pipeline.php(32): call_user_func(Object(Closure), Object(Laravel\Lumen\Http\Request))
#7 /Users/ifeoluwa/Documents/Apps/DorcasFramework/Core/core-base/app/Http/Middleware/ResolveApplicationId.php(32): Laravel\Lumen\Routing\Pipeline->Laravel\Lumen\Routing\{closure}(Object(Laravel\Lumen\Http\Request))
#8 /Users/ifeoluwa/Documents/Apps/DorcasFramework/Core/core-base/vendor/illuminate/pipeline/Pipeline.php(163): App\Http\Middleware\ResolveApplicationId->handle(Object(Laravel\Lumen\Http\Request), Object(Closure))
#9 [internal function]: Illuminate\Pipeline\Pipeline->Illuminate\Pipeline\{closure}(Object(Laravel\Lumen\Http\Request))
#10 /Users/ifeoluwa/Documents/Apps/DorcasFramework/Core/core-base/vendor/laravel/lumen-framework/src/Routing/Pipeline.php(32): call_user_func(Object(Closure), Object(Laravel\Lumen\Http\Request))
#11 /Users/ifeoluwa/Documents/Apps/DorcasFramework/Core/core-base/vendor/illuminate/pipeline/Pipeline.php(104): Laravel\Lumen\Routing\Pipeline->Laravel\Lumen\Routing\{closure}(Object(Laravel\Lumen\Http\Request))
#12 /Users/ifeoluwa/Documents/Apps/DorcasFramework/Core/core-base/vendor/laravel/lumen-framework/src/Concerns/RoutesRequests.php(413): Illuminate\Pipeline\Pipeline->then(Object(Closure))
#13 /Users/ifeoluwa/Documents/Apps/DorcasFramework/Core/core-base/vendor/laravel/lumen-framework/src/Concerns/RoutesRequests.php(171): Laravel\Lumen\Application->sendThroughPipeline(Array, Object(Closure))
#14 /Users/ifeoluwa/Documents/Apps/DorcasFramework/Core/core-base/vendor/laravel/lumen-framework/src/Concerns/RoutesRequests.php(108): Laravel\Lumen\Application->dispatch(NULL)
#15 /Users/ifeoluwa/Documents/Apps/DorcasFramework/Core/core-base/public/index.php(28): Laravel\Lumen\Application->run()
#16 /Users/ifeoluwa/.composer/vendor/laravel/valet/server.php(214): require('/Users/ifeoluwa...')
#17 {main} {"exception":"[object] (Symfony\\Component\\HttpKernel\\Exception\\MethodNotAllowedHttpException(code: 0):  at /Users/ifeoluwa/Documents/Apps/DorcasFramework/Core/core-base/vendor/laravel/lumen-framework/src/Concerns/RoutesRequests.php:231)
[stacktrace]
#0 /Users/ifeoluwa/Documents/Apps/DorcasFramework/Core/core-base/vendor/laravel/lumen-framework/src/Concerns/RoutesRequests.php(169): Laravel\\Lumen\\Application->handleDispatcherResponse(Array)
#1 [internal function]: Laravel\\Lumen\\Application->Laravel\\Lumen\\Concerns\\{closure}(Object(Laravel\\Lumen\\Http\\Request))
#2 /Users/ifeoluwa/Documents/Apps/DorcasFramework/Core/core-base/vendor/laravel/lumen-framework/src/Routing/Pipeline.php(52): call_user_func(Object(Closure), Object(Laravel\\Lumen\\Http\\Request))
#3 /Users/ifeoluwa/Documents/Apps/DorcasFramework/Core/core-base/app/Http/Middleware/InstalledAppUserDataAccessGate.php(26): Laravel\\Lumen\\Routing\\Pipeline->Laravel\\Lumen\\Routing\\{closure}(Object(Laravel\\Lumen\\Http\\Request))
#4 /Users/ifeoluwa/Documents/Apps/DorcasFramework/Core/core-base/vendor/illuminate/pipeline/Pipeline.php(163): App\\Http\\Middleware\\InstalledAppUserDataAccessGate->handle(Object(Laravel\\Lumen\\Http\\Request), Object(Closure))
#5 [internal function]: Illuminate\\Pipeline\\Pipeline->Illuminate\\Pipeline\\{closure}(Object(Laravel\\Lumen\\Http\\Request))
#6 /Users/ifeoluwa/Documents/Apps/DorcasFramework/Core/core-base/vendor/laravel/lumen-framework/src/Routing/Pipeline.php(32): call_user_func(Object(Closure), Object(Laravel\\Lumen\\Http\\Request))
#7 /Users/ifeoluwa/Documents/Apps/DorcasFramework/Core/core-base/app/Http/Middleware/ResolveApplicationId.php(32): Laravel\\Lumen\\Routing\\Pipeline->Laravel\\Lumen\\Routing\\{closure}(Object(Laravel\\Lumen\\Http\\Request))
#8 /Users/ifeoluwa/Documents/Apps/DorcasFramework/Core/core-base/vendor/illuminate/pipeline/Pipeline.php(163): App\\Http\\Middleware\\ResolveApplicationId->handle(Object(Laravel\\Lumen\\Http\\Request), Object(Closure))
#9 [internal function]: Illuminate\\Pipeline\\Pipeline->Illuminate\\Pipeline\\{closure}(Object(Laravel\\Lumen\\Http\\Request))
#10 /Users/ifeoluwa/Documents/Apps/DorcasFramework/Core/core-base/vendor/laravel/lumen-framework/src/Routing/Pipeline.php(32): call_user_func(Object(Closure), Object(Laravel\\Lumen\\Http\\Request))
#11 /Users/ifeoluwa/Documents/Apps/DorcasFramework/Core/core-base/vendor/illuminate/pipeline/Pipeline.php(104): Laravel\\Lumen\\Routing\\Pipeline->Laravel\\Lumen\\Routing\\{closure}(Object(Laravel\\Lumen\\Http\\Request))
#12 /Users/ifeoluwa/Documents/Apps/DorcasFramework/Core/core-base/vendor/laravel/lumen-framework/src/Concerns/RoutesRequests.php(413): Illuminate\\Pipeline\\Pipeline->then(Object(Closure))
#13 /Users/ifeoluwa/Documents/Apps/DorcasFramework/Core/core-base/vendor/laravel/lumen-framework/src/Concerns/RoutesRequests.php(171): Laravel\\Lumen\\Application->sendThroughPipeline(Array, Object(Closure))
#14 /Users/ifeoluwa/Documents/Apps/DorcasFramework/Core/core-base/vendor/laravel/lumen-framework/src/Concerns/RoutesRequests.php(108): Laravel\\Lumen\\Application->dispatch(NULL)
#15 /Users/ifeoluwa/Documents/Apps/DorcasFramework/Core/core-base/public/index.php(28): Laravel\\Lumen\\Application->run()
#16 /Users/ifeoluwa/.composer/vendor/laravel/valet/server.php(214): require('/Users/ifeoluwa...')
#17 {main}
"} 
[2021-03-02 07:25:01] production.ERROR: Symfony\Component\HttpKernel\Exception\MethodNotAllowedHttpException in /Users/ifeoluwa/Documents/Apps/DorcasFramework/Core/core-base/vendor/laravel/lumen-framework/src/Concerns/RoutesRequests.php:231
Stack trace:
#0 /Users/ifeoluwa/Documents/Apps/DorcasFramework/Core/core-base/vendor/laravel/lumen-framework/src/Concerns/RoutesRequests.php(169): Laravel\Lumen\Application->handleDispatcherResponse(Array)
#1 [internal function]: Laravel\Lumen\Application->Laravel\Lumen\Concerns\{closure}(Object(Laravel\Lumen\Http\Request))
#2 /Users/ifeoluwa/Documents/Apps/DorcasFramework/Core/core-base/vendor/laravel/lumen-framework/src/Routing/Pipeline.php(52): call_user_func(Object(Closure), Object(Laravel\Lumen\Http\Request))
#3 /Users/ifeoluwa/Documents/Apps/DorcasFramework/Core/core-base/app/Http/Middleware/InstalledAppUserDataAccessGate.php(26): Laravel\Lumen\Routing\Pipeline->Laravel\Lumen\Routing\{closure}(Object(Laravel\Lumen\Http\Request))
#4 /Users/ifeoluwa/Documents/Apps/DorcasFramework/Core/core-base/vendor/illuminate/pipeline/Pipeline.php(163): App\Http\Middleware\InstalledAppUserDataAccessGate->handle(Object(Laravel\Lumen\Http\Request), Object(Closure))
#5 [internal function]: Illuminate\Pipeline\Pipeline->Illuminate\Pipeline\{closure}(Object(Laravel\Lumen\Http\Request))
#6 /Users/ifeoluwa/Documents/Apps/DorcasFramework/Core/core-base/vendor/laravel/lumen-framework/src/Routing/Pipeline.php(32): call_user_func(Object(Closure), Object(Laravel\Lumen\Http\Request))
#7 /Users/ifeoluwa/Documents/Apps/DorcasFramework/Core/core-base/app/Http/Middleware/ResolveApplicationId.php(32): Laravel\Lumen\Routing\Pipeline->Laravel\Lumen\Routing\{closure}(Object(Laravel\Lumen\Http\Request))
#8 /Users/ifeoluwa/Documents/Apps/DorcasFramework/Core/core-base/vendor/illuminate/pipeline/Pipeline.php(163): App\Http\Middleware\ResolveApplicationId->handle(Object(Laravel\Lumen\Http\Request), Object(Closure))
#9 [internal function]: Illuminate\Pipeline\Pipeline->Illuminate\Pipeline\{closure}(Object(Laravel\Lumen\Http\Request))
#10 /Users/ifeoluwa/Documents/Apps/DorcasFramework/Core/core-base/vendor/laravel/lumen-framework/src/Routing/Pipeline.php(32): call_user_func(Object(Closure), Object(Laravel\Lumen\Http\Request))
#11 /Users/ifeoluwa/Documents/Apps/DorcasFramework/Core/core-base/vendor/illuminate/pipeline/Pipeline.php(104): Laravel\Lumen\Routing\Pipeline->Laravel\Lumen\Routing\{closure}(Object(Laravel\Lumen\Http\Request))
#12 /Users/ifeoluwa/Documents/Apps/DorcasFramework/Core/core-base/vendor/laravel/lumen-framework/src/Concerns/RoutesRequests.php(413): Illuminate\Pipeline\Pipeline->then(Object(Closure))
#13 /Users/ifeoluwa/Documents/Apps/DorcasFramework/Core/core-base/vendor/laravel/lumen-framework/src/Concerns/RoutesRequests.php(171): Laravel\Lumen\Application->sendThroughPipeline(Array, Object(Closure))
#14 /Users/ifeoluwa/Documents/Apps/DorcasFramework/Core/core-base/vendor/laravel/lumen-framework/src/Concerns/RoutesRequests.php(108): Laravel\Lumen\Application->dispatch(NULL)
#15 /Users/ifeoluwa/Documents/Apps/DorcasFramework/Core/core-base/public/index.php(28): Laravel\Lumen\Application->run()
#16 /Users/ifeoluwa/.composer/vendor/laravel/valet/server.php(214): require('/Users/ifeoluwa...')
#17 {main} {"exception":"[object] (Symfony\\Component\\HttpKernel\\Exception\\MethodNotAllowedHttpException(code: 0):  at /Users/ifeoluwa/Documents/Apps/DorcasFramework/Core/core-base/vendor/laravel/lumen-framework/src/Concerns/RoutesRequests.php:231)
[stacktrace]
#0 /Users/ifeoluwa/Documents/Apps/DorcasFramework/Core/core-base/vendor/laravel/lumen-framework/src/Concerns/RoutesRequests.php(169): Laravel\\Lumen\\Application->handleDispatcherResponse(Array)
#1 [internal function]: Laravel\\Lumen\\Application->Laravel\\Lumen\\Concerns\\{closure}(Object(Laravel\\Lumen\\Http\\Request))
#2 /Users/ifeoluwa/Documents/Apps/DorcasFramework/Core/core-base/vendor/laravel/lumen-framework/src/Routing/Pipeline.php(52): call_user_func(Object(Closure), Object(Laravel\\Lumen\\Http\\Request))
#3 /Users/ifeoluwa/Documents/Apps/DorcasFramework/Core/core-base/app/Http/Middleware/InstalledAppUserDataAccessGate.php(26): Laravel\\Lumen\\Routing\\Pipeline->Laravel\\Lumen\\Routing\\{closure}(Object(Laravel\\Lumen\\Http\\Request))
#4 /Users/ifeoluwa/Documents/Apps/DorcasFramework/Core/core-base/vendor/illuminate/pipeline/Pipeline.php(163): App\\Http\\Middleware\\InstalledAppUserDataAccessGate->handle(Object(Laravel\\Lumen\\Http\\Request), Object(Closure))
#5 [internal function]: Illuminate\\Pipeline\\Pipeline->Illuminate\\Pipeline\\{closure}(Object(Laravel\\Lumen\\Http\\Request))
#6 /Users/ifeoluwa/Documents/Apps/DorcasFramework/Core/core-base/vendor/laravel/lumen-framework/src/Routing/Pipeline.php(32): call_user_func(Object(Closure), Object(Laravel\\Lumen\\Http\\Request))
#7 /Users/ifeoluwa/Documents/Apps/DorcasFramework/Core/core-base/app/Http/Middleware/ResolveApplicationId.php(32): Laravel\\Lumen\\Routing\\Pipeline->Laravel\\Lumen\\Routing\\{closure}(Object(Laravel\\Lumen\\Http\\Request))
#8 /Users/ifeoluwa/Documents/Apps/DorcasFramework/Core/core-base/vendor/illuminate/pipeline/Pipeline.php(163): App\\Http\\Middleware\\ResolveApplicationId->handle(Object(Laravel\\Lumen\\Http\\Request), Object(Closure))
#9 [internal function]: Illuminate\\Pipeline\\Pipeline->Illuminate\\Pipeline\\{closure}(Object(Laravel\\Lumen\\Http\\Request))
#10 /Users/ifeoluwa/Documents/Apps/DorcasFramework/Core/core-base/vendor/laravel/lumen-framework/src/Routing/Pipeline.php(32): call_user_func(Object(Closure), Object(Laravel\\Lumen\\Http\\Request))
#11 /Users/ifeoluwa/Documents/Apps/DorcasFramework/Core/core-base/vendor/illuminate/pipeline/Pipeline.php(104): Laravel\\Lumen\\Routing\\Pipeline->Laravel\\Lumen\\Routing\\{closure}(Object(Laravel\\Lumen\\Http\\Request))
#12 /Users/ifeoluwa/Documents/Apps/DorcasFramework/Core/core-base/vendor/laravel/lumen-framework/src/Concerns/RoutesRequests.php(413): Illuminate\\Pipeline\\Pipeline->then(Object(Closure))
#13 /Users/ifeoluwa/Documents/Apps/DorcasFramework/Core/core-base/vendor/laravel/lumen-framework/src/Concerns/RoutesRequests.php(171): Laravel\\Lumen\\Application->sendThroughPipeline(Array, Object(Closure))
#14 /Users/ifeoluwa/Documents/Apps/DorcasFramework/Core/core-base/vendor/laravel/lumen-framework/src/Concerns/RoutesRequests.php(108): Laravel\\Lumen\\Application->dispatch(NULL)
#15 /Users/ifeoluwa/Documents/Apps/DorcasFramework/Core/core-base/public/index.php(28): Laravel\\Lumen\\Application->run()
#16 /Users/ifeoluwa/.composer/vendor/laravel/valet/server.php(214): require('/Users/ifeoluwa...')
#17 {main}
"} 
[2021-03-02 07:30:22] production.ERROR: Symfony\Component\HttpKernel\Exception\MethodNotAllowedHttpException in /Users/ifeoluwa/Documents/Apps/DorcasFramework/Core/core-base/vendor/laravel/lumen-framework/src/Concerns/RoutesRequests.php:231
Stack trace:
#0 /Users/ifeoluwa/Documents/Apps/DorcasFramework/Core/core-base/vendor/laravel/lumen-framework/src/Concerns/RoutesRequests.php(169): Laravel\Lumen\Application->handleDispatcherResponse(Array)
#1 [internal function]: Laravel\Lumen\Application->Laravel\Lumen\Concerns\{closure}(Object(Laravel\Lumen\Http\Request))
#2 /Users/ifeoluwa/Documents/Apps/DorcasFramework/Core/core-base/vendor/laravel/lumen-framework/src/Routing/Pipeline.php(52): call_user_func(Object(Closure), Object(Laravel\Lumen\Http\Request))
#3 /Users/ifeoluwa/Documents/Apps/DorcasFramework/Core/core-base/app/Http/Middleware/InstalledAppUserDataAccessGate.php(26): Laravel\Lumen\Routing\Pipeline->Laravel\Lumen\Routing\{closure}(Object(Laravel\Lumen\Http\Request))
#4 /Users/ifeoluwa/Documents/Apps/DorcasFramework/Core/core-base/vendor/illuminate/pipeline/Pipeline.php(163): App\Http\Middleware\InstalledAppUserDataAccessGate->handle(Object(Laravel\Lumen\Http\Request), Object(Closure))
#5 [internal function]: Illuminate\Pipeline\Pipeline->Illuminate\Pipeline\{closure}(Object(Laravel\Lumen\Http\Request))
#6 /Users/ifeoluwa/Documents/Apps/DorcasFramework/Core/core-base/vendor/laravel/lumen-framework/src/Routing/Pipeline.php(32): call_user_func(Object(Closure), Object(Laravel\Lumen\Http\Request))
#7 /Users/ifeoluwa/Documents/Apps/DorcasFramework/Core/core-base/app/Http/Middleware/ResolveApplicationId.php(32): Laravel\Lumen\Routing\Pipeline->Laravel\Lumen\Routing\{closure}(Object(Laravel\Lumen\Http\Request))
#8 /Users/ifeoluwa/Documents/Apps/DorcasFramework/Core/core-base/vendor/illuminate/pipeline/Pipeline.php(163): App\Http\Middleware\ResolveApplicationId->handle(Object(Laravel\Lumen\Http\Request), Object(Closure))
#9 [internal function]: Illuminate\Pipeline\Pipeline->Illuminate\Pipeline\{closure}(Object(Laravel\Lumen\Http\Request))
#10 /Users/ifeoluwa/Documents/Apps/DorcasFramework/Core/core-base/vendor/laravel/lumen-framework/src/Routing/Pipeline.php(32): call_user_func(Object(Closure), Object(Laravel\Lumen\Http\Request))
#11 /Users/ifeoluwa/Documents/Apps/DorcasFramework/Core/core-base/vendor/illuminate/pipeline/Pipeline.php(104): Laravel\Lumen\Routing\Pipeline->Laravel\Lumen\Routing\{closure}(Object(Laravel\Lumen\Http\Request))
#12 /Users/ifeoluwa/Documents/Apps/DorcasFramework/Core/core-base/vendor/laravel/lumen-framework/src/Concerns/RoutesRequests.php(413): Illuminate\Pipeline\Pipeline->then(Object(Closure))
#13 /Users/ifeoluwa/Documents/Apps/DorcasFramework/Core/core-base/vendor/laravel/lumen-framework/src/Concerns/RoutesRequests.php(171): Laravel\Lumen\Application->sendThroughPipeline(Array, Object(Closure))
#14 /Users/ifeoluwa/Documents/Apps/DorcasFramework/Core/core-base/vendor/laravel/lumen-framework/src/Concerns/RoutesRequests.php(108): Laravel\Lumen\Application->dispatch(NULL)
#15 /Users/ifeoluwa/Documents/Apps/DorcasFramework/Core/core-base/public/index.php(28): Laravel\Lumen\Application->run()
#16 /Users/ifeoluwa/.composer/vendor/laravel/valet/server.php(214): require('/Users/ifeoluwa...')
#17 {main} {"exception":"[object] (Symfony\\Component\\HttpKernel\\Exception\\MethodNotAllowedHttpException(code: 0):  at /Users/ifeoluwa/Documents/Apps/DorcasFramework/Core/core-base/vendor/laravel/lumen-framework/src/Concerns/RoutesRequests.php:231)
[stacktrace]
#0 /Users/ifeoluwa/Documents/Apps/DorcasFramework/Core/core-base/vendor/laravel/lumen-framework/src/Concerns/RoutesRequests.php(169): Laravel\\Lumen\\Application->handleDispatcherResponse(Array)
#1 [internal function]: Laravel\\Lumen\\Application->Laravel\\Lumen\\Concerns\\{closure}(Object(Laravel\\Lumen\\Http\\Request))
#2 /Users/ifeoluwa/Documents/Apps/DorcasFramework/Core/core-base/vendor/laravel/lumen-framework/src/Routing/Pipeline.php(52): call_user_func(Object(Closure), Object(Laravel\\Lumen\\Http\\Request))
#3 /Users/ifeoluwa/Documents/Apps/DorcasFramework/Core/core-base/app/Http/Middleware/InstalledAppUserDataAccessGate.php(26): Laravel\\Lumen\\Routing\\Pipeline->Laravel\\Lumen\\Routing\\{closure}(Object(Laravel\\Lumen\\Http\\Request))
#4 /Users/ifeoluwa/Documents/Apps/DorcasFramework/Core/core-base/vendor/illuminate/pipeline/Pipeline.php(163): App\\Http\\Middleware\\InstalledAppUserDataAccessGate->handle(Object(Laravel\\Lumen\\Http\\Request), Object(Closure))
#5 [internal function]: Illuminate\\Pipeline\\Pipeline->Illuminate\\Pipeline\\{closure}(Object(Laravel\\Lumen\\Http\\Request))
#6 /Users/ifeoluwa/Documents/Apps/DorcasFramework/Core/core-base/vendor/laravel/lumen-framework/src/Routing/Pipeline.php(32): call_user_func(Object(Closure), Object(Laravel\\Lumen\\Http\\Request))
#7 /Users/ifeoluwa/Documents/Apps/DorcasFramework/Core/core-base/app/Http/Middleware/ResolveApplicationId.php(32): Laravel\\Lumen\\Routing\\Pipeline->Laravel\\Lumen\\Routing\\{closure}(Object(Laravel\\Lumen\\Http\\Request))
#8 /Users/ifeoluwa/Documents/Apps/DorcasFramework/Core/core-base/vendor/illuminate/pipeline/Pipeline.php(163): App\\Http\\Middleware\\ResolveApplicationId->handle(Object(Laravel\\Lumen\\Http\\Request), Object(Closure))
#9 [internal function]: Illuminate\\Pipeline\\Pipeline->Illuminate\\Pipeline\\{closure}(Object(Laravel\\Lumen\\Http\\Request))
#10 /Users/ifeoluwa/Documents/Apps/DorcasFramework/Core/core-base/vendor/laravel/lumen-framework/src/Routing/Pipeline.php(32): call_user_func(Object(Closure), Object(Laravel\\Lumen\\Http\\Request))
#11 /Users/ifeoluwa/Documents/Apps/DorcasFramework/Core/core-base/vendor/illuminate/pipeline/Pipeline.php(104): Laravel\\Lumen\\Routing\\Pipeline->Laravel\\Lumen\\Routing\\{closure}(Object(Laravel\\Lumen\\Http\\Request))
#12 /Users/ifeoluwa/Documents/Apps/DorcasFramework/Core/core-base/vendor/laravel/lumen-framework/src/Concerns/RoutesRequests.php(413): Illuminate\\Pipeline\\Pipeline->then(Object(Closure))
#13 /Users/ifeoluwa/Documents/Apps/DorcasFramework/Core/core-base/vendor/laravel/lumen-framework/src/Concerns/RoutesRequests.php(171): Laravel\\Lumen\\Application->sendThroughPipeline(Array, Object(Closure))
#14 /Users/ifeoluwa/Documents/Apps/DorcasFramework/Core/core-base/vendor/laravel/lumen-framework/src/Concerns/RoutesRequests.php(108): Laravel\\Lumen\\Application->dispatch(NULL)
#15 /Users/ifeoluwa/Documents/Apps/DorcasFramework/Core/core-base/public/index.php(28): Laravel\\Lumen\\Application->run()
#16 /Users/ifeoluwa/.composer/vendor/laravel/valet/server.php(214): require('/Users/ifeoluwa...')
#17 {main}
"} 
[2021-03-02 07:35:09] production.ERROR: Symfony\Component\HttpKernel\Exception\MethodNotAllowedHttpException in /Users/ifeoluwa/Documents/Apps/DorcasFramework/Core/core-base/vendor/laravel/lumen-framework/src/Concerns/RoutesRequests.php:231
Stack trace:
#0 /Users/ifeoluwa/Documents/Apps/DorcasFramework/Core/core-base/vendor/laravel/lumen-framework/src/Concerns/RoutesRequests.php(169): Laravel\Lumen\Application->handleDispatcherResponse(Array)
#1 [internal function]: Laravel\Lumen\Application->Laravel\Lumen\Concerns\{closure}(Object(Laravel\Lumen\Http\Request))
#2 /Users/ifeoluwa/Documents/Apps/DorcasFramework/Core/core-base/vendor/laravel/lumen-framework/src/Routing/Pipeline.php(52): call_user_func(Object(Closure), Object(Laravel\Lumen\Http\Request))
#3 /Users/ifeoluwa/Documents/Apps/DorcasFramework/Core/core-base/app/Http/Middleware/InstalledAppUserDataAccessGate.php(26): Laravel\Lumen\Routing\Pipeline->Laravel\Lumen\Routing\{closure}(Object(Laravel\Lumen\Http\Request))
#4 /Users/ifeoluwa/Documents/Apps/DorcasFramework/Core/core-base/vendor/illuminate/pipeline/Pipeline.php(163): App\Http\Middleware\InstalledAppUserDataAccessGate->handle(Object(Laravel\Lumen\Http\Request), Object(Closure))
#5 [internal function]: Illuminate\Pipeline\Pipeline->Illuminate\Pipeline\{closure}(Object(Laravel\Lumen\Http\Request))
#6 /Users/ifeoluwa/Documents/Apps/DorcasFramework/Core/core-base/vendor/laravel/lumen-framework/src/Routing/Pipeline.php(32): call_user_func(Object(Closure), Object(Laravel\Lumen\Http\Request))
#7 /Users/ifeoluwa/Documents/Apps/DorcasFramework/Core/core-base/app/Http/Middleware/ResolveApplicationId.php(32): Laravel\Lumen\Routing\Pipeline->Laravel\Lumen\Routing\{closure}(Object(Laravel\Lumen\Http\Request))
#8 /Users/ifeoluwa/Documents/Apps/DorcasFramework/Core/core-base/vendor/illuminate/pipeline/Pipeline.php(163): App\Http\Middleware\ResolveApplicationId->handle(Object(Laravel\Lumen\Http\Request), Object(Closure))
#9 [internal function]: Illuminate\Pipeline\Pipeline->Illuminate\Pipeline\{closure}(Object(Laravel\Lumen\Http\Request))
#10 /Users/ifeoluwa/Documents/Apps/DorcasFramework/Core/core-base/vendor/laravel/lumen-framework/src/Routing/Pipeline.php(32): call_user_func(Object(Closure), Object(Laravel\Lumen\Http\Request))
#11 /Users/ifeoluwa/Documents/Apps/DorcasFramework/Core/core-base/vendor/illuminate/pipeline/Pipeline.php(104): Laravel\Lumen\Routing\Pipeline->Laravel\Lumen\Routing\{closure}(Object(Laravel\Lumen\Http\Request))
#12 /Users/ifeoluwa/Documents/Apps/DorcasFramework/Core/core-base/vendor/laravel/lumen-framework/src/Concerns/RoutesRequests.php(413): Illuminate\Pipeline\Pipeline->then(Object(Closure))
#13 /Users/ifeoluwa/Documents/Apps/DorcasFramework/Core/core-base/vendor/laravel/lumen-framework/src/Concerns/RoutesRequests.php(171): Laravel\Lumen\Application->sendThroughPipeline(Array, Object(Closure))
#14 /Users/ifeoluwa/Documents/Apps/DorcasFramework/Core/core-base/vendor/laravel/lumen-framework/src/Concerns/RoutesRequests.php(108): Laravel\Lumen\Application->dispatch(NULL)
#15 /Users/ifeoluwa/Documents/Apps/DorcasFramework/Core/core-base/public/index.php(28): Laravel\Lumen\Application->run()
#16 /Users/ifeoluwa/.composer/vendor/laravel/valet/server.php(214): require('/Users/ifeoluwa...')
#17 {main} {"exception":"[object] (Symfony\\Component\\HttpKernel\\Exception\\MethodNotAllowedHttpException(code: 0):  at /Users/ifeoluwa/Documents/Apps/DorcasFramework/Core/core-base/vendor/laravel/lumen-framework/src/Concerns/RoutesRequests.php:231)
[stacktrace]
#0 /Users/ifeoluwa/Documents/Apps/DorcasFramework/Core/core-base/vendor/laravel/lumen-framework/src/Concerns/RoutesRequests.php(169): Laravel\\Lumen\\Application->handleDispatcherResponse(Array)
#1 [internal function]: Laravel\\Lumen\\Application->Laravel\\Lumen\\Concerns\\{closure}(Object(Laravel\\Lumen\\Http\\Request))
#2 /Users/ifeoluwa/Documents/Apps/DorcasFramework/Core/core-base/vendor/laravel/lumen-framework/src/Routing/Pipeline.php(52): call_user_func(Object(Closure), Object(Laravel\\Lumen\\Http\\Request))
#3 /Users/ifeoluwa/Documents/Apps/DorcasFramework/Core/core-base/app/Http/Middleware/InstalledAppUserDataAccessGate.php(26): Laravel\\Lumen\\Routing\\Pipeline->Laravel\\Lumen\\Routing\\{closure}(Object(Laravel\\Lumen\\Http\\Request))
#4 /Users/ifeoluwa/Documents/Apps/DorcasFramework/Core/core-base/vendor/illuminate/pipeline/Pipeline.php(163): App\\Http\\Middleware\\InstalledAppUserDataAccessGate->handle(Object(Laravel\\Lumen\\Http\\Request), Object(Closure))
#5 [internal function]: Illuminate\\Pipeline\\Pipeline->Illuminate\\Pipeline\\{closure}(Object(Laravel\\Lumen\\Http\\Request))
#6 /Users/ifeoluwa/Documents/Apps/DorcasFramework/Core/core-base/vendor/laravel/lumen-framework/src/Routing/Pipeline.php(32): call_user_func(Object(Closure), Object(Laravel\\Lumen\\Http\\Request))
#7 /Users/ifeoluwa/Documents/Apps/DorcasFramework/Core/core-base/app/Http/Middleware/ResolveApplicationId.php(32): Laravel\\Lumen\\Routing\\Pipeline->Laravel\\Lumen\\Routing\\{closure}(Object(Laravel\\Lumen\\Http\\Request))
#8 /Users/ifeoluwa/Documents/Apps/DorcasFramework/Core/core-base/vendor/illuminate/pipeline/Pipeline.php(163): App\\Http\\Middleware\\ResolveApplicationId->handle(Object(Laravel\\Lumen\\Http\\Request), Object(Closure))
#9 [internal function]: Illuminate\\Pipeline\\Pipeline->Illuminate\\Pipeline\\{closure}(Object(Laravel\\Lumen\\Http\\Request))
#10 /Users/ifeoluwa/Documents/Apps/DorcasFramework/Core/core-base/vendor/laravel/lumen-framework/src/Routing/Pipeline.php(32): call_user_func(Object(Closure), Object(Laravel\\Lumen\\Http\\Request))
#11 /Users/ifeoluwa/Documents/Apps/DorcasFramework/Core/core-base/vendor/illuminate/pipeline/Pipeline.php(104): Laravel\\Lumen\\Routing\\Pipeline->Laravel\\Lumen\\Routing\\{closure}(Object(Laravel\\Lumen\\Http\\Request))
#12 /Users/ifeoluwa/Documents/Apps/DorcasFramework/Core/core-base/vendor/laravel/lumen-framework/src/Concerns/RoutesRequests.php(413): Illuminate\\Pipeline\\Pipeline->then(Object(Closure))
#13 /Users/ifeoluwa/Documents/Apps/DorcasFramework/Core/core-base/vendor/laravel/lumen-framework/src/Concerns/RoutesRequests.php(171): Laravel\\Lumen\\Application->sendThroughPipeline(Array, Object(Closure))
#14 /Users/ifeoluwa/Documents/Apps/DorcasFramework/Core/core-base/vendor/laravel/lumen-framework/src/Concerns/RoutesRequests.php(108): Laravel\\Lumen\\Application->dispatch(NULL)
#15 /Users/ifeoluwa/Documents/Apps/DorcasFramework/Core/core-base/public/index.php(28): Laravel\\Lumen\\Application->run()
#16 /Users/ifeoluwa/.composer/vendor/laravel/valet/server.php(214): require('/Users/ifeoluwa...')
#17 {main}
"} 
[2021-03-02 07:47:13] production.ERROR: Symfony\Component\HttpKernel\Exception\MethodNotAllowedHttpException in /Users/ifeoluwa/Documents/Apps/DorcasFramework/Core/core-base/vendor/laravel/lumen-framework/src/Concerns/RoutesRequests.php:231
Stack trace:
#0 /Users/ifeoluwa/Documents/Apps/DorcasFramework/Core/core-base/vendor/laravel/lumen-framework/src/Concerns/RoutesRequests.php(169): Laravel\Lumen\Application->handleDispatcherResponse(Array)
#1 [internal function]: Laravel\Lumen\Application->Laravel\Lumen\Concerns\{closure}(Object(Laravel\Lumen\Http\Request))
#2 /Users/ifeoluwa/Documents/Apps/DorcasFramework/Core/core-base/vendor/laravel/lumen-framework/src/Routing/Pipeline.php(52): call_user_func(Object(Closure), Object(Laravel\Lumen\Http\Request))
#3 /Users/ifeoluwa/Documents/Apps/DorcasFramework/Core/core-base/app/Http/Middleware/InstalledAppUserDataAccessGate.php(26): Laravel\Lumen\Routing\Pipeline->Laravel\Lumen\Routing\{closure}(Object(Laravel\Lumen\Http\Request))
#4 /Users/ifeoluwa/Documents/Apps/DorcasFramework/Core/core-base/vendor/illuminate/pipeline/Pipeline.php(163): App\Http\Middleware\InstalledAppUserDataAccessGate->handle(Object(Laravel\Lumen\Http\Request), Object(Closure))
#5 [internal function]: Illuminate\Pipeline\Pipeline->Illuminate\Pipeline\{closure}(Object(Laravel\Lumen\Http\Request))
#6 /Users/ifeoluwa/Documents/Apps/DorcasFramework/Core/core-base/vendor/laravel/lumen-framework/src/Routing/Pipeline.php(32): call_user_func(Object(Closure), Object(Laravel\Lumen\Http\Request))
#7 /Users/ifeoluwa/Documents/Apps/DorcasFramework/Core/core-base/app/Http/Middleware/ResolveApplicationId.php(32): Laravel\Lumen\Routing\Pipeline->Laravel\Lumen\Routing\{closure}(Object(Laravel\Lumen\Http\Request))
#8 /Users/ifeoluwa/Documents/Apps/DorcasFramework/Core/core-base/vendor/illuminate/pipeline/Pipeline.php(163): App\Http\Middleware\ResolveApplicationId->handle(Object(Laravel\Lumen\Http\Request), Object(Closure))
#9 [internal function]: Illuminate\Pipeline\Pipeline->Illuminate\Pipeline\{closure}(Object(Laravel\Lumen\Http\Request))
#10 /Users/ifeoluwa/Documents/Apps/DorcasFramework/Core/core-base/vendor/laravel/lumen-framework/src/Routing/Pipeline.php(32): call_user_func(Object(Closure), Object(Laravel\Lumen\Http\Request))
#11 /Users/ifeoluwa/Documents/Apps/DorcasFramework/Core/core-base/vendor/illuminate/pipeline/Pipeline.php(104): Laravel\Lumen\Routing\Pipeline->Laravel\Lumen\Routing\{closure}(Object(Laravel\Lumen\Http\Request))
#12 /Users/ifeoluwa/Documents/Apps/DorcasFramework/Core/core-base/vendor/laravel/lumen-framework/src/Concerns/RoutesRequests.php(413): Illuminate\Pipeline\Pipeline->then(Object(Closure))
#13 /Users/ifeoluwa/Documents/Apps/DorcasFramework/Core/core-base/vendor/laravel/lumen-framework/src/Concerns/RoutesRequests.php(171): Laravel\Lumen\Application->sendThroughPipeline(Array, Object(Closure))
#14 /Users/ifeoluwa/Documents/Apps/DorcasFramework/Core/core-base/vendor/laravel/lumen-framework/src/Concerns/RoutesRequests.php(108): Laravel\Lumen\Application->dispatch(NULL)
#15 /Users/ifeoluwa/Documents/Apps/DorcasFramework/Core/core-base/public/index.php(28): Laravel\Lumen\Application->run()
#16 /Users/ifeoluwa/.composer/vendor/laravel/valet/server.php(214): require('/Users/ifeoluwa...')
#17 {main} {"exception":"[object] (Symfony\\Component\\HttpKernel\\Exception\\MethodNotAllowedHttpException(code: 0):  at /Users/ifeoluwa/Documents/Apps/DorcasFramework/Core/core-base/vendor/laravel/lumen-framework/src/Concerns/RoutesRequests.php:231)
[stacktrace]
#0 /Users/ifeoluwa/Documents/Apps/DorcasFramework/Core/core-base/vendor/laravel/lumen-framework/src/Concerns/RoutesRequests.php(169): Laravel\\Lumen\\Application->handleDispatcherResponse(Array)
#1 [internal function]: Laravel\\Lumen\\Application->Laravel\\Lumen\\Concerns\\{closure}(Object(Laravel\\Lumen\\Http\\Request))
#2 /Users/ifeoluwa/Documents/Apps/DorcasFramework/Core/core-base/vendor/laravel/lumen-framework/src/Routing/Pipeline.php(52): call_user_func(Object(Closure), Object(Laravel\\Lumen\\Http\\Request))
#3 /Users/ifeoluwa/Documents/Apps/DorcasFramework/Core/core-base/app/Http/Middleware/InstalledAppUserDataAccessGate.php(26): Laravel\\Lumen\\Routing\\Pipeline->Laravel\\Lumen\\Routing\\{closure}(Object(Laravel\\Lumen\\Http\\Request))
#4 /Users/ifeoluwa/Documents/Apps/DorcasFramework/Core/core-base/vendor/illuminate/pipeline/Pipeline.php(163): App\\Http\\Middleware\\InstalledAppUserDataAccessGate->handle(Object(Laravel\\Lumen\\Http\\Request), Object(Closure))
#5 [internal function]: Illuminate\\Pipeline\\Pipeline->Illuminate\\Pipeline\\{closure}(Object(Laravel\\Lumen\\Http\\Request))
#6 /Users/ifeoluwa/Documents/Apps/DorcasFramework/Core/core-base/vendor/laravel/lumen-framework/src/Routing/Pipeline.php(32): call_user_func(Object(Closure), Object(Laravel\\Lumen\\Http\\Request))
#7 /Users/ifeoluwa/Documents/Apps/DorcasFramework/Core/core-base/app/Http/Middleware/ResolveApplicationId.php(32): Laravel\\Lumen\\Routing\\Pipeline->Laravel\\Lumen\\Routing\\{closure}(Object(Laravel\\Lumen\\Http\\Request))
#8 /Users/ifeoluwa/Documents/Apps/DorcasFramework/Core/core-base/vendor/illuminate/pipeline/Pipeline.php(163): App\\Http\\Middleware\\ResolveApplicationId->handle(Object(Laravel\\Lumen\\Http\\Request), Object(Closure))
#9 [internal function]: Illuminate\\Pipeline\\Pipeline->Illuminate\\Pipeline\\{closure}(Object(Laravel\\Lumen\\Http\\Request))
#10 /Users/ifeoluwa/Documents/Apps/DorcasFramework/Core/core-base/vendor/laravel/lumen-framework/src/Routing/Pipeline.php(32): call_user_func(Object(Closure), Object(Laravel\\Lumen\\Http\\Request))
#11 /Users/ifeoluwa/Documents/Apps/DorcasFramework/Core/core-base/vendor/illuminate/pipeline/Pipeline.php(104): Laravel\\Lumen\\Routing\\Pipeline->Laravel\\Lumen\\Routing\\{closure}(Object(Laravel\\Lumen\\Http\\Request))
#12 /Users/ifeoluwa/Documents/Apps/DorcasFramework/Core/core-base/vendor/laravel/lumen-framework/src/Concerns/RoutesRequests.php(413): Illuminate\\Pipeline\\Pipeline->then(Object(Closure))
#13 /Users/ifeoluwa/Documents/Apps/DorcasFramework/Core/core-base/vendor/laravel/lumen-framework/src/Concerns/RoutesRequests.php(171): Laravel\\Lumen\\Application->sendThroughPipeline(Array, Object(Closure))
#14 /Users/ifeoluwa/Documents/Apps/DorcasFramework/Core/core-base/vendor/laravel/lumen-framework/src/Concerns/RoutesRequests.php(108): Laravel\\Lumen\\Application->dispatch(NULL)
#15 /Users/ifeoluwa/Documents/Apps/DorcasFramework/Core/core-base/public/index.php(28): Laravel\\Lumen\\Application->run()
#16 /Users/ifeoluwa/.composer/vendor/laravel/valet/server.php(214): require('/Users/ifeoluwa...')
#17 {main}
"} 
[2021-03-02 07:56:28] production.ERROR: Symfony\Component\HttpKernel\Exception\MethodNotAllowedHttpException in /Users/ifeoluwa/Documents/Apps/DorcasFramework/Core/core-base/vendor/laravel/lumen-framework/src/Concerns/RoutesRequests.php:231
Stack trace:
#0 /Users/ifeoluwa/Documents/Apps/DorcasFramework/Core/core-base/vendor/laravel/lumen-framework/src/Concerns/RoutesRequests.php(169): Laravel\Lumen\Application->handleDispatcherResponse(Array)
#1 [internal function]: Laravel\Lumen\Application->Laravel\Lumen\Concerns\{closure}(Object(Laravel\Lumen\Http\Request))
#2 /Users/ifeoluwa/Documents/Apps/DorcasFramework/Core/core-base/vendor/laravel/lumen-framework/src/Routing/Pipeline.php(52): call_user_func(Object(Closure), Object(Laravel\Lumen\Http\Request))
#3 /Users/ifeoluwa/Documents/Apps/DorcasFramework/Core/core-base/app/Http/Middleware/InstalledAppUserDataAccessGate.php(26): Laravel\Lumen\Routing\Pipeline->Laravel\Lumen\Routing\{closure}(Object(Laravel\Lumen\Http\Request))
#4 /Users/ifeoluwa/Documents/Apps/DorcasFramework/Core/core-base/vendor/illuminate/pipeline/Pipeline.php(163): App\Http\Middleware\InstalledAppUserDataAccessGate->handle(Object(Laravel\Lumen\Http\Request), Object(Closure))
#5 [internal function]: Illuminate\Pipeline\Pipeline->Illuminate\Pipeline\{closure}(Object(Laravel\Lumen\Http\Request))
#6 /Users/ifeoluwa/Documents/Apps/DorcasFramework/Core/core-base/vendor/laravel/lumen-framework/src/Routing/Pipeline.php(32): call_user_func(Object(Closure), Object(Laravel\Lumen\Http\Request))
#7 /Users/ifeoluwa/Documents/Apps/DorcasFramework/Core/core-base/app/Http/Middleware/ResolveApplicationId.php(32): Laravel\Lumen\Routing\Pipeline->Laravel\Lumen\Routing\{closure}(Object(Laravel\Lumen\Http\Request))
#8 /Users/ifeoluwa/Documents/Apps/DorcasFramework/Core/core-base/vendor/illuminate/pipeline/Pipeline.php(163): App\Http\Middleware\ResolveApplicationId->handle(Object(Laravel\Lumen\Http\Request), Object(Closure))
#9 [internal function]: Illuminate\Pipeline\Pipeline->Illuminate\Pipeline\{closure}(Object(Laravel\Lumen\Http\Request))
#10 /Users/ifeoluwa/Documents/Apps/DorcasFramework/Core/core-base/vendor/laravel/lumen-framework/src/Routing/Pipeline.php(32): call_user_func(Object(Closure), Object(Laravel\Lumen\Http\Request))
#11 /Users/ifeoluwa/Documents/Apps/DorcasFramework/Core/core-base/vendor/illuminate/pipeline/Pipeline.php(104): Laravel\Lumen\Routing\Pipeline->Laravel\Lumen\Routing\{closure}(Object(Laravel\Lumen\Http\Request))
#12 /Users/ifeoluwa/Documents/Apps/DorcasFramework/Core/core-base/vendor/laravel/lumen-framework/src/Concerns/RoutesRequests.php(413): Illuminate\Pipeline\Pipeline->then(Object(Closure))
#13 /Users/ifeoluwa/Documents/Apps/DorcasFramework/Core/core-base/vendor/laravel/lumen-framework/src/Concerns/RoutesRequests.php(171): Laravel\Lumen\Application->sendThroughPipeline(Array, Object(Closure))
#14 /Users/ifeoluwa/Documents/Apps/DorcasFramework/Core/core-base/vendor/laravel/lumen-framework/src/Concerns/RoutesRequests.php(108): Laravel\Lumen\Application->dispatch(NULL)
#15 /Users/ifeoluwa/Documents/Apps/DorcasFramework/Core/core-base/public/index.php(28): Laravel\Lumen\Application->run()
#16 /Users/ifeoluwa/.composer/vendor/laravel/valet/server.php(214): require('/Users/ifeoluwa...')
#17 {main} {"exception":"[object] (Symfony\\Component\\HttpKernel\\Exception\\MethodNotAllowedHttpException(code: 0):  at /Users/ifeoluwa/Documents/Apps/DorcasFramework/Core/core-base/vendor/laravel/lumen-framework/src/Concerns/RoutesRequests.php:231)
[stacktrace]
#0 /Users/ifeoluwa/Documents/Apps/DorcasFramework/Core/core-base/vendor/laravel/lumen-framework/src/Concerns/RoutesRequests.php(169): Laravel\\Lumen\\Application->handleDispatcherResponse(Array)
#1 [internal function]: Laravel\\Lumen\\Application->Laravel\\Lumen\\Concerns\\{closure}(Object(Laravel\\Lumen\\Http\\Request))
#2 /Users/ifeoluwa/Documents/Apps/DorcasFramework/Core/core-base/vendor/laravel/lumen-framework/src/Routing/Pipeline.php(52): call_user_func(Object(Closure), Object(Laravel\\Lumen\\Http\\Request))
#3 /Users/ifeoluwa/Documents/Apps/DorcasFramework/Core/core-base/app/Http/Middleware/InstalledAppUserDataAccessGate.php(26): Laravel\\Lumen\\Routing\\Pipeline->Laravel\\Lumen\\Routing\\{closure}(Object(Laravel\\Lumen\\Http\\Request))
#4 /Users/ifeoluwa/Documents/Apps/DorcasFramework/Core/core-base/vendor/illuminate/pipeline/Pipeline.php(163): App\\Http\\Middleware\\InstalledAppUserDataAccessGate->handle(Object(Laravel\\Lumen\\Http\\Request), Object(Closure))
#5 [internal function]: Illuminate\\Pipeline\\Pipeline->Illuminate\\Pipeline\\{closure}(Object(Laravel\\Lumen\\Http\\Request))
#6 /Users/ifeoluwa/Documents/Apps/DorcasFramework/Core/core-base/vendor/laravel/lumen-framework/src/Routing/Pipeline.php(32): call_user_func(Object(Closure), Object(Laravel\\Lumen\\Http\\Request))
#7 /Users/ifeoluwa/Documents/Apps/DorcasFramework/Core/core-base/app/Http/Middleware/ResolveApplicationId.php(32): Laravel\\Lumen\\Routing\\Pipeline->Laravel\\Lumen\\Routing\\{closure}(Object(Laravel\\Lumen\\Http\\Request))
#8 /Users/ifeoluwa/Documents/Apps/DorcasFramework/Core/core-base/vendor/illuminate/pipeline/Pipeline.php(163): App\\Http\\Middleware\\ResolveApplicationId->handle(Object(Laravel\\Lumen\\Http\\Request), Object(Closure))
#9 [internal function]: Illuminate\\Pipeline\\Pipeline->Illuminate\\Pipeline\\{closure}(Object(Laravel\\Lumen\\Http\\Request))
#10 /Users/ifeoluwa/Documents/Apps/DorcasFramework/Core/core-base/vendor/laravel/lumen-framework/src/Routing/Pipeline.php(32): call_user_func(Object(Closure), Object(Laravel\\Lumen\\Http\\Request))
#11 /Users/ifeoluwa/Documents/Apps/DorcasFramework/Core/core-base/vendor/illuminate/pipeline/Pipeline.php(104): Laravel\\Lumen\\Routing\\Pipeline->Laravel\\Lumen\\Routing\\{closure}(Object(Laravel\\Lumen\\Http\\Request))
#12 /Users/ifeoluwa/Documents/Apps/DorcasFramework/Core/core-base/vendor/laravel/lumen-framework/src/Concerns/RoutesRequests.php(413): Illuminate\\Pipeline\\Pipeline->then(Object(Closure))
#13 /Users/ifeoluwa/Documents/Apps/DorcasFramework/Core/core-base/vendor/laravel/lumen-framework/src/Concerns/RoutesRequests.php(171): Laravel\\Lumen\\Application->sendThroughPipeline(Array, Object(Closure))
#14 /Users/ifeoluwa/Documents/Apps/DorcasFramework/Core/core-base/vendor/laravel/lumen-framework/src/Concerns/RoutesRequests.php(108): Laravel\\Lumen\\Application->dispatch(NULL)
#15 /Users/ifeoluwa/Documents/Apps/DorcasFramework/Core/core-base/public/index.php(28): Laravel\\Lumen\\Application->run()
#16 /Users/ifeoluwa/.composer/vendor/laravel/valet/server.php(214): require('/Users/ifeoluwa...')
#17 {main}
"} 
[2021-03-02 07:57:16] production.ERROR: Symfony\Component\HttpKernel\Exception\MethodNotAllowedHttpException in /Users/ifeoluwa/Documents/Apps/DorcasFramework/Core/core-base/vendor/laravel/lumen-framework/src/Concerns/RoutesRequests.php:231
Stack trace:
#0 /Users/ifeoluwa/Documents/Apps/DorcasFramework/Core/core-base/vendor/laravel/lumen-framework/src/Concerns/RoutesRequests.php(169): Laravel\Lumen\Application->handleDispatcherResponse(Array)
#1 [internal function]: Laravel\Lumen\Application->Laravel\Lumen\Concerns\{closure}(Object(Laravel\Lumen\Http\Request))
#2 /Users/ifeoluwa/Documents/Apps/DorcasFramework/Core/core-base/vendor/laravel/lumen-framework/src/Routing/Pipeline.php(52): call_user_func(Object(Closure), Object(Laravel\Lumen\Http\Request))
#3 /Users/ifeoluwa/Documents/Apps/DorcasFramework/Core/core-base/app/Http/Middleware/InstalledAppUserDataAccessGate.php(26): Laravel\Lumen\Routing\Pipeline->Laravel\Lumen\Routing\{closure}(Object(Laravel\Lumen\Http\Request))
#4 /Users/ifeoluwa/Documents/Apps/DorcasFramework/Core/core-base/vendor/illuminate/pipeline/Pipeline.php(163): App\Http\Middleware\InstalledAppUserDataAccessGate->handle(Object(Laravel\Lumen\Http\Request), Object(Closure))
#5 [internal function]: Illuminate\Pipeline\Pipeline->Illuminate\Pipeline\{closure}(Object(Laravel\Lumen\Http\Request))
#6 /Users/ifeoluwa/Documents/Apps/DorcasFramework/Core/core-base/vendor/laravel/lumen-framework/src/Routing/Pipeline.php(32): call_user_func(Object(Closure), Object(Laravel\Lumen\Http\Request))
#7 /Users/ifeoluwa/Documents/Apps/DorcasFramework/Core/core-base/app/Http/Middleware/ResolveApplicationId.php(32): Laravel\Lumen\Routing\Pipeline->Laravel\Lumen\Routing\{closure}(Object(Laravel\Lumen\Http\Request))
#8 /Users/ifeoluwa/Documents/Apps/DorcasFramework/Core/core-base/vendor/illuminate/pipeline/Pipeline.php(163): App\Http\Middleware\ResolveApplicationId->handle(Object(Laravel\Lumen\Http\Request), Object(Closure))
#9 [internal function]: Illuminate\Pipeline\Pipeline->Illuminate\Pipeline\{closure}(Object(Laravel\Lumen\Http\Request))
#10 /Users/ifeoluwa/Documents/Apps/DorcasFramework/Core/core-base/vendor/laravel/lumen-framework/src/Routing/Pipeline.php(32): call_user_func(Object(Closure), Object(Laravel\Lumen\Http\Request))
#11 /Users/ifeoluwa/Documents/Apps/DorcasFramework/Core/core-base/vendor/illuminate/pipeline/Pipeline.php(104): Laravel\Lumen\Routing\Pipeline->Laravel\Lumen\Routing\{closure}(Object(Laravel\Lumen\Http\Request))
#12 /Users/ifeoluwa/Documents/Apps/DorcasFramework/Core/core-base/vendor/laravel/lumen-framework/src/Concerns/RoutesRequests.php(413): Illuminate\Pipeline\Pipeline->then(Object(Closure))
#13 /Users/ifeoluwa/Documents/Apps/DorcasFramework/Core/core-base/vendor/laravel/lumen-framework/src/Concerns/RoutesRequests.php(171): Laravel\Lumen\Application->sendThroughPipeline(Array, Object(Closure))
#14 /Users/ifeoluwa/Documents/Apps/DorcasFramework/Core/core-base/vendor/laravel/lumen-framework/src/Concerns/RoutesRequests.php(108): Laravel\Lumen\Application->dispatch(NULL)
#15 /Users/ifeoluwa/Documents/Apps/DorcasFramework/Core/core-base/public/index.php(28): Laravel\Lumen\Application->run()
#16 /Users/ifeoluwa/.composer/vendor/laravel/valet/server.php(214): require('/Users/ifeoluwa...')
#17 {main} {"exception":"[object] (Symfony\\Component\\HttpKernel\\Exception\\MethodNotAllowedHttpException(code: 0):  at /Users/ifeoluwa/Documents/Apps/DorcasFramework/Core/core-base/vendor/laravel/lumen-framework/src/Concerns/RoutesRequests.php:231)
[stacktrace]
#0 /Users/ifeoluwa/Documents/Apps/DorcasFramework/Core/core-base/vendor/laravel/lumen-framework/src/Concerns/RoutesRequests.php(169): Laravel\\Lumen\\Application->handleDispatcherResponse(Array)
#1 [internal function]: Laravel\\Lumen\\Application->Laravel\\Lumen\\Concerns\\{closure}(Object(Laravel\\Lumen\\Http\\Request))
#2 /Users/ifeoluwa/Documents/Apps/DorcasFramework/Core/core-base/vendor/laravel/lumen-framework/src/Routing/Pipeline.php(52): call_user_func(Object(Closure), Object(Laravel\\Lumen\\Http\\Request))
#3 /Users/ifeoluwa/Documents/Apps/DorcasFramework/Core/core-base/app/Http/Middleware/InstalledAppUserDataAccessGate.php(26): Laravel\\Lumen\\Routing\\Pipeline->Laravel\\Lumen\\Routing\\{closure}(Object(Laravel\\Lumen\\Http\\Request))
#4 /Users/ifeoluwa/Documents/Apps/DorcasFramework/Core/core-base/vendor/illuminate/pipeline/Pipeline.php(163): App\\Http\\Middleware\\InstalledAppUserDataAccessGate->handle(Object(Laravel\\Lumen\\Http\\Request), Object(Closure))
#5 [internal function]: Illuminate\\Pipeline\\Pipeline->Illuminate\\Pipeline\\{closure}(Object(Laravel\\Lumen\\Http\\Request))
#6 /Users/ifeoluwa/Documents/Apps/DorcasFramework/Core/core-base/vendor/laravel/lumen-framework/src/Routing/Pipeline.php(32): call_user_func(Object(Closure), Object(Laravel\\Lumen\\Http\\Request))
#7 /Users/ifeoluwa/Documents/Apps/DorcasFramework/Core/core-base/app/Http/Middleware/ResolveApplicationId.php(32): Laravel\\Lumen\\Routing\\Pipeline->Laravel\\Lumen\\Routing\\{closure}(Object(Laravel\\Lumen\\Http\\Request))
#8 /Users/ifeoluwa/Documents/Apps/DorcasFramework/Core/core-base/vendor/illuminate/pipeline/Pipeline.php(163): App\\Http\\Middleware\\ResolveApplicationId->handle(Object(Laravel\\Lumen\\Http\\Request), Object(Closure))
#9 [internal function]: Illuminate\\Pipeline\\Pipeline->Illuminate\\Pipeline\\{closure}(Object(Laravel\\Lumen\\Http\\Request))
#10 /Users/ifeoluwa/Documents/Apps/DorcasFramework/Core/core-base/vendor/laravel/lumen-framework/src/Routing/Pipeline.php(32): call_user_func(Object(Closure), Object(Laravel\\Lumen\\Http\\Request))
#11 /Users/ifeoluwa/Documents/Apps/DorcasFramework/Core/core-base/vendor/illuminate/pipeline/Pipeline.php(104): Laravel\\Lumen\\Routing\\Pipeline->Laravel\\Lumen\\Routing\\{closure}(Object(Laravel\\Lumen\\Http\\Request))
#12 /Users/ifeoluwa/Documents/Apps/DorcasFramework/Core/core-base/vendor/laravel/lumen-framework/src/Concerns/RoutesRequests.php(413): Illuminate\\Pipeline\\Pipeline->then(Object(Closure))
#13 /Users/ifeoluwa/Documents/Apps/DorcasFramework/Core/core-base/vendor/laravel/lumen-framework/src/Concerns/RoutesRequests.php(171): Laravel\\Lumen\\Application->sendThroughPipeline(Array, Object(Closure))
#14 /Users/ifeoluwa/Documents/Apps/DorcasFramework/Core/core-base/vendor/laravel/lumen-framework/src/Concerns/RoutesRequests.php(108): Laravel\\Lumen\\Application->dispatch(NULL)
#15 /Users/ifeoluwa/Documents/Apps/DorcasFramework/Core/core-base/public/index.php(28): Laravel\\Lumen\\Application->run()
#16 /Users/ifeoluwa/.composer/vendor/laravel/valet/server.php(214): require('/Users/ifeoluwa...')
#17 {main}
"} 
[2021-03-02 08:15:17] production.ERROR: Symfony\Component\HttpKernel\Exception\MethodNotAllowedHttpException in /Users/ifeoluwa/Documents/Apps/DorcasFramework/Core/core-base/vendor/laravel/lumen-framework/src/Concerns/RoutesRequests.php:231
Stack trace:
#0 /Users/ifeoluwa/Documents/Apps/DorcasFramework/Core/core-base/vendor/laravel/lumen-framework/src/Concerns/RoutesRequests.php(169): Laravel\Lumen\Application->handleDispatcherResponse(Array)
#1 [internal function]: Laravel\Lumen\Application->Laravel\Lumen\Concerns\{closure}(Object(Laravel\Lumen\Http\Request))
#2 /Users/ifeoluwa/Documents/Apps/DorcasFramework/Core/core-base/vendor/laravel/lumen-framework/src/Routing/Pipeline.php(52): call_user_func(Object(Closure), Object(Laravel\Lumen\Http\Request))
#3 /Users/ifeoluwa/Documents/Apps/DorcasFramework/Core/core-base/app/Http/Middleware/InstalledAppUserDataAccessGate.php(26): Laravel\Lumen\Routing\Pipeline->Laravel\Lumen\Routing\{closure}(Object(Laravel\Lumen\Http\Request))
#4 /Users/ifeoluwa/Documents/Apps/DorcasFramework/Core/core-base/vendor/illuminate/pipeline/Pipeline.php(163): App\Http\Middleware\InstalledAppUserDataAccessGate->handle(Object(Laravel\Lumen\Http\Request), Object(Closure))
#5 [internal function]: Illuminate\Pipeline\Pipeline->Illuminate\Pipeline\{closure}(Object(Laravel\Lumen\Http\Request))
#6 /Users/ifeoluwa/Documents/Apps/DorcasFramework/Core/core-base/vendor/laravel/lumen-framework/src/Routing/Pipeline.php(32): call_user_func(Object(Closure), Object(Laravel\Lumen\Http\Request))
#7 /Users/ifeoluwa/Documents/Apps/DorcasFramework/Core/core-base/app/Http/Middleware/ResolveApplicationId.php(32): Laravel\Lumen\Routing\Pipeline->Laravel\Lumen\Routing\{closure}(Object(Laravel\Lumen\Http\Request))
#8 /Users/ifeoluwa/Documents/Apps/DorcasFramework/Core/core-base/vendor/illuminate/pipeline/Pipeline.php(163): App\Http\Middleware\ResolveApplicationId->handle(Object(Laravel\Lumen\Http\Request), Object(Closure))
#9 [internal function]: Illuminate\Pipeline\Pipeline->Illuminate\Pipeline\{closure}(Object(Laravel\Lumen\Http\Request))
#10 /Users/ifeoluwa/Documents/Apps/DorcasFramework/Core/core-base/vendor/laravel/lumen-framework/src/Routing/Pipeline.php(32): call_user_func(Object(Closure), Object(Laravel\Lumen\Http\Request))
#11 /Users/ifeoluwa/Documents/Apps/DorcasFramework/Core/core-base/vendor/illuminate/pipeline/Pipeline.php(104): Laravel\Lumen\Routing\Pipeline->Laravel\Lumen\Routing\{closure}(Object(Laravel\Lumen\Http\Request))
#12 /Users/ifeoluwa/Documents/Apps/DorcasFramework/Core/core-base/vendor/laravel/lumen-framework/src/Concerns/RoutesRequests.php(413): Illuminate\Pipeline\Pipeline->then(Object(Closure))
#13 /Users/ifeoluwa/Documents/Apps/DorcasFramework/Core/core-base/vendor/laravel/lumen-framework/src/Concerns/RoutesRequests.php(171): Laravel\Lumen\Application->sendThroughPipeline(Array, Object(Closure))
#14 /Users/ifeoluwa/Documents/Apps/DorcasFramework/Core/core-base/vendor/laravel/lumen-framework/src/Concerns/RoutesRequests.php(108): Laravel\Lumen\Application->dispatch(NULL)
#15 /Users/ifeoluwa/Documents/Apps/DorcasFramework/Core/core-base/public/index.php(28): Laravel\Lumen\Application->run()
#16 /Users/ifeoluwa/.composer/vendor/laravel/valet/server.php(214): require('/Users/ifeoluwa...')
#17 {main} {"exception":"[object] (Symfony\\Component\\HttpKernel\\Exception\\MethodNotAllowedHttpException(code: 0):  at /Users/ifeoluwa/Documents/Apps/DorcasFramework/Core/core-base/vendor/laravel/lumen-framework/src/Concerns/RoutesRequests.php:231)
[stacktrace]
#0 /Users/ifeoluwa/Documents/Apps/DorcasFramework/Core/core-base/vendor/laravel/lumen-framework/src/Concerns/RoutesRequests.php(169): Laravel\\Lumen\\Application->handleDispatcherResponse(Array)
#1 [internal function]: Laravel\\Lumen\\Application->Laravel\\Lumen\\Concerns\\{closure}(Object(Laravel\\Lumen\\Http\\Request))
#2 /Users/ifeoluwa/Documents/Apps/DorcasFramework/Core/core-base/vendor/laravel/lumen-framework/src/Routing/Pipeline.php(52): call_user_func(Object(Closure), Object(Laravel\\Lumen\\Http\\Request))
#3 /Users/ifeoluwa/Documents/Apps/DorcasFramework/Core/core-base/app/Http/Middleware/InstalledAppUserDataAccessGate.php(26): Laravel\\Lumen\\Routing\\Pipeline->Laravel\\Lumen\\Routing\\{closure}(Object(Laravel\\Lumen\\Http\\Request))
#4 /Users/ifeoluwa/Documents/Apps/DorcasFramework/Core/core-base/vendor/illuminate/pipeline/Pipeline.php(163): App\\Http\\Middleware\\InstalledAppUserDataAccessGate->handle(Object(Laravel\\Lumen\\Http\\Request), Object(Closure))
#5 [internal function]: Illuminate\\Pipeline\\Pipeline->Illuminate\\Pipeline\\{closure}(Object(Laravel\\Lumen\\Http\\Request))
#6 /Users/ifeoluwa/Documents/Apps/DorcasFramework/Core/core-base/vendor/laravel/lumen-framework/src/Routing/Pipeline.php(32): call_user_func(Object(Closure), Object(Laravel\\Lumen\\Http\\Request))
#7 /Users/ifeoluwa/Documents/Apps/DorcasFramework/Core/core-base/app/Http/Middleware/ResolveApplicationId.php(32): Laravel\\Lumen\\Routing\\Pipeline->Laravel\\Lumen\\Routing\\{closure}(Object(Laravel\\Lumen\\Http\\Request))
#8 /Users/ifeoluwa/Documents/Apps/DorcasFramework/Core/core-base/vendor/illuminate/pipeline/Pipeline.php(163): App\\Http\\Middleware\\ResolveApplicationId->handle(Object(Laravel\\Lumen\\Http\\Request), Object(Closure))
#9 [internal function]: Illuminate\\Pipeline\\Pipeline->Illuminate\\Pipeline\\{closure}(Object(Laravel\\Lumen\\Http\\Request))
#10 /Users/ifeoluwa/Documents/Apps/DorcasFramework/Core/core-base/vendor/laravel/lumen-framework/src/Routing/Pipeline.php(32): call_user_func(Object(Closure), Object(Laravel\\Lumen\\Http\\Request))
#11 /Users/ifeoluwa/Documents/Apps/DorcasFramework/Core/core-base/vendor/illuminate/pipeline/Pipeline.php(104): Laravel\\Lumen\\Routing\\Pipeline->Laravel\\Lumen\\Routing\\{closure}(Object(Laravel\\Lumen\\Http\\Request))
#12 /Users/ifeoluwa/Documents/Apps/DorcasFramework/Core/core-base/vendor/laravel/lumen-framework/src/Concerns/RoutesRequests.php(413): Illuminate\\Pipeline\\Pipeline->then(Object(Closure))
#13 /Users/ifeoluwa/Documents/Apps/DorcasFramework/Core/core-base/vendor/laravel/lumen-framework/src/Concerns/RoutesRequests.php(171): Laravel\\Lumen\\Application->sendThroughPipeline(Array, Object(Closure))
#14 /Users/ifeoluwa/Documents/Apps/DorcasFramework/Core/core-base/vendor/laravel/lumen-framework/src/Concerns/RoutesRequests.php(108): Laravel\\Lumen\\Application->dispatch(NULL)
#15 /Users/ifeoluwa/Documents/Apps/DorcasFramework/Core/core-base/public/index.php(28): Laravel\\Lumen\\Application->run()
#16 /Users/ifeoluwa/.composer/vendor/laravel/valet/server.php(214): require('/Users/ifeoluwa...')
#17 {main}
"} 
[2021-03-02 09:12:22] production.ERROR: Symfony\Component\HttpKernel\Exception\MethodNotAllowedHttpException in /Users/ifeoluwa/Documents/Apps/DorcasFramework/Core/core-base/vendor/laravel/lumen-framework/src/Concerns/RoutesRequests.php:231
Stack trace:
#0 /Users/ifeoluwa/Documents/Apps/DorcasFramework/Core/core-base/vendor/laravel/lumen-framework/src/Concerns/RoutesRequests.php(169): Laravel\Lumen\Application->handleDispatcherResponse(Array)
#1 [internal function]: Laravel\Lumen\Application->Laravel\Lumen\Concerns\{closure}(Object(Laravel\Lumen\Http\Request))
#2 /Users/ifeoluwa/Documents/Apps/DorcasFramework/Core/core-base/vendor/laravel/lumen-framework/src/Routing/Pipeline.php(52): call_user_func(Object(Closure), Object(Laravel\Lumen\Http\Request))
#3 /Users/ifeoluwa/Documents/Apps/DorcasFramework/Core/core-base/app/Http/Middleware/InstalledAppUserDataAccessGate.php(26): Laravel\Lumen\Routing\Pipeline->Laravel\Lumen\Routing\{closure}(Object(Laravel\Lumen\Http\Request))
#4 /Users/ifeoluwa/Documents/Apps/DorcasFramework/Core/core-base/vendor/illuminate/pipeline/Pipeline.php(163): App\Http\Middleware\InstalledAppUserDataAccessGate->handle(Object(Laravel\Lumen\Http\Request), Object(Closure))
#5 [internal function]: Illuminate\Pipeline\Pipeline->Illuminate\Pipeline\{closure}(Object(Laravel\Lumen\Http\Request))
#6 /Users/ifeoluwa/Documents/Apps/DorcasFramework/Core/core-base/vendor/laravel/lumen-framework/src/Routing/Pipeline.php(32): call_user_func(Object(Closure), Object(Laravel\Lumen\Http\Request))
#7 /Users/ifeoluwa/Documents/Apps/DorcasFramework/Core/core-base/app/Http/Middleware/ResolveApplicationId.php(32): Laravel\Lumen\Routing\Pipeline->Laravel\Lumen\Routing\{closure}(Object(Laravel\Lumen\Http\Request))
#8 /Users/ifeoluwa/Documents/Apps/DorcasFramework/Core/core-base/vendor/illuminate/pipeline/Pipeline.php(163): App\Http\Middleware\ResolveApplicationId->handle(Object(Laravel\Lumen\Http\Request), Object(Closure))
#9 [internal function]: Illuminate\Pipeline\Pipeline->Illuminate\Pipeline\{closure}(Object(Laravel\Lumen\Http\Request))
#10 /Users/ifeoluwa/Documents/Apps/DorcasFramework/Core/core-base/vendor/laravel/lumen-framework/src/Routing/Pipeline.php(32): call_user_func(Object(Closure), Object(Laravel\Lumen\Http\Request))
#11 /Users/ifeoluwa/Documents/Apps/DorcasFramework/Core/core-base/vendor/illuminate/pipeline/Pipeline.php(104): Laravel\Lumen\Routing\Pipeline->Laravel\Lumen\Routing\{closure}(Object(Laravel\Lumen\Http\Request))
#12 /Users/ifeoluwa/Documents/Apps/DorcasFramework/Core/core-base/vendor/laravel/lumen-framework/src/Concerns/RoutesRequests.php(413): Illuminate\Pipeline\Pipeline->then(Object(Closure))
#13 /Users/ifeoluwa/Documents/Apps/DorcasFramework/Core/core-base/vendor/laravel/lumen-framework/src/Concerns/RoutesRequests.php(171): Laravel\Lumen\Application->sendThroughPipeline(Array, Object(Closure))
#14 /Users/ifeoluwa/Documents/Apps/DorcasFramework/Core/core-base/vendor/laravel/lumen-framework/src/Concerns/RoutesRequests.php(108): Laravel\Lumen\Application->dispatch(NULL)
#15 /Users/ifeoluwa/Documents/Apps/DorcasFramework/Core/core-base/public/index.php(28): Laravel\Lumen\Application->run()
#16 /Users/ifeoluwa/.composer/vendor/laravel/valet/server.php(214): require('/Users/ifeoluwa...')
#17 {main} {"exception":"[object] (Symfony\\Component\\HttpKernel\\Exception\\MethodNotAllowedHttpException(code: 0):  at /Users/ifeoluwa/Documents/Apps/DorcasFramework/Core/core-base/vendor/laravel/lumen-framework/src/Concerns/RoutesRequests.php:231)
[stacktrace]
#0 /Users/ifeoluwa/Documents/Apps/DorcasFramework/Core/core-base/vendor/laravel/lumen-framework/src/Concerns/RoutesRequests.php(169): Laravel\\Lumen\\Application->handleDispatcherResponse(Array)
#1 [internal function]: Laravel\\Lumen\\Application->Laravel\\Lumen\\Concerns\\{closure}(Object(Laravel\\Lumen\\Http\\Request))
#2 /Users/ifeoluwa/Documents/Apps/DorcasFramework/Core/core-base/vendor/laravel/lumen-framework/src/Routing/Pipeline.php(52): call_user_func(Object(Closure), Object(Laravel\\Lumen\\Http\\Request))
#3 /Users/ifeoluwa/Documents/Apps/DorcasFramework/Core/core-base/app/Http/Middleware/InstalledAppUserDataAccessGate.php(26): Laravel\\Lumen\\Routing\\Pipeline->Laravel\\Lumen\\Routing\\{closure}(Object(Laravel\\Lumen\\Http\\Request))
#4 /Users/ifeoluwa/Documents/Apps/DorcasFramework/Core/core-base/vendor/illuminate/pipeline/Pipeline.php(163): App\\Http\\Middleware\\InstalledAppUserDataAccessGate->handle(Object(Laravel\\Lumen\\Http\\Request), Object(Closure))
#5 [internal function]: Illuminate\\Pipeline\\Pipeline->Illuminate\\Pipeline\\{closure}(Object(Laravel\\Lumen\\Http\\Request))
#6 /Users/ifeoluwa/Documents/Apps/DorcasFramework/Core/core-base/vendor/laravel/lumen-framework/src/Routing/Pipeline.php(32): call_user_func(Object(Closure), Object(Laravel\\Lumen\\Http\\Request))
#7 /Users/ifeoluwa/Documents/Apps/DorcasFramework/Core/core-base/app/Http/Middleware/ResolveApplicationId.php(32): Laravel\\Lumen\\Routing\\Pipeline->Laravel\\Lumen\\Routing\\{closure}(Object(Laravel\\Lumen\\Http\\Request))
#8 /Users/ifeoluwa/Documents/Apps/DorcasFramework/Core/core-base/vendor/illuminate/pipeline/Pipeline.php(163): App\\Http\\Middleware\\ResolveApplicationId->handle(Object(Laravel\\Lumen\\Http\\Request), Object(Closure))
#9 [internal function]: Illuminate\\Pipeline\\Pipeline->Illuminate\\Pipeline\\{closure}(Object(Laravel\\Lumen\\Http\\Request))
#10 /Users/ifeoluwa/Documents/Apps/DorcasFramework/Core/core-base/vendor/laravel/lumen-framework/src/Routing/Pipeline.php(32): call_user_func(Object(Closure), Object(Laravel\\Lumen\\Http\\Request))
#11 /Users/ifeoluwa/Documents/Apps/DorcasFramework/Core/core-base/vendor/illuminate/pipeline/Pipeline.php(104): Laravel\\Lumen\\Routing\\Pipeline->Laravel\\Lumen\\Routing\\{closure}(Object(Laravel\\Lumen\\Http\\Request))
#12 /Users/ifeoluwa/Documents/Apps/DorcasFramework/Core/core-base/vendor/laravel/lumen-framework/src/Concerns/RoutesRequests.php(413): Illuminate\\Pipeline\\Pipeline->then(Object(Closure))
#13 /Users/ifeoluwa/Documents/Apps/DorcasFramework/Core/core-base/vendor/laravel/lumen-framework/src/Concerns/RoutesRequests.php(171): Laravel\\Lumen\\Application->sendThroughPipeline(Array, Object(Closure))
#14 /Users/ifeoluwa/Documents/Apps/DorcasFramework/Core/core-base/vendor/laravel/lumen-framework/src/Concerns/RoutesRequests.php(108): Laravel\\Lumen\\Application->dispatch(NULL)
#15 /Users/ifeoluwa/Documents/Apps/DorcasFramework/Core/core-base/public/index.php(28): Laravel\\Lumen\\Application->run()
#16 /Users/ifeoluwa/.composer/vendor/laravel/valet/server.php(214): require('/Users/ifeoluwa...')
#17 {main}
"} 
[2021-03-02 09:25:24] production.ERROR: Illuminate\Validation\ValidationException: The given data was invalid. in /Users/ifeoluwa/Documents/Apps/DorcasFramework/Core/core-base/vendor/laravel/lumen-framework/src/Routing/ProvidesConvenienceMethods.php:98
Stack trace:
#0 /Users/ifeoluwa/Documents/Apps/DorcasFramework/Core/core-base/vendor/laravel/lumen-framework/src/Routing/ProvidesConvenienceMethods.php(67): Laravel\Lumen\Routing\Controller->throwValidationException(Object(Laravel\Lumen\Http\Request), Object(Illuminate\Validation\Validator))
#1 /Users/ifeoluwa/Documents/Apps/DorcasFramework/Core/core-base/app/Http/Controllers/Auth/Register.php(35): Laravel\Lumen\Routing\Controller->validate(Object(Laravel\Lumen\Http\Request), Array)
#2 [internal function]: App\Http\Controllers\Auth\Register->register(Object(Laravel\Lumen\Http\Request), Object(League\Fractal\Manager))
#3 /Users/ifeoluwa/Documents/Apps/DorcasFramework/Core/core-base/vendor/illuminate/container/BoundMethod.php(32): call_user_func_array(Array, Array)
#4 /Users/ifeoluwa/Documents/Apps/DorcasFramework/Core/core-base/vendor/illuminate/container/BoundMethod.php(90): Illuminate\Container\BoundMethod::Illuminate\Container\{closure}()
#5 /Users/ifeoluwa/Documents/Apps/DorcasFramework/Core/core-base/vendor/illuminate/container/BoundMethod.php(34): Illuminate\Container\BoundMethod::callBoundMethod(Object(Laravel\Lumen\Application), Array, Object(Closure))
#6 /Users/ifeoluwa/Documents/Apps/DorcasFramework/Core/core-base/vendor/illuminate/container/Container.php(576): Illuminate\Container\BoundMethod::call(Object(Laravel\Lumen\Application), Array, Array, NULL)
#7 /Users/ifeoluwa/Documents/Apps/DorcasFramework/Core/core-base/vendor/laravel/lumen-framework/src/Concerns/RoutesRequests.php(376): Illuminate\Container\Container->call(Array, Array)
#8 /Users/ifeoluwa/Documents/Apps/DorcasFramework/Core/core-base/vendor/laravel/lumen-framework/src/Concerns/RoutesRequests.php(342): Laravel\Lumen\Application->callControllerCallable(Array, Array)
#9 /Users/ifeoluwa/Documents/Apps/DorcasFramework/Core/core-base/vendor/laravel/lumen-framework/src/Concerns/RoutesRequests.php(316): Laravel\Lumen\Application->callLumenController(Object(App\Http\Controllers\Auth\Register), 'register', Array)
#10 /Users/ifeoluwa/Documents/Apps/DorcasFramework/Core/core-base/vendor/laravel/lumen-framework/src/Concerns/RoutesRequests.php(278): Laravel\Lumen\Application->callControllerAction(Array)
#11 /Users/ifeoluwa/Documents/Apps/DorcasFramework/Core/core-base/vendor/laravel/lumen-framework/src/Concerns/RoutesRequests.php(263): Laravel\Lumen\Application->callActionOnArrayBasedRoute(Array)
#12 /Users/ifeoluwa/Documents/Apps/DorcasFramework/Core/core-base/vendor/laravel/lumen-framework/src/Concerns/RoutesRequests.php(165): Laravel\Lumen\Application->handleFoundRoute(Array)
#13 [internal function]: Laravel\Lumen\Application->Laravel\Lumen\Concerns\{closure}(Object(Laravel\Lumen\Http\Request))
#14 /Users/ifeoluwa/Documents/Apps/DorcasFramework/Core/core-base/vendor/laravel/lumen-framework/src/Routing/Pipeline.php(52): call_user_func(Object(Closure), Object(Laravel\Lumen\Http\Request))
#15 /Users/ifeoluwa/Documents/Apps/DorcasFramework/Core/core-base/app/Http/Middleware/InstalledAppUserDataAccessGate.php(26): Laravel\Lumen\Routing\Pipeline->Laravel\Lumen\Routing\{closure}(Object(Laravel\Lumen\Http\Request))
#16 /Users/ifeoluwa/Documents/Apps/DorcasFramework/Core/core-base/vendor/illuminate/pipeline/Pipeline.php(163): App\Http\Middleware\InstalledAppUserDataAccessGate->handle(Object(Laravel\Lumen\Http\Request), Object(Closure))
#17 [internal function]: Illuminate\Pipeline\Pipeline->Illuminate\Pipeline\{closure}(Object(Laravel\Lumen\Http\Request))
#18 /Users/ifeoluwa/Documents/Apps/DorcasFramework/Core/core-base/vendor/laravel/lumen-framework/src/Routing/Pipeline.php(32): call_user_func(Object(Closure), Object(Laravel\Lumen\Http\Request))
#19 /Users/ifeoluwa/Documents/Apps/DorcasFramework/Core/core-base/app/Http/Middleware/ResolveApplicationId.php(32): Laravel\Lumen\Routing\Pipeline->Laravel\Lumen\Routing\{closure}(Object(Laravel\Lumen\Http\Request))
#20 /Users/ifeoluwa/Documents/Apps/DorcasFramework/Core/core-base/vendor/illuminate/pipeline/Pipeline.php(163): App\Http\Middleware\ResolveApplicationId->handle(Object(Laravel\Lumen\Http\Request), Object(Closure))
#21 [internal function]: Illuminate\Pipeline\Pipeline->Illuminate\Pipeline\{closure}(Object(Laravel\Lumen\Http\Request))
#22 /Users/ifeoluwa/Documents/Apps/DorcasFramework/Core/core-base/vendor/laravel/lumen-framework/src/Routing/Pipeline.php(32): call_user_func(Object(Closure), Object(Laravel\Lumen\Http\Request))
#23 /Users/ifeoluwa/Documents/Apps/DorcasFramework/Core/core-base/vendor/illuminate/pipeline/Pipeline.php(104): Laravel\Lumen\Routing\Pipeline->Laravel\Lumen\Routing\{closure}(Object(Laravel\Lumen\Http\Request))
#24 /Users/ifeoluwa/Documents/Apps/DorcasFramework/Core/core-base/vendor/laravel/lumen-framework/src/Concerns/RoutesRequests.php(413): Illuminate\Pipeline\Pipeline->then(Object(Closure))
#25 /Users/ifeoluwa/Documents/Apps/DorcasFramework/Core/core-base/vendor/laravel/lumen-framework/src/Concerns/RoutesRequests.php(171): Laravel\Lumen\Application->sendThroughPipeline(Array, Object(Closure))
#26 /Users/ifeoluwa/Documents/Apps/DorcasFramework/Core/core-base/vendor/laravel/lumen-framework/src/Concerns/RoutesRequests.php(108): Laravel\Lumen\Application->dispatch(NULL)
#27 /Users/ifeoluwa/Documents/Apps/DorcasFramework/Core/core-base/public/index.php(28): Laravel\Lumen\Application->run()
#28 /Users/ifeoluwa/.composer/vendor/laravel/valet/server.php(214): require('/Users/ifeoluwa...')
#29 {main} {"exception":"[object] (Illuminate\\Validation\\ValidationException(code: 0): The given data was invalid. at /Users/ifeoluwa/Documents/Apps/DorcasFramework/Core/core-base/vendor/laravel/lumen-framework/src/Routing/ProvidesConvenienceMethods.php:98)
[stacktrace]
#0 /Users/ifeoluwa/Documents/Apps/DorcasFramework/Core/core-base/vendor/laravel/lumen-framework/src/Routing/ProvidesConvenienceMethods.php(67): Laravel\\Lumen\\Routing\\Controller->throwValidationException(Object(Laravel\\Lumen\\Http\\Request), Object(Illuminate\\Validation\\Validator))
#1 /Users/ifeoluwa/Documents/Apps/DorcasFramework/Core/core-base/app/Http/Controllers/Auth/Register.php(35): Laravel\\Lumen\\Routing\\Controller->validate(Object(Laravel\\Lumen\\Http\\Request), Array)
#2 [internal function]: App\\Http\\Controllers\\Auth\\Register->register(Object(Laravel\\Lumen\\Http\\Request), Object(League\\Fractal\\Manager))
#3 /Users/ifeoluwa/Documents/Apps/DorcasFramework/Core/core-base/vendor/illuminate/container/BoundMethod.php(32): call_user_func_array(Array, Array)
#4 /Users/ifeoluwa/Documents/Apps/DorcasFramework/Core/core-base/vendor/illuminate/container/BoundMethod.php(90): Illuminate\\Container\\BoundMethod::Illuminate\\Container\\{closure}()
#5 /Users/ifeoluwa/Documents/Apps/DorcasFramework/Core/core-base/vendor/illuminate/container/BoundMethod.php(34): Illuminate\\Container\\BoundMethod::callBoundMethod(Object(Laravel\\Lumen\\Application), Array, Object(Closure))
#6 /Users/ifeoluwa/Documents/Apps/DorcasFramework/Core/core-base/vendor/illuminate/container/Container.php(576): Illuminate\\Container\\BoundMethod::call(Object(Laravel\\Lumen\\Application), Array, Array, NULL)
#7 /Users/ifeoluwa/Documents/Apps/DorcasFramework/Core/core-base/vendor/laravel/lumen-framework/src/Concerns/RoutesRequests.php(376): Illuminate\\Container\\Container->call(Array, Array)
#8 /Users/ifeoluwa/Documents/Apps/DorcasFramework/Core/core-base/vendor/laravel/lumen-framework/src/Concerns/RoutesRequests.php(342): Laravel\\Lumen\\Application->callControllerCallable(Array, Array)
#9 /Users/ifeoluwa/Documents/Apps/DorcasFramework/Core/core-base/vendor/laravel/lumen-framework/src/Concerns/RoutesRequests.php(316): Laravel\\Lumen\\Application->callLumenController(Object(App\\Http\\Controllers\\Auth\\Register), 'register', Array)
#10 /Users/ifeoluwa/Documents/Apps/DorcasFramework/Core/core-base/vendor/laravel/lumen-framework/src/Concerns/RoutesRequests.php(278): Laravel\\Lumen\\Application->callControllerAction(Array)
#11 /Users/ifeoluwa/Documents/Apps/DorcasFramework/Core/core-base/vendor/laravel/lumen-framework/src/Concerns/RoutesRequests.php(263): Laravel\\Lumen\\Application->callActionOnArrayBasedRoute(Array)
#12 /Users/ifeoluwa/Documents/Apps/DorcasFramework/Core/core-base/vendor/laravel/lumen-framework/src/Concerns/RoutesRequests.php(165): Laravel\\Lumen\\Application->handleFoundRoute(Array)
#13 [internal function]: Laravel\\Lumen\\Application->Laravel\\Lumen\\Concerns\\{closure}(Object(Laravel\\Lumen\\Http\\Request))
#14 /Users/ifeoluwa/Documents/Apps/DorcasFramework/Core/core-base/vendor/laravel/lumen-framework/src/Routing/Pipeline.php(52): call_user_func(Object(Closure), Object(Laravel\\Lumen\\Http\\Request))
#15 /Users/ifeoluwa/Documents/Apps/DorcasFramework/Core/core-base/app/Http/Middleware/InstalledAppUserDataAccessGate.php(26): Laravel\\Lumen\\Routing\\Pipeline->Laravel\\Lumen\\Routing\\{closure}(Object(Laravel\\Lumen\\Http\\Request))
#16 /Users/ifeoluwa/Documents/Apps/DorcasFramework/Core/core-base/vendor/illuminate/pipeline/Pipeline.php(163): App\\Http\\Middleware\\InstalledAppUserDataAccessGate->handle(Object(Laravel\\Lumen\\Http\\Request), Object(Closure))
#17 [internal function]: Illuminate\\Pipeline\\Pipeline->Illuminate\\Pipeline\\{closure}(Object(Laravel\\Lumen\\Http\\Request))
#18 /Users/ifeoluwa/Documents/Apps/DorcasFramework/Core/core-base/vendor/laravel/lumen-framework/src/Routing/Pipeline.php(32): call_user_func(Object(Closure), Object(Laravel\\Lumen\\Http\\Request))
#19 /Users/ifeoluwa/Documents/Apps/DorcasFramework/Core/core-base/app/Http/Middleware/ResolveApplicationId.php(32): Laravel\\Lumen\\Routing\\Pipeline->Laravel\\Lumen\\Routing\\{closure}(Object(Laravel\\Lumen\\Http\\Request))
#20 /Users/ifeoluwa/Documents/Apps/DorcasFramework/Core/core-base/vendor/illuminate/pipeline/Pipeline.php(163): App\\Http\\Middleware\\ResolveApplicationId->handle(Object(Laravel\\Lumen\\Http\\Request), Object(Closure))
#21 [internal function]: Illuminate\\Pipeline\\Pipeline->Illuminate\\Pipeline\\{closure}(Object(Laravel\\Lumen\\Http\\Request))
#22 /Users/ifeoluwa/Documents/Apps/DorcasFramework/Core/core-base/vendor/laravel/lumen-framework/src/Routing/Pipeline.php(32): call_user_func(Object(Closure), Object(Laravel\\Lumen\\Http\\Request))
#23 /Users/ifeoluwa/Documents/Apps/DorcasFramework/Core/core-base/vendor/illuminate/pipeline/Pipeline.php(104): Laravel\\Lumen\\Routing\\Pipeline->Laravel\\Lumen\\Routing\\{closure}(Object(Laravel\\Lumen\\Http\\Request))
#24 /Users/ifeoluwa/Documents/Apps/DorcasFramework/Core/core-base/vendor/laravel/lumen-framework/src/Concerns/RoutesRequests.php(413): Illuminate\\Pipeline\\Pipeline->then(Object(Closure))
#25 /Users/ifeoluwa/Documents/Apps/DorcasFramework/Core/core-base/vendor/laravel/lumen-framework/src/Concerns/RoutesRequests.php(171): Laravel\\Lumen\\Application->sendThroughPipeline(Array, Object(Closure))
#26 /Users/ifeoluwa/Documents/Apps/DorcasFramework/Core/core-base/vendor/laravel/lumen-framework/src/Concerns/RoutesRequests.php(108): Laravel\\Lumen\\Application->dispatch(NULL)
#27 /Users/ifeoluwa/Documents/Apps/DorcasFramework/Core/core-base/public/index.php(28): Laravel\\Lumen\\Application->run()
#28 /Users/ifeoluwa/.composer/vendor/laravel/valet/server.php(214): require('/Users/ifeoluwa...')
#29 {main}
"} 
[2021-03-02 09:27:35] production.ERROR: Illuminate\Validation\ValidationException: The given data was invalid. in /Users/ifeoluwa/Documents/Apps/DorcasFramework/Core/core-base/vendor/laravel/lumen-framework/src/Routing/ProvidesConvenienceMethods.php:98
Stack trace:
#0 /Users/ifeoluwa/Documents/Apps/DorcasFramework/Core/core-base/vendor/laravel/lumen-framework/src/Routing/ProvidesConvenienceMethods.php(67): Laravel\Lumen\Routing\Controller->throwValidationException(Object(Laravel\Lumen\Http\Request), Object(Illuminate\Validation\Validator))
#1 /Users/ifeoluwa/Documents/Apps/DorcasFramework/Core/core-base/app/Http/Controllers/Auth/Register.php(35): Laravel\Lumen\Routing\Controller->validate(Object(Laravel\Lumen\Http\Request), Array)
#2 [internal function]: App\Http\Controllers\Auth\Register->register(Object(Laravel\Lumen\Http\Request), Object(League\Fractal\Manager))
#3 /Users/ifeoluwa/Documents/Apps/DorcasFramework/Core/core-base/vendor/illuminate/container/BoundMethod.php(32): call_user_func_array(Array, Array)
#4 /Users/ifeoluwa/Documents/Apps/DorcasFramework/Core/core-base/vendor/illuminate/container/BoundMethod.php(90): Illuminate\Container\BoundMethod::Illuminate\Container\{closure}()
#5 /Users/ifeoluwa/Documents/Apps/DorcasFramework/Core/core-base/vendor/illuminate/container/BoundMethod.php(34): Illuminate\Container\BoundMethod::callBoundMethod(Object(Laravel\Lumen\Application), Array, Object(Closure))
#6 /Users/ifeoluwa/Documents/Apps/DorcasFramework/Core/core-base/vendor/illuminate/container/Container.php(576): Illuminate\Container\BoundMethod::call(Object(Laravel\Lumen\Application), Array, Array, NULL)
#7 /Users/ifeoluwa/Documents/Apps/DorcasFramework/Core/core-base/vendor/laravel/lumen-framework/src/Concerns/RoutesRequests.php(376): Illuminate\Container\Container->call(Array, Array)
#8 /Users/ifeoluwa/Documents/Apps/DorcasFramework/Core/core-base/vendor/laravel/lumen-framework/src/Concerns/RoutesRequests.php(342): Laravel\Lumen\Application->callControllerCallable(Array, Array)
#9 /Users/ifeoluwa/Documents/Apps/DorcasFramework/Core/core-base/vendor/laravel/lumen-framework/src/Concerns/RoutesRequests.php(316): Laravel\Lumen\Application->callLumenController(Object(App\Http\Controllers\Auth\Register), 'register', Array)
#10 /Users/ifeoluwa/Documents/Apps/DorcasFramework/Core/core-base/vendor/laravel/lumen-framework/src/Concerns/RoutesRequests.php(278): Laravel\Lumen\Application->callControllerAction(Array)
#11 /Users/ifeoluwa/Documents/Apps/DorcasFramework/Core/core-base/vendor/laravel/lumen-framework/src/Concerns/RoutesRequests.php(263): Laravel\Lumen\Application->callActionOnArrayBasedRoute(Array)
#12 /Users/ifeoluwa/Documents/Apps/DorcasFramework/Core/core-base/vendor/laravel/lumen-framework/src/Concerns/RoutesRequests.php(165): Laravel\Lumen\Application->handleFoundRoute(Array)
#13 [internal function]: Laravel\Lumen\Application->Laravel\Lumen\Concerns\{closure}(Object(Laravel\Lumen\Http\Request))
#14 /Users/ifeoluwa/Documents/Apps/DorcasFramework/Core/core-base/vendor/laravel/lumen-framework/src/Routing/Pipeline.php(52): call_user_func(Object(Closure), Object(Laravel\Lumen\Http\Request))
#15 /Users/ifeoluwa/Documents/Apps/DorcasFramework/Core/core-base/app/Http/Middleware/InstalledAppUserDataAccessGate.php(26): Laravel\Lumen\Routing\Pipeline->Laravel\Lumen\Routing\{closure}(Object(Laravel\Lumen\Http\Request))
#16 /Users/ifeoluwa/Documents/Apps/DorcasFramework/Core/core-base/vendor/illuminate/pipeline/Pipeline.php(163): App\Http\Middleware\InstalledAppUserDataAccessGate->handle(Object(Laravel\Lumen\Http\Request), Object(Closure))
#17 [internal function]: Illuminate\Pipeline\Pipeline->Illuminate\Pipeline\{closure}(Object(Laravel\Lumen\Http\Request))
#18 /Users/ifeoluwa/Documents/Apps/DorcasFramework/Core/core-base/vendor/laravel/lumen-framework/src/Routing/Pipeline.php(32): call_user_func(Object(Closure), Object(Laravel\Lumen\Http\Request))
#19 /Users/ifeoluwa/Documents/Apps/DorcasFramework/Core/core-base/app/Http/Middleware/ResolveApplicationId.php(32): Laravel\Lumen\Routing\Pipeline->Laravel\Lumen\Routing\{closure}(Object(Laravel\Lumen\Http\Request))
#20 /Users/ifeoluwa/Documents/Apps/DorcasFramework/Core/core-base/vendor/illuminate/pipeline/Pipeline.php(163): App\Http\Middleware\ResolveApplicationId->handle(Object(Laravel\Lumen\Http\Request), Object(Closure))
#21 [internal function]: Illuminate\Pipeline\Pipeline->Illuminate\Pipeline\{closure}(Object(Laravel\Lumen\Http\Request))
#22 /Users/ifeoluwa/Documents/Apps/DorcasFramework/Core/core-base/vendor/laravel/lumen-framework/src/Routing/Pipeline.php(32): call_user_func(Object(Closure), Object(Laravel\Lumen\Http\Request))
#23 /Users/ifeoluwa/Documents/Apps/DorcasFramework/Core/core-base/vendor/illuminate/pipeline/Pipeline.php(104): Laravel\Lumen\Routing\Pipeline->Laravel\Lumen\Routing\{closure}(Object(Laravel\Lumen\Http\Request))
#24 /Users/ifeoluwa/Documents/Apps/DorcasFramework/Core/core-base/vendor/laravel/lumen-framework/src/Concerns/RoutesRequests.php(413): Illuminate\Pipeline\Pipeline->then(Object(Closure))
#25 /Users/ifeoluwa/Documents/Apps/DorcasFramework/Core/core-base/vendor/laravel/lumen-framework/src/Concerns/RoutesRequests.php(171): Laravel\Lumen\Application->sendThroughPipeline(Array, Object(Closure))
#26 /Users/ifeoluwa/Documents/Apps/DorcasFramework/Core/core-base/vendor/laravel/lumen-framework/src/Concerns/RoutesRequests.php(108): Laravel\Lumen\Application->dispatch(NULL)
#27 /Users/ifeoluwa/Documents/Apps/DorcasFramework/Core/core-base/public/index.php(28): Laravel\Lumen\Application->run()
#28 /Users/ifeoluwa/.composer/vendor/laravel/valet/server.php(214): require('/Users/ifeoluwa...')
#29 {main} {"exception":"[object] (Illuminate\\Validation\\ValidationException(code: 0): The given data was invalid. at /Users/ifeoluwa/Documents/Apps/DorcasFramework/Core/core-base/vendor/laravel/lumen-framework/src/Routing/ProvidesConvenienceMethods.php:98)
[stacktrace]
#0 /Users/ifeoluwa/Documents/Apps/DorcasFramework/Core/core-base/vendor/laravel/lumen-framework/src/Routing/ProvidesConvenienceMethods.php(67): Laravel\\Lumen\\Routing\\Controller->throwValidationException(Object(Laravel\\Lumen\\Http\\Request), Object(Illuminate\\Validation\\Validator))
#1 /Users/ifeoluwa/Documents/Apps/DorcasFramework/Core/core-base/app/Http/Controllers/Auth/Register.php(35): Laravel\\Lumen\\Routing\\Controller->validate(Object(Laravel\\Lumen\\Http\\Request), Array)
#2 [internal function]: App\\Http\\Controllers\\Auth\\Register->register(Object(Laravel\\Lumen\\Http\\Request), Object(League\\Fractal\\Manager))
#3 /Users/ifeoluwa/Documents/Apps/DorcasFramework/Core/core-base/vendor/illuminate/container/BoundMethod.php(32): call_user_func_array(Array, Array)
#4 /Users/ifeoluwa/Documents/Apps/DorcasFramework/Core/core-base/vendor/illuminate/container/BoundMethod.php(90): Illuminate\\Container\\BoundMethod::Illuminate\\Container\\{closure}()
#5 /Users/ifeoluwa/Documents/Apps/DorcasFramework/Core/core-base/vendor/illuminate/container/BoundMethod.php(34): Illuminate\\Container\\BoundMethod::callBoundMethod(Object(Laravel\\Lumen\\Application), Array, Object(Closure))
#6 /Users/ifeoluwa/Documents/Apps/DorcasFramework/Core/core-base/vendor/illuminate/container/Container.php(576): Illuminate\\Container\\BoundMethod::call(Object(Laravel\\Lumen\\Application), Array, Array, NULL)
#7 /Users/ifeoluwa/Documents/Apps/DorcasFramework/Core/core-base/vendor/laravel/lumen-framework/src/Concerns/RoutesRequests.php(376): Illuminate\\Container\\Container->call(Array, Array)
#8 /Users/ifeoluwa/Documents/Apps/DorcasFramework/Core/core-base/vendor/laravel/lumen-framework/src/Concerns/RoutesRequests.php(342): Laravel\\Lumen\\Application->callControllerCallable(Array, Array)
#9 /Users/ifeoluwa/Documents/Apps/DorcasFramework/Core/core-base/vendor/laravel/lumen-framework/src/Concerns/RoutesRequests.php(316): Laravel\\Lumen\\Application->callLumenController(Object(App\\Http\\Controllers\\Auth\\Register), 'register', Array)
#10 /Users/ifeoluwa/Documents/Apps/DorcasFramework/Core/core-base/vendor/laravel/lumen-framework/src/Concerns/RoutesRequests.php(278): Laravel\\Lumen\\Application->callControllerAction(Array)
#11 /Users/ifeoluwa/Documents/Apps/DorcasFramework/Core/core-base/vendor/laravel/lumen-framework/src/Concerns/RoutesRequests.php(263): Laravel\\Lumen\\Application->callActionOnArrayBasedRoute(Array)
#12 /Users/ifeoluwa/Documents/Apps/DorcasFramework/Core/core-base/vendor/laravel/lumen-framework/src/Concerns/RoutesRequests.php(165): Laravel\\Lumen\\Application->handleFoundRoute(Array)
#13 [internal function]: Laravel\\Lumen\\Application->Laravel\\Lumen\\Concerns\\{closure}(Object(Laravel\\Lumen\\Http\\Request))
#14 /Users/ifeoluwa/Documents/Apps/DorcasFramework/Core/core-base/vendor/laravel/lumen-framework/src/Routing/Pipeline.php(52): call_user_func(Object(Closure), Object(Laravel\\Lumen\\Http\\Request))
#15 /Users/ifeoluwa/Documents/Apps/DorcasFramework/Core/core-base/app/Http/Middleware/InstalledAppUserDataAccessGate.php(26): Laravel\\Lumen\\Routing\\Pipeline->Laravel\\Lumen\\Routing\\{closure}(Object(Laravel\\Lumen\\Http\\Request))
#16 /Users/ifeoluwa/Documents/Apps/DorcasFramework/Core/core-base/vendor/illuminate/pipeline/Pipeline.php(163): App\\Http\\Middleware\\InstalledAppUserDataAccessGate->handle(Object(Laravel\\Lumen\\Http\\Request), Object(Closure))
#17 [internal function]: Illuminate\\Pipeline\\Pipeline->Illuminate\\Pipeline\\{closure}(Object(Laravel\\Lumen\\Http\\Request))
#18 /Users/ifeoluwa/Documents/Apps/DorcasFramework/Core/core-base/vendor/laravel/lumen-framework/src/Routing/Pipeline.php(32): call_user_func(Object(Closure), Object(Laravel\\Lumen\\Http\\Request))
#19 /Users/ifeoluwa/Documents/Apps/DorcasFramework/Core/core-base/app/Http/Middleware/ResolveApplicationId.php(32): Laravel\\Lumen\\Routing\\Pipeline->Laravel\\Lumen\\Routing\\{closure}(Object(Laravel\\Lumen\\Http\\Request))
#20 /Users/ifeoluwa/Documents/Apps/DorcasFramework/Core/core-base/vendor/illuminate/pipeline/Pipeline.php(163): App\\Http\\Middleware\\ResolveApplicationId->handle(Object(Laravel\\Lumen\\Http\\Request), Object(Closure))
#21 [internal function]: Illuminate\\Pipeline\\Pipeline->Illuminate\\Pipeline\\{closure}(Object(Laravel\\Lumen\\Http\\Request))
#22 /Users/ifeoluwa/Documents/Apps/DorcasFramework/Core/core-base/vendor/laravel/lumen-framework/src/Routing/Pipeline.php(32): call_user_func(Object(Closure), Object(Laravel\\Lumen\\Http\\Request))
#23 /Users/ifeoluwa/Documents/Apps/DorcasFramework/Core/core-base/vendor/illuminate/pipeline/Pipeline.php(104): Laravel\\Lumen\\Routing\\Pipeline->Laravel\\Lumen\\Routing\\{closure}(Object(Laravel\\Lumen\\Http\\Request))
#24 /Users/ifeoluwa/Documents/Apps/DorcasFramework/Core/core-base/vendor/laravel/lumen-framework/src/Concerns/RoutesRequests.php(413): Illuminate\\Pipeline\\Pipeline->then(Object(Closure))
#25 /Users/ifeoluwa/Documents/Apps/DorcasFramework/Core/core-base/vendor/laravel/lumen-framework/src/Concerns/RoutesRequests.php(171): Laravel\\Lumen\\Application->sendThroughPipeline(Array, Object(Closure))
#26 /Users/ifeoluwa/Documents/Apps/DorcasFramework/Core/core-base/vendor/laravel/lumen-framework/src/Concerns/RoutesRequests.php(108): Laravel\\Lumen\\Application->dispatch(NULL)
#27 /Users/ifeoluwa/Documents/Apps/DorcasFramework/Core/core-base/public/index.php(28): Laravel\\Lumen\\Application->run()
#28 /Users/ifeoluwa/.composer/vendor/laravel/valet/server.php(214): require('/Users/ifeoluwa...')
#29 {main}
"} 
