[2021-01-19 10:30:17] local.ERROR: Symfony\Component\Debug\Exception\FatalThrowableError: Argument 2 passed to Illuminate\View\FileViewFinder::__construct() must be of the type array, null given, called in /Users/user/sites/EIC/Dorcas/business/dorcas-business-base/vendor/illuminate/view/ViewServiceProvider.php on line 77 in /Users/user/sites/EIC/Dorcas/business/dorcas-business-base/vendor/illuminate/view/FileViewFinder.php:53
Stack trace:
#0 /Users/user/sites/EIC/Dorcas/business/dorcas-business-base/vendor/illuminate/view/ViewServiceProvider.php(77): Illuminate\View\FileViewFinder->__construct(Object(Illuminate\Filesystem\Filesystem), NULL)
#1 /Users/user/sites/EIC/Dorcas/business/dorcas-business-base/vendor/illuminate/container/Container.php(785): Illuminate\View\ViewServiceProvider->Illuminate\View\{closure}(Object(Laravel\Lumen\Application), Array)
#2 /Users/user/sites/EIC/Dorcas/business/dorcas-business-base/vendor/illuminate/container/Container.php(667): Illuminate\Container\Container->build(Object(Closure))
#3 /Users/user/sites/EIC/Dorcas/business/dorcas-business-base/vendor/illuminate/container/Container.php(615): Illuminate\Container\Container->resolve('view.finder', Array)
#4 /Users/user/sites/EIC/Dorcas/business/dorcas-business-base/vendor/laravel/lumen-framework/src/Application.php(267): Illuminate\Container\Container->make('view.finder', Array)
#5 /Users/user/sites/EIC/Dorcas/business/dorcas-business-base/vendor/illuminate/container/Container.php(1227): Laravel\Lumen\Application->make('view.finder')
#6 /Users/user/sites/EIC/Dorcas/business/dorcas-business-base/vendor/illuminate/view/ViewServiceProvider.php(41): Illuminate\Container\Container->offsetGet('view.finder')
#7 /Users/user/sites/EIC/Dorcas/business/dorcas-business-base/vendor/illuminate/container/Container.php(785): Illuminate\View\ViewServiceProvider->Illuminate\View\{closure}(Object(Laravel\Lumen\Application), Array)
#8 /Users/user/sites/EIC/Dorcas/business/dorcas-business-base/vendor/illuminate/container/Container.php(667): Illuminate\Container\Container->build(Object(Closure))
#9 /Users/user/sites/EIC/Dorcas/business/dorcas-business-base/vendor/illuminate/container/Container.php(615): Illuminate\Container\Container->resolve('view', Array)
#10 /Users/user/sites/EIC/Dorcas/business/dorcas-business-base/vendor/laravel/lumen-framework/src/Application.php(267): Illuminate\Container\Container->make('view', Array)
#11 /Users/user/sites/EIC/Dorcas/business/dorcas-business-base/vendor/laravel/lumen-framework/src/Application.php(618): Laravel\Lumen\Application->make('view')
#12 /Users/user/sites/EIC/Dorcas/business/dorcas-business-base/vendor/laravel/lumen-framework/src/Application.php(598): Laravel\Lumen\Application->loadComponent('view', 'Illuminate\\View...')
#13 /Users/user/sites/EIC/Dorcas/business/dorcas-business-base/vendor/illuminate/container/Container.php(785): Laravel\Lumen\Application->Laravel\Lumen\{closure}(Object(Laravel\Lumen\Application), Array)
#14 /Users/user/sites/EIC/Dorcas/business/dorcas-business-base/vendor/illuminate/container/Container.php(667): Illuminate\Container\Container->build(Object(Closure))
#15 /Users/user/sites/EIC/Dorcas/business/dorcas-business-base/vendor/illuminate/container/Container.php(615): Illuminate\Container\Container->resolve('view', Array)
#16 /Users/user/sites/EIC/Dorcas/business/dorcas-business-base/vendor/laravel/lumen-framework/src/Application.php(267): Illuminate\Container\Container->make('view', Array)
#17 /Users/user/sites/EIC/Dorcas/business/dorcas-business-base/vendor/illuminate/container/Container.php(1227): Laravel\Lumen\Application->make('view')
#18 /Users/user/sites/EIC/Dorcas/business/dorcas-business-base/vendor/illuminate/support/ServiceProvider.php(105): Illuminate\Container\Container->offsetGet('view')
#19 /Users/user/sites/EIC/Dorcas/business/dorcas-business-base/vendor/illuminate/pagination/PaginationServiceProvider.php(16): Illuminate\Support\ServiceProvider->loadViewsFrom('/Users/user/sit...', 'pagination')
#20 [internal function]: Illuminate\Pagination\PaginationServiceProvider->boot()
#21 /Users/user/sites/EIC/Dorcas/business/dorcas-business-base/vendor/illuminate/container/BoundMethod.php(32): call_user_func_array(Array, Array)
#22 /Users/user/sites/EIC/Dorcas/business/dorcas-business-base/vendor/illuminate/container/BoundMethod.php(90): Illuminate\Container\BoundMethod::Illuminate\Container\{closure}()
#23 /Users/user/sites/EIC/Dorcas/business/dorcas-business-base/vendor/illuminate/container/BoundMethod.php(34): Illuminate\Container\BoundMethod::callBoundMethod(Object(Laravel\Lumen\Application), Array, Object(Closure))
#24 /Users/user/sites/EIC/Dorcas/business/dorcas-business-base/vendor/illuminate/container/Container.php(576): Illuminate\Container\BoundMethod::call(Object(Laravel\Lumen\Application), Array, Array, NULL)
#25 /Users/user/sites/EIC/Dorcas/business/dorcas-business-base/vendor/laravel/lumen-framework/src/Application.php(244): Illuminate\Container\Container->call(Array)
#26 /Users/user/sites/EIC/Dorcas/business/dorcas-business-base/vendor/laravel/lumen-framework/src/Application.php(229): Laravel\Lumen\Application->bootProvider(Object(Illuminate\Pagination\PaginationServiceProvider))
#27 [internal function]: Laravel\Lumen\Application->Laravel\Lumen\{closure}(Object(Illuminate\Pagination\PaginationServiceProvider), 'Illuminate\\Pagi...')
#28 /Users/user/sites/EIC/Dorcas/business/dorcas-business-base/vendor/laravel/lumen-framework/src/Application.php(230): array_walk(Array, Object(Closure))
#29 /Users/user/sites/EIC/Dorcas/business/dorcas-business-base/vendor/laravel/lumen-framework/src/Concerns/RoutesRequests.php(159): Laravel\Lumen\Application->boot()
#30 /Users/user/sites/EIC/Dorcas/business/dorcas-business-base/vendor/laravel/lumen-framework/src/Concerns/RoutesRequests.php(108): Laravel\Lumen\Application->dispatch(NULL)
#31 /Users/user/sites/EIC/Dorcas/business/dorcas-business-base/public/index.php(28): Laravel\Lumen\Application->run()
#32 {main} {"exception":"[object] (Symfony\\Component\\Debug\\Exception\\FatalThrowableError(code: 0): Argument 2 passed to Illuminate\\View\\FileViewFinder::__construct() must be of the type array, null given, called in /Users/user/sites/EIC/Dorcas/business/dorcas-business-base/vendor/illuminate/view/ViewServiceProvider.php on line 77 at /Users/user/sites/EIC/Dorcas/business/dorcas-business-base/vendor/illuminate/view/FileViewFinder.php:53)
[stacktrace]
#0 /Users/user/sites/EIC/Dorcas/business/dorcas-business-base/vendor/illuminate/view/ViewServiceProvider.php(77): Illuminate\\View\\FileViewFinder->__construct(Object(Illuminate\\Filesystem\\Filesystem), NULL)
#1 /Users/user/sites/EIC/Dorcas/business/dorcas-business-base/vendor/illuminate/container/Container.php(785): Illuminate\\View\\ViewServiceProvider->Illuminate\\View\\{closure}(Object(Laravel\\Lumen\\Application), Array)
#2 /Users/user/sites/EIC/Dorcas/business/dorcas-business-base/vendor/illuminate/container/Container.php(667): Illuminate\\Container\\Container->build(Object(Closure))
#3 /Users/user/sites/EIC/Dorcas/business/dorcas-business-base/vendor/illuminate/container/Container.php(615): Illuminate\\Container\\Container->resolve('view.finder', Array)
#4 /Users/user/sites/EIC/Dorcas/business/dorcas-business-base/vendor/laravel/lumen-framework/src/Application.php(267): Illuminate\\Container\\Container->make('view.finder', Array)
#5 /Users/user/sites/EIC/Dorcas/business/dorcas-business-base/vendor/illuminate/container/Container.php(1227): Laravel\\Lumen\\Application->make('view.finder')
#6 /Users/user/sites/EIC/Dorcas/business/dorcas-business-base/vendor/illuminate/view/ViewServiceProvider.php(41): Illuminate\\Container\\Container->offsetGet('view.finder')
#7 /Users/user/sites/EIC/Dorcas/business/dorcas-business-base/vendor/illuminate/container/Container.php(785): Illuminate\\View\\ViewServiceProvider->Illuminate\\View\\{closure}(Object(Laravel\\Lumen\\Application), Array)
#8 /Users/user/sites/EIC/Dorcas/business/dorcas-business-base/vendor/illuminate/container/Container.php(667): Illuminate\\Container\\Container->build(Object(Closure))
#9 /Users/user/sites/EIC/Dorcas/business/dorcas-business-base/vendor/illuminate/container/Container.php(615): Illuminate\\Container\\Container->resolve('view', Array)
#10 /Users/user/sites/EIC/Dorcas/business/dorcas-business-base/vendor/laravel/lumen-framework/src/Application.php(267): Illuminate\\Container\\Container->make('view', Array)
#11 /Users/user/sites/EIC/Dorcas/business/dorcas-business-base/vendor/laravel/lumen-framework/src/Application.php(618): Laravel\\Lumen\\Application->make('view')
#12 /Users/user/sites/EIC/Dorcas/business/dorcas-business-base/vendor/laravel/lumen-framework/src/Application.php(598): Laravel\\Lumen\\Application->loadComponent('view', 'Illuminate\\\\View...')
#13 /Users/user/sites/EIC/Dorcas/business/dorcas-business-base/vendor/illuminate/container/Container.php(785): Laravel\\Lumen\\Application->Laravel\\Lumen\\{closure}(Object(Laravel\\Lumen\\Application), Array)
#14 /Users/user/sites/EIC/Dorcas/business/dorcas-business-base/vendor/illuminate/container/Container.php(667): Illuminate\\Container\\Container->build(Object(Closure))
#15 /Users/user/sites/EIC/Dorcas/business/dorcas-business-base/vendor/illuminate/container/Container.php(615): Illuminate\\Container\\Container->resolve('view', Array)
#16 /Users/user/sites/EIC/Dorcas/business/dorcas-business-base/vendor/laravel/lumen-framework/src/Application.php(267): Illuminate\\Container\\Container->make('view', Array)
#17 /Users/user/sites/EIC/Dorcas/business/dorcas-business-base/vendor/illuminate/container/Container.php(1227): Laravel\\Lumen\\Application->make('view')
#18 /Users/user/sites/EIC/Dorcas/business/dorcas-business-base/vendor/illuminate/support/ServiceProvider.php(105): Illuminate\\Container\\Container->offsetGet('view')
#19 /Users/user/sites/EIC/Dorcas/business/dorcas-business-base/vendor/illuminate/pagination/PaginationServiceProvider.php(16): Illuminate\\Support\\ServiceProvider->loadViewsFrom('/Users/user/sit...', 'pagination')
#20 [internal function]: Illuminate\\Pagination\\PaginationServiceProvider->boot()
#21 /Users/user/sites/EIC/Dorcas/business/dorcas-business-base/vendor/illuminate/container/BoundMethod.php(32): call_user_func_array(Array, Array)
#22 /Users/user/sites/EIC/Dorcas/business/dorcas-business-base/vendor/illuminate/container/BoundMethod.php(90): Illuminate\\Container\\BoundMethod::Illuminate\\Container\\{closure}()
#23 /Users/user/sites/EIC/Dorcas/business/dorcas-business-base/vendor/illuminate/container/BoundMethod.php(34): Illuminate\\Container\\BoundMethod::callBoundMethod(Object(Laravel\\Lumen\\Application), Array, Object(Closure))
#24 /Users/user/sites/EIC/Dorcas/business/dorcas-business-base/vendor/illuminate/container/Container.php(576): Illuminate\\Container\\BoundMethod::call(Object(Laravel\\Lumen\\Application), Array, Array, NULL)
#25 /Users/user/sites/EIC/Dorcas/business/dorcas-business-base/vendor/laravel/lumen-framework/src/Application.php(244): Illuminate\\Container\\Container->call(Array)
#26 /Users/user/sites/EIC/Dorcas/business/dorcas-business-base/vendor/laravel/lumen-framework/src/Application.php(229): Laravel\\Lumen\\Application->bootProvider(Object(Illuminate\\Pagination\\PaginationServiceProvider))
#27 [internal function]: Laravel\\Lumen\\Application->Laravel\\Lumen\\{closure}(Object(Illuminate\\Pagination\\PaginationServiceProvider), 'Illuminate\\\\Pagi...')
#28 /Users/user/sites/EIC/Dorcas/business/dorcas-business-base/vendor/laravel/lumen-framework/src/Application.php(230): array_walk(Array, Object(Closure))
#29 /Users/user/sites/EIC/Dorcas/business/dorcas-business-base/vendor/laravel/lumen-framework/src/Concerns/RoutesRequests.php(159): Laravel\\Lumen\\Application->boot()
#30 /Users/user/sites/EIC/Dorcas/business/dorcas-business-base/vendor/laravel/lumen-framework/src/Concerns/RoutesRequests.php(108): Laravel\\Lumen\\Application->dispatch(NULL)
#31 /Users/user/sites/EIC/Dorcas/business/dorcas-business-base/public/index.php(28): Laravel\\Lumen\\Application->run()
#32 {main}
"} 
[2021-01-19 10:33:56] local.ERROR: Symfony\Component\Debug\Exception\FatalThrowableError: Argument 2 passed to Illuminate\View\FileViewFinder::__construct() must be of the type array, null given, called in /Users/user/sites/EIC/Dorcas/business/dorcas-business-base/vendor/illuminate/view/ViewServiceProvider.php on line 77 in /Users/user/sites/EIC/Dorcas/business/dorcas-business-base/vendor/illuminate/view/FileViewFinder.php:53
Stack trace:
#0 /Users/user/sites/EIC/Dorcas/business/dorcas-business-base/vendor/illuminate/view/ViewServiceProvider.php(77): Illuminate\View\FileViewFinder->__construct(Object(Illuminate\Filesystem\Filesystem), NULL)
#1 /Users/user/sites/EIC/Dorcas/business/dorcas-business-base/vendor/illuminate/container/Container.php(785): Illuminate\View\ViewServiceProvider->Illuminate\View\{closure}(Object(Laravel\Lumen\Application), Array)
#2 /Users/user/sites/EIC/Dorcas/business/dorcas-business-base/vendor/illuminate/container/Container.php(667): Illuminate\Container\Container->build(Object(Closure))
#3 /Users/user/sites/EIC/Dorcas/business/dorcas-business-base/vendor/illuminate/container/Container.php(615): Illuminate\Container\Container->resolve('view.finder', Array)
#4 /Users/user/sites/EIC/Dorcas/business/dorcas-business-base/vendor/laravel/lumen-framework/src/Application.php(267): Illuminate\Container\Container->make('view.finder', Array)
#5 /Users/user/sites/EIC/Dorcas/business/dorcas-business-base/vendor/illuminate/container/Container.php(1227): Laravel\Lumen\Application->make('view.finder')
#6 /Users/user/sites/EIC/Dorcas/business/dorcas-business-base/vendor/illuminate/view/ViewServiceProvider.php(41): Illuminate\Container\Container->offsetGet('view.finder')
#7 /Users/user/sites/EIC/Dorcas/business/dorcas-business-base/vendor/illuminate/container/Container.php(785): Illuminate\View\ViewServiceProvider->Illuminate\View\{closure}(Object(Laravel\Lumen\Application), Array)
#8 /Users/user/sites/EIC/Dorcas/business/dorcas-business-base/vendor/illuminate/container/Container.php(667): Illuminate\Container\Container->build(Object(Closure))
#9 /Users/user/sites/EIC/Dorcas/business/dorcas-business-base/vendor/illuminate/container/Container.php(615): Illuminate\Container\Container->resolve('view', Array)
#10 /Users/user/sites/EIC/Dorcas/business/dorcas-business-base/vendor/laravel/lumen-framework/src/Application.php(267): Illuminate\Container\Container->make('view', Array)
#11 /Users/user/sites/EIC/Dorcas/business/dorcas-business-base/vendor/laravel/lumen-framework/src/Application.php(618): Laravel\Lumen\Application->make('view')
#12 /Users/user/sites/EIC/Dorcas/business/dorcas-business-base/vendor/laravel/lumen-framework/src/Application.php(598): Laravel\Lumen\Application->loadComponent('view', 'Illuminate\\View...')
#13 /Users/user/sites/EIC/Dorcas/business/dorcas-business-base/vendor/illuminate/container/Container.php(785): Laravel\Lumen\Application->Laravel\Lumen\{closure}(Object(Laravel\Lumen\Application), Array)
#14 /Users/user/sites/EIC/Dorcas/business/dorcas-business-base/vendor/illuminate/container/Container.php(667): Illuminate\Container\Container->build(Object(Closure))
#15 /Users/user/sites/EIC/Dorcas/business/dorcas-business-base/vendor/illuminate/container/Container.php(615): Illuminate\Container\Container->resolve('view', Array)
#16 /Users/user/sites/EIC/Dorcas/business/dorcas-business-base/vendor/laravel/lumen-framework/src/Application.php(267): Illuminate\Container\Container->make('view', Array)
#17 /Users/user/sites/EIC/Dorcas/business/dorcas-business-base/vendor/illuminate/container/Container.php(1227): Laravel\Lumen\Application->make('view')
#18 /Users/user/sites/EIC/Dorcas/business/dorcas-business-base/vendor/illuminate/support/ServiceProvider.php(105): Illuminate\Container\Container->offsetGet('view')
#19 /Users/user/sites/EIC/Dorcas/business/dorcas-business-base/vendor/illuminate/pagination/PaginationServiceProvider.php(16): Illuminate\Support\ServiceProvider->loadViewsFrom('/Users/user/sit...', 'pagination')
#20 [internal function]: Illuminate\Pagination\PaginationServiceProvider->boot()
#21 /Users/user/sites/EIC/Dorcas/business/dorcas-business-base/vendor/illuminate/container/BoundMethod.php(32): call_user_func_array(Array, Array)
#22 /Users/user/sites/EIC/Dorcas/business/dorcas-business-base/vendor/illuminate/container/BoundMethod.php(90): Illuminate\Container\BoundMethod::Illuminate\Container\{closure}()
#23 /Users/user/sites/EIC/Dorcas/business/dorcas-business-base/vendor/illuminate/container/BoundMethod.php(34): Illuminate\Container\BoundMethod::callBoundMethod(Object(Laravel\Lumen\Application), Array, Object(Closure))
#24 /Users/user/sites/EIC/Dorcas/business/dorcas-business-base/vendor/illuminate/container/Container.php(576): Illuminate\Container\BoundMethod::call(Object(Laravel\Lumen\Application), Array, Array, NULL)
#25 /Users/user/sites/EIC/Dorcas/business/dorcas-business-base/vendor/laravel/lumen-framework/src/Application.php(244): Illuminate\Container\Container->call(Array)
#26 /Users/user/sites/EIC/Dorcas/business/dorcas-business-base/vendor/laravel/lumen-framework/src/Application.php(229): Laravel\Lumen\Application->bootProvider(Object(Illuminate\Pagination\PaginationServiceProvider))
#27 [internal function]: Laravel\Lumen\Application->Laravel\Lumen\{closure}(Object(Illuminate\Pagination\PaginationServiceProvider), 'Illuminate\\Pagi...')
#28 /Users/user/sites/EIC/Dorcas/business/dorcas-business-base/vendor/laravel/lumen-framework/src/Application.php(230): array_walk(Array, Object(Closure))
#29 /Users/user/sites/EIC/Dorcas/business/dorcas-business-base/vendor/laravel/lumen-framework/src/Concerns/RoutesRequests.php(159): Laravel\Lumen\Application->boot()
#30 /Users/user/sites/EIC/Dorcas/business/dorcas-business-base/vendor/laravel/lumen-framework/src/Concerns/RoutesRequests.php(108): Laravel\Lumen\Application->dispatch(NULL)
#31 /Users/user/sites/EIC/Dorcas/business/dorcas-business-base/public/index.php(28): Laravel\Lumen\Application->run()
#32 {main} {"exception":"[object] (Symfony\\Component\\Debug\\Exception\\FatalThrowableError(code: 0): Argument 2 passed to Illuminate\\View\\FileViewFinder::__construct() must be of the type array, null given, called in /Users/user/sites/EIC/Dorcas/business/dorcas-business-base/vendor/illuminate/view/ViewServiceProvider.php on line 77 at /Users/user/sites/EIC/Dorcas/business/dorcas-business-base/vendor/illuminate/view/FileViewFinder.php:53)
[stacktrace]
#0 /Users/user/sites/EIC/Dorcas/business/dorcas-business-base/vendor/illuminate/view/ViewServiceProvider.php(77): Illuminate\\View\\FileViewFinder->__construct(Object(Illuminate\\Filesystem\\Filesystem), NULL)
#1 /Users/user/sites/EIC/Dorcas/business/dorcas-business-base/vendor/illuminate/container/Container.php(785): Illuminate\\View\\ViewServiceProvider->Illuminate\\View\\{closure}(Object(Laravel\\Lumen\\Application), Array)
#2 /Users/user/sites/EIC/Dorcas/business/dorcas-business-base/vendor/illuminate/container/Container.php(667): Illuminate\\Container\\Container->build(Object(Closure))
#3 /Users/user/sites/EIC/Dorcas/business/dorcas-business-base/vendor/illuminate/container/Container.php(615): Illuminate\\Container\\Container->resolve('view.finder', Array)
#4 /Users/user/sites/EIC/Dorcas/business/dorcas-business-base/vendor/laravel/lumen-framework/src/Application.php(267): Illuminate\\Container\\Container->make('view.finder', Array)
#5 /Users/user/sites/EIC/Dorcas/business/dorcas-business-base/vendor/illuminate/container/Container.php(1227): Laravel\\Lumen\\Application->make('view.finder')
#6 /Users/user/sites/EIC/Dorcas/business/dorcas-business-base/vendor/illuminate/view/ViewServiceProvider.php(41): Illuminate\\Container\\Container->offsetGet('view.finder')
#7 /Users/user/sites/EIC/Dorcas/business/dorcas-business-base/vendor/illuminate/container/Container.php(785): Illuminate\\View\\ViewServiceProvider->Illuminate\\View\\{closure}(Object(Laravel\\Lumen\\Application), Array)
#8 /Users/user/sites/EIC/Dorcas/business/dorcas-business-base/vendor/illuminate/container/Container.php(667): Illuminate\\Container\\Container->build(Object(Closure))
#9 /Users/user/sites/EIC/Dorcas/business/dorcas-business-base/vendor/illuminate/container/Container.php(615): Illuminate\\Container\\Container->resolve('view', Array)
#10 /Users/user/sites/EIC/Dorcas/business/dorcas-business-base/vendor/laravel/lumen-framework/src/Application.php(267): Illuminate\\Container\\Container->make('view', Array)
#11 /Users/user/sites/EIC/Dorcas/business/dorcas-business-base/vendor/laravel/lumen-framework/src/Application.php(618): Laravel\\Lumen\\Application->make('view')
#12 /Users/user/sites/EIC/Dorcas/business/dorcas-business-base/vendor/laravel/lumen-framework/src/Application.php(598): Laravel\\Lumen\\Application->loadComponent('view', 'Illuminate\\\\View...')
#13 /Users/user/sites/EIC/Dorcas/business/dorcas-business-base/vendor/illuminate/container/Container.php(785): Laravel\\Lumen\\Application->Laravel\\Lumen\\{closure}(Object(Laravel\\Lumen\\Application), Array)
#14 /Users/user/sites/EIC/Dorcas/business/dorcas-business-base/vendor/illuminate/container/Container.php(667): Illuminate\\Container\\Container->build(Object(Closure))
#15 /Users/user/sites/EIC/Dorcas/business/dorcas-business-base/vendor/illuminate/container/Container.php(615): Illuminate\\Container\\Container->resolve('view', Array)
#16 /Users/user/sites/EIC/Dorcas/business/dorcas-business-base/vendor/laravel/lumen-framework/src/Application.php(267): Illuminate\\Container\\Container->make('view', Array)
#17 /Users/user/sites/EIC/Dorcas/business/dorcas-business-base/vendor/illuminate/container/Container.php(1227): Laravel\\Lumen\\Application->make('view')
#18 /Users/user/sites/EIC/Dorcas/business/dorcas-business-base/vendor/illuminate/support/ServiceProvider.php(105): Illuminate\\Container\\Container->offsetGet('view')
#19 /Users/user/sites/EIC/Dorcas/business/dorcas-business-base/vendor/illuminate/pagination/PaginationServiceProvider.php(16): Illuminate\\Support\\ServiceProvider->loadViewsFrom('/Users/user/sit...', 'pagination')
#20 [internal function]: Illuminate\\Pagination\\PaginationServiceProvider->boot()
#21 /Users/user/sites/EIC/Dorcas/business/dorcas-business-base/vendor/illuminate/container/BoundMethod.php(32): call_user_func_array(Array, Array)
#22 /Users/user/sites/EIC/Dorcas/business/dorcas-business-base/vendor/illuminate/container/BoundMethod.php(90): Illuminate\\Container\\BoundMethod::Illuminate\\Container\\{closure}()
#23 /Users/user/sites/EIC/Dorcas/business/dorcas-business-base/vendor/illuminate/container/BoundMethod.php(34): Illuminate\\Container\\BoundMethod::callBoundMethod(Object(Laravel\\Lumen\\Application), Array, Object(Closure))
#24 /Users/user/sites/EIC/Dorcas/business/dorcas-business-base/vendor/illuminate/container/Container.php(576): Illuminate\\Container\\BoundMethod::call(Object(Laravel\\Lumen\\Application), Array, Array, NULL)
#25 /Users/user/sites/EIC/Dorcas/business/dorcas-business-base/vendor/laravel/lumen-framework/src/Application.php(244): Illuminate\\Container\\Container->call(Array)
#26 /Users/user/sites/EIC/Dorcas/business/dorcas-business-base/vendor/laravel/lumen-framework/src/Application.php(229): Laravel\\Lumen\\Application->bootProvider(Object(Illuminate\\Pagination\\PaginationServiceProvider))
#27 [internal function]: Laravel\\Lumen\\Application->Laravel\\Lumen\\{closure}(Object(Illuminate\\Pagination\\PaginationServiceProvider), 'Illuminate\\\\Pagi...')
#28 /Users/user/sites/EIC/Dorcas/business/dorcas-business-base/vendor/laravel/lumen-framework/src/Application.php(230): array_walk(Array, Object(Closure))
#29 /Users/user/sites/EIC/Dorcas/business/dorcas-business-base/vendor/laravel/lumen-framework/src/Concerns/RoutesRequests.php(159): Laravel\\Lumen\\Application->boot()
#30 /Users/user/sites/EIC/Dorcas/business/dorcas-business-base/vendor/laravel/lumen-framework/src/Concerns/RoutesRequests.php(108): Laravel\\Lumen\\Application->dispatch(NULL)
#31 /Users/user/sites/EIC/Dorcas/business/dorcas-business-base/public/index.php(28): Laravel\\Lumen\\Application->run()
#32 {main}
"} 
[2021-01-19 10:37:32] local.ERROR: Symfony\Component\Debug\Exception\FatalThrowableError: Argument 2 passed to Illuminate\View\FileViewFinder::__construct() must be of the type array, null given, called in /Users/user/sites/EIC/Dorcas/business/dorcas-business-base/vendor/illuminate/view/ViewServiceProvider.php on line 77 in /Users/user/sites/EIC/Dorcas/business/dorcas-business-base/vendor/illuminate/view/FileViewFinder.php:53
Stack trace:
#0 /Users/user/sites/EIC/Dorcas/business/dorcas-business-base/vendor/illuminate/view/ViewServiceProvider.php(77): Illuminate\View\FileViewFinder->__construct(Object(Illuminate\Filesystem\Filesystem), NULL)
#1 /Users/user/sites/EIC/Dorcas/business/dorcas-business-base/vendor/illuminate/container/Container.php(785): Illuminate\View\ViewServiceProvider->Illuminate\View\{closure}(Object(Laravel\Lumen\Application), Array)
#2 /Users/user/sites/EIC/Dorcas/business/dorcas-business-base/vendor/illuminate/container/Container.php(667): Illuminate\Container\Container->build(Object(Closure))
#3 /Users/user/sites/EIC/Dorcas/business/dorcas-business-base/vendor/illuminate/container/Container.php(615): Illuminate\Container\Container->resolve('view.finder', Array)
#4 /Users/user/sites/EIC/Dorcas/business/dorcas-business-base/vendor/laravel/lumen-framework/src/Application.php(267): Illuminate\Container\Container->make('view.finder', Array)
#5 /Users/user/sites/EIC/Dorcas/business/dorcas-business-base/vendor/illuminate/container/Container.php(1227): Laravel\Lumen\Application->make('view.finder')
#6 /Users/user/sites/EIC/Dorcas/business/dorcas-business-base/vendor/illuminate/view/ViewServiceProvider.php(41): Illuminate\Container\Container->offsetGet('view.finder')
#7 /Users/user/sites/EIC/Dorcas/business/dorcas-business-base/vendor/illuminate/container/Container.php(785): Illuminate\View\ViewServiceProvider->Illuminate\View\{closure}(Object(Laravel\Lumen\Application), Array)
#8 /Users/user/sites/EIC/Dorcas/business/dorcas-business-base/vendor/illuminate/container/Container.php(667): Illuminate\Container\Container->build(Object(Closure))
#9 /Users/user/sites/EIC/Dorcas/business/dorcas-business-base/vendor/illuminate/container/Container.php(615): Illuminate\Container\Container->resolve('view', Array)
#10 /Users/user/sites/EIC/Dorcas/business/dorcas-business-base/vendor/laravel/lumen-framework/src/Application.php(267): Illuminate\Container\Container->make('view', Array)
#11 /Users/user/sites/EIC/Dorcas/business/dorcas-business-base/vendor/laravel/lumen-framework/src/Application.php(618): Laravel\Lumen\Application->make('view')
#12 /Users/user/sites/EIC/Dorcas/business/dorcas-business-base/vendor/laravel/lumen-framework/src/Application.php(598): Laravel\Lumen\Application->loadComponent('view', 'Illuminate\\View...')
#13 /Users/user/sites/EIC/Dorcas/business/dorcas-business-base/vendor/illuminate/container/Container.php(785): Laravel\Lumen\Application->Laravel\Lumen\{closure}(Object(Laravel\Lumen\Application), Array)
#14 /Users/user/sites/EIC/Dorcas/business/dorcas-business-base/vendor/illuminate/container/Container.php(667): Illuminate\Container\Container->build(Object(Closure))
#15 /Users/user/sites/EIC/Dorcas/business/dorcas-business-base/vendor/illuminate/container/Container.php(615): Illuminate\Container\Container->resolve('view', Array)
#16 /Users/user/sites/EIC/Dorcas/business/dorcas-business-base/vendor/laravel/lumen-framework/src/Application.php(267): Illuminate\Container\Container->make('view', Array)
#17 /Users/user/sites/EIC/Dorcas/business/dorcas-business-base/vendor/illuminate/container/Container.php(1227): Laravel\Lumen\Application->make('view')
#18 /Users/user/sites/EIC/Dorcas/business/dorcas-business-base/vendor/illuminate/support/ServiceProvider.php(105): Illuminate\Container\Container->offsetGet('view')
#19 /Users/user/sites/EIC/Dorcas/business/dorcas-business-base/vendor/illuminate/pagination/PaginationServiceProvider.php(16): Illuminate\Support\ServiceProvider->loadViewsFrom('/Users/user/sit...', 'pagination')
#20 [internal function]: Illuminate\Pagination\PaginationServiceProvider->boot()
#21 /Users/user/sites/EIC/Dorcas/business/dorcas-business-base/vendor/illuminate/container/BoundMethod.php(32): call_user_func_array(Array, Array)
#22 /Users/user/sites/EIC/Dorcas/business/dorcas-business-base/vendor/illuminate/container/BoundMethod.php(90): Illuminate\Container\BoundMethod::Illuminate\Container\{closure}()
#23 /Users/user/sites/EIC/Dorcas/business/dorcas-business-base/vendor/illuminate/container/BoundMethod.php(34): Illuminate\Container\BoundMethod::callBoundMethod(Object(Laravel\Lumen\Application), Array, Object(Closure))
#24 /Users/user/sites/EIC/Dorcas/business/dorcas-business-base/vendor/illuminate/container/Container.php(576): Illuminate\Container\BoundMethod::call(Object(Laravel\Lumen\Application), Array, Array, NULL)
#25 /Users/user/sites/EIC/Dorcas/business/dorcas-business-base/vendor/laravel/lumen-framework/src/Application.php(244): Illuminate\Container\Container->call(Array)
#26 /Users/user/sites/EIC/Dorcas/business/dorcas-business-base/vendor/laravel/lumen-framework/src/Application.php(229): Laravel\Lumen\Application->bootProvider(Object(Illuminate\Pagination\PaginationServiceProvider))
#27 [internal function]: Laravel\Lumen\Application->Laravel\Lumen\{closure}(Object(Illuminate\Pagination\PaginationServiceProvider), 'Illuminate\\Pagi...')
#28 /Users/user/sites/EIC/Dorcas/business/dorcas-business-base/vendor/laravel/lumen-framework/src/Application.php(230): array_walk(Array, Object(Closure))
#29 /Users/user/sites/EIC/Dorcas/business/dorcas-business-base/vendor/laravel/lumen-framework/src/Concerns/RoutesRequests.php(159): Laravel\Lumen\Application->boot()
#30 /Users/user/sites/EIC/Dorcas/business/dorcas-business-base/vendor/laravel/lumen-framework/src/Concerns/RoutesRequests.php(108): Laravel\Lumen\Application->dispatch(NULL)
#31 /Users/user/sites/EIC/Dorcas/business/dorcas-business-base/public/index.php(28): Laravel\Lumen\Application->run()
#32 {main} {"exception":"[object] (Symfony\\Component\\Debug\\Exception\\FatalThrowableError(code: 0): Argument 2 passed to Illuminate\\View\\FileViewFinder::__construct() must be of the type array, null given, called in /Users/user/sites/EIC/Dorcas/business/dorcas-business-base/vendor/illuminate/view/ViewServiceProvider.php on line 77 at /Users/user/sites/EIC/Dorcas/business/dorcas-business-base/vendor/illuminate/view/FileViewFinder.php:53)
[stacktrace]
#0 /Users/user/sites/EIC/Dorcas/business/dorcas-business-base/vendor/illuminate/view/ViewServiceProvider.php(77): Illuminate\\View\\FileViewFinder->__construct(Object(Illuminate\\Filesystem\\Filesystem), NULL)
#1 /Users/user/sites/EIC/Dorcas/business/dorcas-business-base/vendor/illuminate/container/Container.php(785): Illuminate\\View\\ViewServiceProvider->Illuminate\\View\\{closure}(Object(Laravel\\Lumen\\Application), Array)
#2 /Users/user/sites/EIC/Dorcas/business/dorcas-business-base/vendor/illuminate/container/Container.php(667): Illuminate\\Container\\Container->build(Object(Closure))
#3 /Users/user/sites/EIC/Dorcas/business/dorcas-business-base/vendor/illuminate/container/Container.php(615): Illuminate\\Container\\Container->resolve('view.finder', Array)
#4 /Users/user/sites/EIC/Dorcas/business/dorcas-business-base/vendor/laravel/lumen-framework/src/Application.php(267): Illuminate\\Container\\Container->make('view.finder', Array)
#5 /Users/user/sites/EIC/Dorcas/business/dorcas-business-base/vendor/illuminate/container/Container.php(1227): Laravel\\Lumen\\Application->make('view.finder')
#6 /Users/user/sites/EIC/Dorcas/business/dorcas-business-base/vendor/illuminate/view/ViewServiceProvider.php(41): Illuminate\\Container\\Container->offsetGet('view.finder')
#7 /Users/user/sites/EIC/Dorcas/business/dorcas-business-base/vendor/illuminate/container/Container.php(785): Illuminate\\View\\ViewServiceProvider->Illuminate\\View\\{closure}(Object(Laravel\\Lumen\\Application), Array)
#8 /Users/user/sites/EIC/Dorcas/business/dorcas-business-base/vendor/illuminate/container/Container.php(667): Illuminate\\Container\\Container->build(Object(Closure))
#9 /Users/user/sites/EIC/Dorcas/business/dorcas-business-base/vendor/illuminate/container/Container.php(615): Illuminate\\Container\\Container->resolve('view', Array)
#10 /Users/user/sites/EIC/Dorcas/business/dorcas-business-base/vendor/laravel/lumen-framework/src/Application.php(267): Illuminate\\Container\\Container->make('view', Array)
#11 /Users/user/sites/EIC/Dorcas/business/dorcas-business-base/vendor/laravel/lumen-framework/src/Application.php(618): Laravel\\Lumen\\Application->make('view')
#12 /Users/user/sites/EIC/Dorcas/business/dorcas-business-base/vendor/laravel/lumen-framework/src/Application.php(598): Laravel\\Lumen\\Application->loadComponent('view', 'Illuminate\\\\View...')
#13 /Users/user/sites/EIC/Dorcas/business/dorcas-business-base/vendor/illuminate/container/Container.php(785): Laravel\\Lumen\\Application->Laravel\\Lumen\\{closure}(Object(Laravel\\Lumen\\Application), Array)
#14 /Users/user/sites/EIC/Dorcas/business/dorcas-business-base/vendor/illuminate/container/Container.php(667): Illuminate\\Container\\Container->build(Object(Closure))
#15 /Users/user/sites/EIC/Dorcas/business/dorcas-business-base/vendor/illuminate/container/Container.php(615): Illuminate\\Container\\Container->resolve('view', Array)
#16 /Users/user/sites/EIC/Dorcas/business/dorcas-business-base/vendor/laravel/lumen-framework/src/Application.php(267): Illuminate\\Container\\Container->make('view', Array)
#17 /Users/user/sites/EIC/Dorcas/business/dorcas-business-base/vendor/illuminate/container/Container.php(1227): Laravel\\Lumen\\Application->make('view')
#18 /Users/user/sites/EIC/Dorcas/business/dorcas-business-base/vendor/illuminate/support/ServiceProvider.php(105): Illuminate\\Container\\Container->offsetGet('view')
#19 /Users/user/sites/EIC/Dorcas/business/dorcas-business-base/vendor/illuminate/pagination/PaginationServiceProvider.php(16): Illuminate\\Support\\ServiceProvider->loadViewsFrom('/Users/user/sit...', 'pagination')
#20 [internal function]: Illuminate\\Pagination\\PaginationServiceProvider->boot()
#21 /Users/user/sites/EIC/Dorcas/business/dorcas-business-base/vendor/illuminate/container/BoundMethod.php(32): call_user_func_array(Array, Array)
#22 /Users/user/sites/EIC/Dorcas/business/dorcas-business-base/vendor/illuminate/container/BoundMethod.php(90): Illuminate\\Container\\BoundMethod::Illuminate\\Container\\{closure}()
#23 /Users/user/sites/EIC/Dorcas/business/dorcas-business-base/vendor/illuminate/container/BoundMethod.php(34): Illuminate\\Container\\BoundMethod::callBoundMethod(Object(Laravel\\Lumen\\Application), Array, Object(Closure))
#24 /Users/user/sites/EIC/Dorcas/business/dorcas-business-base/vendor/illuminate/container/Container.php(576): Illuminate\\Container\\BoundMethod::call(Object(Laravel\\Lumen\\Application), Array, Array, NULL)
#25 /Users/user/sites/EIC/Dorcas/business/dorcas-business-base/vendor/laravel/lumen-framework/src/Application.php(244): Illuminate\\Container\\Container->call(Array)
#26 /Users/user/sites/EIC/Dorcas/business/dorcas-business-base/vendor/laravel/lumen-framework/src/Application.php(229): Laravel\\Lumen\\Application->bootProvider(Object(Illuminate\\Pagination\\PaginationServiceProvider))
#27 [internal function]: Laravel\\Lumen\\Application->Laravel\\Lumen\\{closure}(Object(Illuminate\\Pagination\\PaginationServiceProvider), 'Illuminate\\\\Pagi...')
#28 /Users/user/sites/EIC/Dorcas/business/dorcas-business-base/vendor/laravel/lumen-framework/src/Application.php(230): array_walk(Array, Object(Closure))
#29 /Users/user/sites/EIC/Dorcas/business/dorcas-business-base/vendor/laravel/lumen-framework/src/Concerns/RoutesRequests.php(159): Laravel\\Lumen\\Application->boot()
#30 /Users/user/sites/EIC/Dorcas/business/dorcas-business-base/vendor/laravel/lumen-framework/src/Concerns/RoutesRequests.php(108): Laravel\\Lumen\\Application->dispatch(NULL)
#31 /Users/user/sites/EIC/Dorcas/business/dorcas-business-base/public/index.php(28): Laravel\\Lumen\\Application->run()
#32 {main}
"} 
[2021-01-19 10:40:37] local.ERROR: Symfony\Component\Debug\Exception\FatalThrowableError: Argument 2 passed to Illuminate\View\FileViewFinder::__construct() must be of the type array, null given, called in /Users/user/sites/EIC/Dorcas/business/dorcas-business-base/vendor/illuminate/view/ViewServiceProvider.php on line 77 in /Users/user/sites/EIC/Dorcas/business/dorcas-business-base/vendor/illuminate/view/FileViewFinder.php:53
Stack trace:
#0 /Users/user/sites/EIC/Dorcas/business/dorcas-business-base/vendor/illuminate/view/ViewServiceProvider.php(77): Illuminate\View\FileViewFinder->__construct(Object(Illuminate\Filesystem\Filesystem), NULL)
#1 /Users/user/sites/EIC/Dorcas/business/dorcas-business-base/vendor/illuminate/container/Container.php(785): Illuminate\View\ViewServiceProvider->Illuminate\View\{closure}(Object(Laravel\Lumen\Application), Array)
#2 /Users/user/sites/EIC/Dorcas/business/dorcas-business-base/vendor/illuminate/container/Container.php(667): Illuminate\Container\Container->build(Object(Closure))
#3 /Users/user/sites/EIC/Dorcas/business/dorcas-business-base/vendor/illuminate/container/Container.php(615): Illuminate\Container\Container->resolve('view.finder', Array)
#4 /Users/user/sites/EIC/Dorcas/business/dorcas-business-base/vendor/laravel/lumen-framework/src/Application.php(267): Illuminate\Container\Container->make('view.finder', Array)
#5 /Users/user/sites/EIC/Dorcas/business/dorcas-business-base/vendor/illuminate/container/Container.php(1227): Laravel\Lumen\Application->make('view.finder')
#6 /Users/user/sites/EIC/Dorcas/business/dorcas-business-base/vendor/illuminate/view/ViewServiceProvider.php(41): Illuminate\Container\Container->offsetGet('view.finder')
#7 /Users/user/sites/EIC/Dorcas/business/dorcas-business-base/vendor/illuminate/container/Container.php(785): Illuminate\View\ViewServiceProvider->Illuminate\View\{closure}(Object(Laravel\Lumen\Application), Array)
#8 /Users/user/sites/EIC/Dorcas/business/dorcas-business-base/vendor/illuminate/container/Container.php(667): Illuminate\Container\Container->build(Object(Closure))
#9 /Users/user/sites/EIC/Dorcas/business/dorcas-business-base/vendor/illuminate/container/Container.php(615): Illuminate\Container\Container->resolve('view', Array)
#10 /Users/user/sites/EIC/Dorcas/business/dorcas-business-base/vendor/laravel/lumen-framework/src/Application.php(267): Illuminate\Container\Container->make('view', Array)
#11 /Users/user/sites/EIC/Dorcas/business/dorcas-business-base/vendor/laravel/lumen-framework/src/Application.php(618): Laravel\Lumen\Application->make('view')
#12 /Users/user/sites/EIC/Dorcas/business/dorcas-business-base/vendor/laravel/lumen-framework/src/Application.php(598): Laravel\Lumen\Application->loadComponent('view', 'Illuminate\\View...')
#13 /Users/user/sites/EIC/Dorcas/business/dorcas-business-base/vendor/illuminate/container/Container.php(785): Laravel\Lumen\Application->Laravel\Lumen\{closure}(Object(Laravel\Lumen\Application), Array)
#14 /Users/user/sites/EIC/Dorcas/business/dorcas-business-base/vendor/illuminate/container/Container.php(667): Illuminate\Container\Container->build(Object(Closure))
#15 /Users/user/sites/EIC/Dorcas/business/dorcas-business-base/vendor/illuminate/container/Container.php(615): Illuminate\Container\Container->resolve('view', Array)
#16 /Users/user/sites/EIC/Dorcas/business/dorcas-business-base/vendor/laravel/lumen-framework/src/Application.php(267): Illuminate\Container\Container->make('view', Array)
#17 /Users/user/sites/EIC/Dorcas/business/dorcas-business-base/vendor/illuminate/container/Container.php(1227): Laravel\Lumen\Application->make('view')
#18 /Users/user/sites/EIC/Dorcas/business/dorcas-business-base/vendor/illuminate/support/ServiceProvider.php(105): Illuminate\Container\Container->offsetGet('view')
#19 /Users/user/sites/EIC/Dorcas/business/dorcas-business-base/vendor/illuminate/pagination/PaginationServiceProvider.php(16): Illuminate\Support\ServiceProvider->loadViewsFrom('/Users/user/sit...', 'pagination')
#20 [internal function]: Illuminate\Pagination\PaginationServiceProvider->boot()
#21 /Users/user/sites/EIC/Dorcas/business/dorcas-business-base/vendor/illuminate/container/BoundMethod.php(32): call_user_func_array(Array, Array)
#22 /Users/user/sites/EIC/Dorcas/business/dorcas-business-base/vendor/illuminate/container/BoundMethod.php(90): Illuminate\Container\BoundMethod::Illuminate\Container\{closure}()
#23 /Users/user/sites/EIC/Dorcas/business/dorcas-business-base/vendor/illuminate/container/BoundMethod.php(34): Illuminate\Container\BoundMethod::callBoundMethod(Object(Laravel\Lumen\Application), Array, Object(Closure))
#24 /Users/user/sites/EIC/Dorcas/business/dorcas-business-base/vendor/illuminate/container/Container.php(576): Illuminate\Container\BoundMethod::call(Object(Laravel\Lumen\Application), Array, Array, NULL)
#25 /Users/user/sites/EIC/Dorcas/business/dorcas-business-base/vendor/laravel/lumen-framework/src/Application.php(244): Illuminate\Container\Container->call(Array)
#26 /Users/user/sites/EIC/Dorcas/business/dorcas-business-base/vendor/laravel/lumen-framework/src/Application.php(229): Laravel\Lumen\Application->bootProvider(Object(Illuminate\Pagination\PaginationServiceProvider))
#27 [internal function]: Laravel\Lumen\Application->Laravel\Lumen\{closure}(Object(Illuminate\Pagination\PaginationServiceProvider), 'Illuminate\\Pagi...')
#28 /Users/user/sites/EIC/Dorcas/business/dorcas-business-base/vendor/laravel/lumen-framework/src/Application.php(230): array_walk(Array, Object(Closure))
#29 /Users/user/sites/EIC/Dorcas/business/dorcas-business-base/vendor/laravel/lumen-framework/src/Concerns/RoutesRequests.php(159): Laravel\Lumen\Application->boot()
#30 /Users/user/sites/EIC/Dorcas/business/dorcas-business-base/vendor/laravel/lumen-framework/src/Concerns/RoutesRequests.php(108): Laravel\Lumen\Application->dispatch(NULL)
#31 /Users/user/sites/EIC/Dorcas/business/dorcas-business-base/public/index.php(28): Laravel\Lumen\Application->run()
#32 {main} {"exception":"[object] (Symfony\\Component\\Debug\\Exception\\FatalThrowableError(code: 0): Argument 2 passed to Illuminate\\View\\FileViewFinder::__construct() must be of the type array, null given, called in /Users/user/sites/EIC/Dorcas/business/dorcas-business-base/vendor/illuminate/view/ViewServiceProvider.php on line 77 at /Users/user/sites/EIC/Dorcas/business/dorcas-business-base/vendor/illuminate/view/FileViewFinder.php:53)
[stacktrace]
#0 /Users/user/sites/EIC/Dorcas/business/dorcas-business-base/vendor/illuminate/view/ViewServiceProvider.php(77): Illuminate\\View\\FileViewFinder->__construct(Object(Illuminate\\Filesystem\\Filesystem), NULL)
#1 /Users/user/sites/EIC/Dorcas/business/dorcas-business-base/vendor/illuminate/container/Container.php(785): Illuminate\\View\\ViewServiceProvider->Illuminate\\View\\{closure}(Object(Laravel\\Lumen\\Application), Array)
#2 /Users/user/sites/EIC/Dorcas/business/dorcas-business-base/vendor/illuminate/container/Container.php(667): Illuminate\\Container\\Container->build(Object(Closure))
#3 /Users/user/sites/EIC/Dorcas/business/dorcas-business-base/vendor/illuminate/container/Container.php(615): Illuminate\\Container\\Container->resolve('view.finder', Array)
#4 /Users/user/sites/EIC/Dorcas/business/dorcas-business-base/vendor/laravel/lumen-framework/src/Application.php(267): Illuminate\\Container\\Container->make('view.finder', Array)
#5 /Users/user/sites/EIC/Dorcas/business/dorcas-business-base/vendor/illuminate/container/Container.php(1227): Laravel\\Lumen\\Application->make('view.finder')
#6 /Users/user/sites/EIC/Dorcas/business/dorcas-business-base/vendor/illuminate/view/ViewServiceProvider.php(41): Illuminate\\Container\\Container->offsetGet('view.finder')
#7 /Users/user/sites/EIC/Dorcas/business/dorcas-business-base/vendor/illuminate/container/Container.php(785): Illuminate\\View\\ViewServiceProvider->Illuminate\\View\\{closure}(Object(Laravel\\Lumen\\Application), Array)
#8 /Users/user/sites/EIC/Dorcas/business/dorcas-business-base/vendor/illuminate/container/Container.php(667): Illuminate\\Container\\Container->build(Object(Closure))
#9 /Users/user/sites/EIC/Dorcas/business/dorcas-business-base/vendor/illuminate/container/Container.php(615): Illuminate\\Container\\Container->resolve('view', Array)
#10 /Users/user/sites/EIC/Dorcas/business/dorcas-business-base/vendor/laravel/lumen-framework/src/Application.php(267): Illuminate\\Container\\Container->make('view', Array)
#11 /Users/user/sites/EIC/Dorcas/business/dorcas-business-base/vendor/laravel/lumen-framework/src/Application.php(618): Laravel\\Lumen\\Application->make('view')
#12 /Users/user/sites/EIC/Dorcas/business/dorcas-business-base/vendor/laravel/lumen-framework/src/Application.php(598): Laravel\\Lumen\\Application->loadComponent('view', 'Illuminate\\\\View...')
#13 /Users/user/sites/EIC/Dorcas/business/dorcas-business-base/vendor/illuminate/container/Container.php(785): Laravel\\Lumen\\Application->Laravel\\Lumen\\{closure}(Object(Laravel\\Lumen\\Application), Array)
#14 /Users/user/sites/EIC/Dorcas/business/dorcas-business-base/vendor/illuminate/container/Container.php(667): Illuminate\\Container\\Container->build(Object(Closure))
#15 /Users/user/sites/EIC/Dorcas/business/dorcas-business-base/vendor/illuminate/container/Container.php(615): Illuminate\\Container\\Container->resolve('view', Array)
#16 /Users/user/sites/EIC/Dorcas/business/dorcas-business-base/vendor/laravel/lumen-framework/src/Application.php(267): Illuminate\\Container\\Container->make('view', Array)
#17 /Users/user/sites/EIC/Dorcas/business/dorcas-business-base/vendor/illuminate/container/Container.php(1227): Laravel\\Lumen\\Application->make('view')
#18 /Users/user/sites/EIC/Dorcas/business/dorcas-business-base/vendor/illuminate/support/ServiceProvider.php(105): Illuminate\\Container\\Container->offsetGet('view')
#19 /Users/user/sites/EIC/Dorcas/business/dorcas-business-base/vendor/illuminate/pagination/PaginationServiceProvider.php(16): Illuminate\\Support\\ServiceProvider->loadViewsFrom('/Users/user/sit...', 'pagination')
#20 [internal function]: Illuminate\\Pagination\\PaginationServiceProvider->boot()
#21 /Users/user/sites/EIC/Dorcas/business/dorcas-business-base/vendor/illuminate/container/BoundMethod.php(32): call_user_func_array(Array, Array)
#22 /Users/user/sites/EIC/Dorcas/business/dorcas-business-base/vendor/illuminate/container/BoundMethod.php(90): Illuminate\\Container\\BoundMethod::Illuminate\\Container\\{closure}()
#23 /Users/user/sites/EIC/Dorcas/business/dorcas-business-base/vendor/illuminate/container/BoundMethod.php(34): Illuminate\\Container\\BoundMethod::callBoundMethod(Object(Laravel\\Lumen\\Application), Array, Object(Closure))
#24 /Users/user/sites/EIC/Dorcas/business/dorcas-business-base/vendor/illuminate/container/Container.php(576): Illuminate\\Container\\BoundMethod::call(Object(Laravel\\Lumen\\Application), Array, Array, NULL)
#25 /Users/user/sites/EIC/Dorcas/business/dorcas-business-base/vendor/laravel/lumen-framework/src/Application.php(244): Illuminate\\Container\\Container->call(Array)
#26 /Users/user/sites/EIC/Dorcas/business/dorcas-business-base/vendor/laravel/lumen-framework/src/Application.php(229): Laravel\\Lumen\\Application->bootProvider(Object(Illuminate\\Pagination\\PaginationServiceProvider))
#27 [internal function]: Laravel\\Lumen\\Application->Laravel\\Lumen\\{closure}(Object(Illuminate\\Pagination\\PaginationServiceProvider), 'Illuminate\\\\Pagi...')
#28 /Users/user/sites/EIC/Dorcas/business/dorcas-business-base/vendor/laravel/lumen-framework/src/Application.php(230): array_walk(Array, Object(Closure))
#29 /Users/user/sites/EIC/Dorcas/business/dorcas-business-base/vendor/laravel/lumen-framework/src/Concerns/RoutesRequests.php(159): Laravel\\Lumen\\Application->boot()
#30 /Users/user/sites/EIC/Dorcas/business/dorcas-business-base/vendor/laravel/lumen-framework/src/Concerns/RoutesRequests.php(108): Laravel\\Lumen\\Application->dispatch(NULL)
#31 /Users/user/sites/EIC/Dorcas/business/dorcas-business-base/public/index.php(28): Laravel\\Lumen\\Application->run()
#32 {main}
"} 
[2021-01-19 10:42:01] local.ERROR: Illuminate\Auth\AuthenticationException: Unauthenticated. in /Users/user/sites/EIC/Dorcas/business/dorcas-business-base/app/Http/Middleware/Authenticate.php:41
Stack trace:
#0 /Users/user/sites/EIC/Dorcas/business/dorcas-business-base/vendor/illuminate/pipeline/Pipeline.php(163): App\Http\Middleware\Authenticate->handle(Object(Laravel\Lumen\Http\Request), Object(Closure))
#1 [internal function]: Illuminate\Pipeline\Pipeline->Illuminate\Pipeline\{closure}(Object(Laravel\Lumen\Http\Request))
#2 /Users/user/sites/EIC/Dorcas/business/dorcas-business-base/vendor/laravel/lumen-framework/src/Routing/Pipeline.php(32): call_user_func(Object(Closure), Object(Laravel\Lumen\Http\Request))
#3 /Users/user/sites/EIC/Dorcas/business/dorcas-business-base/vendor/illuminate/pipeline/Pipeline.php(104): Laravel\Lumen\Routing\Pipeline->Laravel\Lumen\Routing\{closure}(Object(Laravel\Lumen\Http\Request))
#4 /Users/user/sites/EIC/Dorcas/business/dorcas-business-base/vendor/laravel/lumen-framework/src/Concerns/RoutesRequests.php(413): Illuminate\Pipeline\Pipeline->then(Object(Closure))
#5 /Users/user/sites/EIC/Dorcas/business/dorcas-business-base/vendor/laravel/lumen-framework/src/Concerns/RoutesRequests.php(259): Laravel\Lumen\Application->sendThroughPipeline(Array, Object(Closure))
#6 /Users/user/sites/EIC/Dorcas/business/dorcas-business-base/vendor/laravel/lumen-framework/src/Concerns/RoutesRequests.php(165): Laravel\Lumen\Application->handleFoundRoute(Array)
#7 [internal function]: Laravel\Lumen\Application->Laravel\Lumen\Concerns\{closure}(Object(Laravel\Lumen\Http\Request))
#8 /Users/user/sites/EIC/Dorcas/business/dorcas-business-base/vendor/laravel/lumen-framework/src/Routing/Pipeline.php(52): call_user_func(Object(Closure), Object(Laravel\Lumen\Http\Request))
#9 /Users/user/sites/EIC/Dorcas/business/dorcas-business-base/app/Http/Middleware/InstalledAppUserDataAccessGate.php(26): Laravel\Lumen\Routing\Pipeline->Laravel\Lumen\Routing\{closure}(Object(Laravel\Lumen\Http\Request))
#10 /Users/user/sites/EIC/Dorcas/business/dorcas-business-base/vendor/illuminate/pipeline/Pipeline.php(163): App\Http\Middleware\InstalledAppUserDataAccessGate->handle(Object(Laravel\Lumen\Http\Request), Object(Closure))
#11 [internal function]: Illuminate\Pipeline\Pipeline->Illuminate\Pipeline\{closure}(Object(Laravel\Lumen\Http\Request))
#12 /Users/user/sites/EIC/Dorcas/business/dorcas-business-base/vendor/laravel/lumen-framework/src/Routing/Pipeline.php(32): call_user_func(Object(Closure), Object(Laravel\Lumen\Http\Request))
#13 /Users/user/sites/EIC/Dorcas/business/dorcas-business-base/app/Http/Middleware/ResolveApplicationId.php(32): Laravel\Lumen\Routing\Pipeline->Laravel\Lumen\Routing\{closure}(Object(Laravel\Lumen\Http\Request))
#14 /Users/user/sites/EIC/Dorcas/business/dorcas-business-base/vendor/illuminate/pipeline/Pipeline.php(163): App\Http\Middleware\ResolveApplicationId->handle(Object(Laravel\Lumen\Http\Request), Object(Closure))
#15 [internal function]: Illuminate\Pipeline\Pipeline->Illuminate\Pipeline\{closure}(Object(Laravel\Lumen\Http\Request))
#16 /Users/user/sites/EIC/Dorcas/business/dorcas-business-base/vendor/laravel/lumen-framework/src/Routing/Pipeline.php(32): call_user_func(Object(Closure), Object(Laravel\Lumen\Http\Request))
#17 /Users/user/sites/EIC/Dorcas/business/dorcas-business-base/vendor/illuminate/pipeline/Pipeline.php(104): Laravel\Lumen\Routing\Pipeline->Laravel\Lumen\Routing\{closure}(Object(Laravel\Lumen\Http\Request))
#18 /Users/user/sites/EIC/Dorcas/business/dorcas-business-base/vendor/laravel/lumen-framework/src/Concerns/RoutesRequests.php(413): Illuminate\Pipeline\Pipeline->then(Object(Closure))
#19 /Users/user/sites/EIC/Dorcas/business/dorcas-business-base/vendor/laravel/lumen-framework/src/Concerns/RoutesRequests.php(171): Laravel\Lumen\Application->sendThroughPipeline(Array, Object(Closure))
#20 /Users/user/sites/EIC/Dorcas/business/dorcas-business-base/vendor/laravel/lumen-framework/src/Concerns/RoutesRequests.php(108): Laravel\Lumen\Application->dispatch(NULL)
#21 /Users/user/sites/EIC/Dorcas/business/dorcas-business-base/public/index.php(28): Laravel\Lumen\Application->run()
#22 {main} {"exception":"[object] (Illuminate\\Auth\\AuthenticationException(code: 0): Unauthenticated. at /Users/user/sites/EIC/Dorcas/business/dorcas-business-base/app/Http/Middleware/Authenticate.php:41)
[stacktrace]
#0 /Users/user/sites/EIC/Dorcas/business/dorcas-business-base/vendor/illuminate/pipeline/Pipeline.php(163): App\\Http\\Middleware\\Authenticate->handle(Object(Laravel\\Lumen\\Http\\Request), Object(Closure))
#1 [internal function]: Illuminate\\Pipeline\\Pipeline->Illuminate\\Pipeline\\{closure}(Object(Laravel\\Lumen\\Http\\Request))
#2 /Users/user/sites/EIC/Dorcas/business/dorcas-business-base/vendor/laravel/lumen-framework/src/Routing/Pipeline.php(32): call_user_func(Object(Closure), Object(Laravel\\Lumen\\Http\\Request))
#3 /Users/user/sites/EIC/Dorcas/business/dorcas-business-base/vendor/illuminate/pipeline/Pipeline.php(104): Laravel\\Lumen\\Routing\\Pipeline->Laravel\\Lumen\\Routing\\{closure}(Object(Laravel\\Lumen\\Http\\Request))
#4 /Users/user/sites/EIC/Dorcas/business/dorcas-business-base/vendor/laravel/lumen-framework/src/Concerns/RoutesRequests.php(413): Illuminate\\Pipeline\\Pipeline->then(Object(Closure))
#5 /Users/user/sites/EIC/Dorcas/business/dorcas-business-base/vendor/laravel/lumen-framework/src/Concerns/RoutesRequests.php(259): Laravel\\Lumen\\Application->sendThroughPipeline(Array, Object(Closure))
#6 /Users/user/sites/EIC/Dorcas/business/dorcas-business-base/vendor/laravel/lumen-framework/src/Concerns/RoutesRequests.php(165): Laravel\\Lumen\\Application->handleFoundRoute(Array)
#7 [internal function]: Laravel\\Lumen\\Application->Laravel\\Lumen\\Concerns\\{closure}(Object(Laravel\\Lumen\\Http\\Request))
#8 /Users/user/sites/EIC/Dorcas/business/dorcas-business-base/vendor/laravel/lumen-framework/src/Routing/Pipeline.php(52): call_user_func(Object(Closure), Object(Laravel\\Lumen\\Http\\Request))
#9 /Users/user/sites/EIC/Dorcas/business/dorcas-business-base/app/Http/Middleware/InstalledAppUserDataAccessGate.php(26): Laravel\\Lumen\\Routing\\Pipeline->Laravel\\Lumen\\Routing\\{closure}(Object(Laravel\\Lumen\\Http\\Request))
#10 /Users/user/sites/EIC/Dorcas/business/dorcas-business-base/vendor/illuminate/pipeline/Pipeline.php(163): App\\Http\\Middleware\\InstalledAppUserDataAccessGate->handle(Object(Laravel\\Lumen\\Http\\Request), Object(Closure))
#11 [internal function]: Illuminate\\Pipeline\\Pipeline->Illuminate\\Pipeline\\{closure}(Object(Laravel\\Lumen\\Http\\Request))
#12 /Users/user/sites/EIC/Dorcas/business/dorcas-business-base/vendor/laravel/lumen-framework/src/Routing/Pipeline.php(32): call_user_func(Object(Closure), Object(Laravel\\Lumen\\Http\\Request))
#13 /Users/user/sites/EIC/Dorcas/business/dorcas-business-base/app/Http/Middleware/ResolveApplicationId.php(32): Laravel\\Lumen\\Routing\\Pipeline->Laravel\\Lumen\\Routing\\{closure}(Object(Laravel\\Lumen\\Http\\Request))
#14 /Users/user/sites/EIC/Dorcas/business/dorcas-business-base/vendor/illuminate/pipeline/Pipeline.php(163): App\\Http\\Middleware\\ResolveApplicationId->handle(Object(Laravel\\Lumen\\Http\\Request), Object(Closure))
#15 [internal function]: Illuminate\\Pipeline\\Pipeline->Illuminate\\Pipeline\\{closure}(Object(Laravel\\Lumen\\Http\\Request))
#16 /Users/user/sites/EIC/Dorcas/business/dorcas-business-base/vendor/laravel/lumen-framework/src/Routing/Pipeline.php(32): call_user_func(Object(Closure), Object(Laravel\\Lumen\\Http\\Request))
#17 /Users/user/sites/EIC/Dorcas/business/dorcas-business-base/vendor/illuminate/pipeline/Pipeline.php(104): Laravel\\Lumen\\Routing\\Pipeline->Laravel\\Lumen\\Routing\\{closure}(Object(Laravel\\Lumen\\Http\\Request))
#18 /Users/user/sites/EIC/Dorcas/business/dorcas-business-base/vendor/laravel/lumen-framework/src/Concerns/RoutesRequests.php(413): Illuminate\\Pipeline\\Pipeline->then(Object(Closure))
#19 /Users/user/sites/EIC/Dorcas/business/dorcas-business-base/vendor/laravel/lumen-framework/src/Concerns/RoutesRequests.php(171): Laravel\\Lumen\\Application->sendThroughPipeline(Array, Object(Closure))
#20 /Users/user/sites/EIC/Dorcas/business/dorcas-business-base/vendor/laravel/lumen-framework/src/Concerns/RoutesRequests.php(108): Laravel\\Lumen\\Application->dispatch(NULL)
#21 /Users/user/sites/EIC/Dorcas/business/dorcas-business-base/public/index.php(28): Laravel\\Lumen\\Application->run()
#22 {main}
"} 
