[2021-01-23 22:23:21] local.ERROR: Symfony\Component\Debug\Exception\FatalThrowableError: Class 'Vluzrmos\Tinker\TinkerServiceProvider' not found in /Users/user/sites/Dorcas/core-base/vendor/laravel/lumen-framework/src/Application.php:197
Stack trace:
#0 /Users/user/sites/Dorcas/core-base/bootstrap/app.php(166): Laravel\Lumen\Application->register('Vluzrmos\\Tinker...')
#1 /Users/user/sites/Dorcas/core-base/public/index.php(14): require('/Users/user/sit...')
#2 {main} {"exception":"[object] (Symfony\\Component\\Debug\\Exception\\FatalThrowableError(code: 0): Class 'Vluzrmos\\Tinker\\TinkerServiceProvider' not found at /Users/user/sites/Dorcas/core-base/vendor/laravel/lumen-framework/src/Application.php:197)
[stacktrace]
#0 /Users/user/sites/Dorcas/core-base/bootstrap/app.php(166): Laravel\\Lumen\\Application->register('Vluzrmos\\\\Tinker...')
#1 /Users/user/sites/Dorcas/core-base/public/index.php(14): require('/Users/user/sit...')
#2 {main}
"} 
[2021-01-23 22:24:06] local.ERROR: PDOException: SQLSTATE[HY000] [1045] Access denied for user 'root'@'localhost' (using password: YES) in /Users/user/sites/Dorcas/core-base/vendor/illuminate/database/Connectors/Connector.php:70
Stack trace:
#0 /Users/user/sites/Dorcas/core-base/vendor/illuminate/database/Connectors/Connector.php(70): PDO->__construct('mysql:host=127....', 'root', 'root', Array)
#1 /Users/user/sites/Dorcas/core-base/vendor/illuminate/database/Connectors/Connector.php(46): Illuminate\Database\Connectors\Connector->createPdoConnection('mysql:host=127....', 'root', 'root', Array)
#2 /Users/user/sites/Dorcas/core-base/vendor/illuminate/database/Connectors/MySqlConnector.php(24): Illuminate\Database\Connectors\Connector->createConnection('mysql:host=127....', Array, Array)
#3 /Users/user/sites/Dorcas/core-base/vendor/illuminate/database/Connectors/ConnectionFactory.php(182): Illuminate\Database\Connectors\MySqlConnector->connect(Array)
#4 [internal function]: Illuminate\Database\Connectors\ConnectionFactory->Illuminate\Database\Connectors\{closure}()
#5 /Users/user/sites/Dorcas/core-base/vendor/illuminate/database/Connection.php(924): call_user_func(Object(Closure))
#6 /Users/user/sites/Dorcas/core-base/vendor/illuminate/database/Connection.php(959): Illuminate\Database\Connection->getPdo()
#7 /Users/user/sites/Dorcas/core-base/vendor/illuminate/database/Connection.php(404): Illuminate\Database\Connection->getReadPdo()
#8 /Users/user/sites/Dorcas/core-base/vendor/illuminate/database/Connection.php(330): Illuminate\Database\Connection->getPdoForSelect(true)
#9 /Users/user/sites/Dorcas/core-base/vendor/illuminate/database/Connection.php(662): Illuminate\Database\Connection->Illuminate\Database\{closure}('select column_n...', Array)
#10 /Users/user/sites/Dorcas/core-base/vendor/illuminate/database/Connection.php(629): Illuminate\Database\Connection->runQueryCallback('select column_n...', Array, Object(Closure))
#11 /Users/user/sites/Dorcas/core-base/vendor/illuminate/database/Connection.php(338): Illuminate\Database\Connection->run('select column_n...', Array, Object(Closure))
#12 /Users/user/sites/Dorcas/core-base/vendor/illuminate/database/Schema/MySqlBuilder.php(33): Illuminate\Database\Connection->select('select column_n...', Array)
#13 /Users/user/sites/Dorcas/core-base/vendor/illuminate/database/Eloquent/Concerns/GuardsAttributes.php(194): Illuminate\Database\Schema\MySqlBuilder->getColumnListing('permissions')
#14 /Users/user/sites/Dorcas/core-base/vendor/illuminate/database/Eloquent/Concerns/GuardsAttributes.php(180): Illuminate\Database\Eloquent\Model->isGuardableColumn('guard_name')
#15 /Users/user/sites/Dorcas/core-base/vendor/illuminate/database/Eloquent/Concerns/GuardsAttributes.php(157): Illuminate\Database\Eloquent\Model->isGuarded('guard_name')
#16 /Users/user/sites/Dorcas/core-base/vendor/illuminate/database/Eloquent/Model.php(329): Illuminate\Database\Eloquent\Model->isFillable('guard_name')
#17 /Users/user/sites/Dorcas/core-base/vendor/illuminate/database/Eloquent/Model.php(172): Illuminate\Database\Eloquent\Model->fill(Array)
#18 /Users/user/sites/Dorcas/core-base/vendor/spatie/laravel-permission/src/Models/Permission.php(27): Illuminate\Database\Eloquent\Model->__construct(Array)
#19 /Users/user/sites/Dorcas/core-base/vendor/illuminate/database/Eloquent/Concerns/HasEvents.php(40): Spatie\Permission\Models\Permission->__construct()
#20 /Users/user/sites/Dorcas/core-base/app/Providers/AppServiceProvider.php(135): Illuminate\Database\Eloquent\Model::observe('App\\Observers\\U...')
#21 /Users/user/sites/Dorcas/core-base/vendor/illuminate/container/BoundMethod.php(36): App\Providers\AppServiceProvider->boot()
#22 /Users/user/sites/Dorcas/core-base/vendor/illuminate/container/Util.php(37): Illuminate\Container\BoundMethod::Illuminate\Container\{closure}()
#23 /Users/user/sites/Dorcas/core-base/vendor/illuminate/container/BoundMethod.php(93): Illuminate\Container\Util::unwrapIfClosure(Object(Closure))
#24 /Users/user/sites/Dorcas/core-base/vendor/illuminate/container/BoundMethod.php(37): Illuminate\Container\BoundMethod::callBoundMethod(Object(Laravel\Lumen\Application), Array, Object(Closure))
#25 /Users/user/sites/Dorcas/core-base/vendor/illuminate/container/Container.php(590): Illuminate\Container\BoundMethod::call(Object(Laravel\Lumen\Application), Array, Array, NULL)
#26 /Users/user/sites/Dorcas/core-base/vendor/laravel/lumen-framework/src/Application.php(251): Illuminate\Container\Container->call(Array)
#27 /Users/user/sites/Dorcas/core-base/vendor/laravel/lumen-framework/src/Application.php(236): Laravel\Lumen\Application->bootProvider(Object(App\Providers\AppServiceProvider))
#28 [internal function]: Laravel\Lumen\Application->Laravel\Lumen\{closure}(Object(App\Providers\AppServiceProvider), 'App\\Providers\\A...')
#29 /Users/user/sites/Dorcas/core-base/vendor/laravel/lumen-framework/src/Application.php(237): array_walk(Array, Object(Closure))
#30 /Users/user/sites/Dorcas/core-base/vendor/laravel/lumen-framework/src/Concerns/RoutesRequests.php(159): Laravel\Lumen\Application->boot()
#31 /Users/user/sites/Dorcas/core-base/vendor/laravel/lumen-framework/src/Concerns/RoutesRequests.php(108): Laravel\Lumen\Application->dispatch(NULL)
#32 /Users/user/sites/Dorcas/core-base/public/index.php(28): Laravel\Lumen\Application->run()
#33 {main}

Next Illuminate\Database\QueryException: SQLSTATE[HY000] [1045] Access denied for user 'root'@'localhost' (using password: YES) (SQL: select column_name as `column_name` from information_schema.columns where table_schema = hostville_dorcas and table_name = permissions) in /Users/user/sites/Dorcas/core-base/vendor/illuminate/database/Connection.php:669
Stack trace:
#0 /Users/user/sites/Dorcas/core-base/vendor/illuminate/database/Connection.php(629): Illuminate\Database\Connection->runQueryCallback('select column_n...', Array, Object(Closure))
#1 /Users/user/sites/Dorcas/core-base/vendor/illuminate/database/Connection.php(338): Illuminate\Database\Connection->run('select column_n...', Array, Object(Closure))
#2 /Users/user/sites/Dorcas/core-base/vendor/illuminate/database/Schema/MySqlBuilder.php(33): Illuminate\Database\Connection->select('select column_n...', Array)
#3 /Users/user/sites/Dorcas/core-base/vendor/illuminate/database/Eloquent/Concerns/GuardsAttributes.php(194): Illuminate\Database\Schema\MySqlBuilder->getColumnListing('permissions')
#4 /Users/user/sites/Dorcas/core-base/vendor/illuminate/database/Eloquent/Concerns/GuardsAttributes.php(180): Illuminate\Database\Eloquent\Model->isGuardableColumn('guard_name')
#5 /Users/user/sites/Dorcas/core-base/vendor/illuminate/database/Eloquent/Concerns/GuardsAttributes.php(157): Illuminate\Database\Eloquent\Model->isGuarded('guard_name')
#6 /Users/user/sites/Dorcas/core-base/vendor/illuminate/database/Eloquent/Model.php(329): Illuminate\Database\Eloquent\Model->isFillable('guard_name')
#7 /Users/user/sites/Dorcas/core-base/vendor/illuminate/database/Eloquent/Model.php(172): Illuminate\Database\Eloquent\Model->fill(Array)
#8 /Users/user/sites/Dorcas/core-base/vendor/spatie/laravel-permission/src/Models/Permission.php(27): Illuminate\Database\Eloquent\Model->__construct(Array)
#9 /Users/user/sites/Dorcas/core-base/vendor/illuminate/database/Eloquent/Concerns/HasEvents.php(40): Spatie\Permission\Models\Permission->__construct()
#10 /Users/user/sites/Dorcas/core-base/app/Providers/AppServiceProvider.php(135): Illuminate\Database\Eloquent\Model::observe('App\\Observers\\U...')
#11 /Users/user/sites/Dorcas/core-base/vendor/illuminate/container/BoundMethod.php(36): App\Providers\AppServiceProvider->boot()
#12 /Users/user/sites/Dorcas/core-base/vendor/illuminate/container/Util.php(37): Illuminate\Container\BoundMethod::Illuminate\Container\{closure}()
#13 /Users/user/sites/Dorcas/core-base/vendor/illuminate/container/BoundMethod.php(93): Illuminate\Container\Util::unwrapIfClosure(Object(Closure))
#14 /Users/user/sites/Dorcas/core-base/vendor/illuminate/container/BoundMethod.php(37): Illuminate\Container\BoundMethod::callBoundMethod(Object(Laravel\Lumen\Application), Array, Object(Closure))
#15 /Users/user/sites/Dorcas/core-base/vendor/illuminate/container/Container.php(590): Illuminate\Container\BoundMethod::call(Object(Laravel\Lumen\Application), Array, Array, NULL)
#16 /Users/user/sites/Dorcas/core-base/vendor/laravel/lumen-framework/src/Application.php(251): Illuminate\Container\Container->call(Array)
#17 /Users/user/sites/Dorcas/core-base/vendor/laravel/lumen-framework/src/Application.php(236): Laravel\Lumen\Application->bootProvider(Object(App\Providers\AppServiceProvider))
#18 [internal function]: Laravel\Lumen\Application->Laravel\Lumen\{closure}(Object(App\Providers\AppServiceProvider), 'App\\Providers\\A...')
#19 /Users/user/sites/Dorcas/core-base/vendor/laravel/lumen-framework/src/Application.php(237): array_walk(Array, Object(Closure))
#20 /Users/user/sites/Dorcas/core-base/vendor/laravel/lumen-framework/src/Concerns/RoutesRequests.php(159): Laravel\Lumen\Application->boot()
#21 /Users/user/sites/Dorcas/core-base/vendor/laravel/lumen-framework/src/Concerns/RoutesRequests.php(108): Laravel\Lumen\Application->dispatch(NULL)
#22 /Users/user/sites/Dorcas/core-base/public/index.php(28): Laravel\Lumen\Application->run()
#23 {main} {"exception":"[object] (Illuminate\\Database\\QueryException(code: 1045): SQLSTATE[HY000] [1045] Access denied for user 'root'@'localhost' (using password: YES) (SQL: select column_name as `column_name` from information_schema.columns where table_schema = hostville_dorcas and table_name = permissions) at /Users/user/sites/Dorcas/core-base/vendor/illuminate/database/Connection.php:669)
[stacktrace]
#0 /Users/user/sites/Dorcas/core-base/vendor/illuminate/database/Connection.php(629): Illuminate\\Database\\Connection->runQueryCallback('select column_n...', Array, Object(Closure))
#1 /Users/user/sites/Dorcas/core-base/vendor/illuminate/database/Connection.php(338): Illuminate\\Database\\Connection->run('select column_n...', Array, Object(Closure))
#2 /Users/user/sites/Dorcas/core-base/vendor/illuminate/database/Schema/MySqlBuilder.php(33): Illuminate\\Database\\Connection->select('select column_n...', Array)
#3 /Users/user/sites/Dorcas/core-base/vendor/illuminate/database/Eloquent/Concerns/GuardsAttributes.php(194): Illuminate\\Database\\Schema\\MySqlBuilder->getColumnListing('permissions')
#4 /Users/user/sites/Dorcas/core-base/vendor/illuminate/database/Eloquent/Concerns/GuardsAttributes.php(180): Illuminate\\Database\\Eloquent\\Model->isGuardableColumn('guard_name')
#5 /Users/user/sites/Dorcas/core-base/vendor/illuminate/database/Eloquent/Concerns/GuardsAttributes.php(157): Illuminate\\Database\\Eloquent\\Model->isGuarded('guard_name')
#6 /Users/user/sites/Dorcas/core-base/vendor/illuminate/database/Eloquent/Model.php(329): Illuminate\\Database\\Eloquent\\Model->isFillable('guard_name')
#7 /Users/user/sites/Dorcas/core-base/vendor/illuminate/database/Eloquent/Model.php(172): Illuminate\\Database\\Eloquent\\Model->fill(Array)
#8 /Users/user/sites/Dorcas/core-base/vendor/spatie/laravel-permission/src/Models/Permission.php(27): Illuminate\\Database\\Eloquent\\Model->__construct(Array)
#9 /Users/user/sites/Dorcas/core-base/vendor/illuminate/database/Eloquent/Concerns/HasEvents.php(40): Spatie\\Permission\\Models\\Permission->__construct()
#10 /Users/user/sites/Dorcas/core-base/app/Providers/AppServiceProvider.php(135): Illuminate\\Database\\Eloquent\\Model::observe('App\\\\Observers\\\\U...')
#11 /Users/user/sites/Dorcas/core-base/vendor/illuminate/container/BoundMethod.php(36): App\\Providers\\AppServiceProvider->boot()
#12 /Users/user/sites/Dorcas/core-base/vendor/illuminate/container/Util.php(37): Illuminate\\Container\\BoundMethod::Illuminate\\Container\\{closure}()
#13 /Users/user/sites/Dorcas/core-base/vendor/illuminate/container/BoundMethod.php(93): Illuminate\\Container\\Util::unwrapIfClosure(Object(Closure))
#14 /Users/user/sites/Dorcas/core-base/vendor/illuminate/container/BoundMethod.php(37): Illuminate\\Container\\BoundMethod::callBoundMethod(Object(Laravel\\Lumen\\Application), Array, Object(Closure))
#15 /Users/user/sites/Dorcas/core-base/vendor/illuminate/container/Container.php(590): Illuminate\\Container\\BoundMethod::call(Object(Laravel\\Lumen\\Application), Array, Array, NULL)
#16 /Users/user/sites/Dorcas/core-base/vendor/laravel/lumen-framework/src/Application.php(251): Illuminate\\Container\\Container->call(Array)
#17 /Users/user/sites/Dorcas/core-base/vendor/laravel/lumen-framework/src/Application.php(236): Laravel\\Lumen\\Application->bootProvider(Object(App\\Providers\\AppServiceProvider))
#18 [internal function]: Laravel\\Lumen\\Application->Laravel\\Lumen\\{closure}(Object(App\\Providers\\AppServiceProvider), 'App\\\\Providers\\\\A...')
#19 /Users/user/sites/Dorcas/core-base/vendor/laravel/lumen-framework/src/Application.php(237): array_walk(Array, Object(Closure))
#20 /Users/user/sites/Dorcas/core-base/vendor/laravel/lumen-framework/src/Concerns/RoutesRequests.php(159): Laravel\\Lumen\\Application->boot()
#21 /Users/user/sites/Dorcas/core-base/vendor/laravel/lumen-framework/src/Concerns/RoutesRequests.php(108): Laravel\\Lumen\\Application->dispatch(NULL)
#22 /Users/user/sites/Dorcas/core-base/public/index.php(28): Laravel\\Lumen\\Application->run()
#23 {main}

[previous exception] [object] (PDOException(code: 1045): SQLSTATE[HY000] [1045] Access denied for user 'root'@'localhost' (using password: YES) at /Users/user/sites/Dorcas/core-base/vendor/illuminate/database/Connectors/Connector.php:70)
[stacktrace]
#0 /Users/user/sites/Dorcas/core-base/vendor/illuminate/database/Connectors/Connector.php(70): PDO->__construct('mysql:host=127....', 'root', 'root', Array)
#1 /Users/user/sites/Dorcas/core-base/vendor/illuminate/database/Connectors/Connector.php(46): Illuminate\\Database\\Connectors\\Connector->createPdoConnection('mysql:host=127....', 'root', 'root', Array)
#2 /Users/user/sites/Dorcas/core-base/vendor/illuminate/database/Connectors/MySqlConnector.php(24): Illuminate\\Database\\Connectors\\Connector->createConnection('mysql:host=127....', Array, Array)
#3 /Users/user/sites/Dorcas/core-base/vendor/illuminate/database/Connectors/ConnectionFactory.php(182): Illuminate\\Database\\Connectors\\MySqlConnector->connect(Array)
#4 [internal function]: Illuminate\\Database\\Connectors\\ConnectionFactory->Illuminate\\Database\\Connectors\\{closure}()
#5 /Users/user/sites/Dorcas/core-base/vendor/illuminate/database/Connection.php(924): call_user_func(Object(Closure))
#6 /Users/user/sites/Dorcas/core-base/vendor/illuminate/database/Connection.php(959): Illuminate\\Database\\Connection->getPdo()
#7 /Users/user/sites/Dorcas/core-base/vendor/illuminate/database/Connection.php(404): Illuminate\\Database\\Connection->getReadPdo()
#8 /Users/user/sites/Dorcas/core-base/vendor/illuminate/database/Connection.php(330): Illuminate\\Database\\Connection->getPdoForSelect(true)
#9 /Users/user/sites/Dorcas/core-base/vendor/illuminate/database/Connection.php(662): Illuminate\\Database\\Connection->Illuminate\\Database\\{closure}('select column_n...', Array)
#10 /Users/user/sites/Dorcas/core-base/vendor/illuminate/database/Connection.php(629): Illuminate\\Database\\Connection->runQueryCallback('select column_n...', Array, Object(Closure))
#11 /Users/user/sites/Dorcas/core-base/vendor/illuminate/database/Connection.php(338): Illuminate\\Database\\Connection->run('select column_n...', Array, Object(Closure))
#12 /Users/user/sites/Dorcas/core-base/vendor/illuminate/database/Schema/MySqlBuilder.php(33): Illuminate\\Database\\Connection->select('select column_n...', Array)
#13 /Users/user/sites/Dorcas/core-base/vendor/illuminate/database/Eloquent/Concerns/GuardsAttributes.php(194): Illuminate\\Database\\Schema\\MySqlBuilder->getColumnListing('permissions')
#14 /Users/user/sites/Dorcas/core-base/vendor/illuminate/database/Eloquent/Concerns/GuardsAttributes.php(180): Illuminate\\Database\\Eloquent\\Model->isGuardableColumn('guard_name')
#15 /Users/user/sites/Dorcas/core-base/vendor/illuminate/database/Eloquent/Concerns/GuardsAttributes.php(157): Illuminate\\Database\\Eloquent\\Model->isGuarded('guard_name')
#16 /Users/user/sites/Dorcas/core-base/vendor/illuminate/database/Eloquent/Model.php(329): Illuminate\\Database\\Eloquent\\Model->isFillable('guard_name')
#17 /Users/user/sites/Dorcas/core-base/vendor/illuminate/database/Eloquent/Model.php(172): Illuminate\\Database\\Eloquent\\Model->fill(Array)
#18 /Users/user/sites/Dorcas/core-base/vendor/spatie/laravel-permission/src/Models/Permission.php(27): Illuminate\\Database\\Eloquent\\Model->__construct(Array)
#19 /Users/user/sites/Dorcas/core-base/vendor/illuminate/database/Eloquent/Concerns/HasEvents.php(40): Spatie\\Permission\\Models\\Permission->__construct()
#20 /Users/user/sites/Dorcas/core-base/app/Providers/AppServiceProvider.php(135): Illuminate\\Database\\Eloquent\\Model::observe('App\\\\Observers\\\\U...')
#21 /Users/user/sites/Dorcas/core-base/vendor/illuminate/container/BoundMethod.php(36): App\\Providers\\AppServiceProvider->boot()
#22 /Users/user/sites/Dorcas/core-base/vendor/illuminate/container/Util.php(37): Illuminate\\Container\\BoundMethod::Illuminate\\Container\\{closure}()
#23 /Users/user/sites/Dorcas/core-base/vendor/illuminate/container/BoundMethod.php(93): Illuminate\\Container\\Util::unwrapIfClosure(Object(Closure))
#24 /Users/user/sites/Dorcas/core-base/vendor/illuminate/container/BoundMethod.php(37): Illuminate\\Container\\BoundMethod::callBoundMethod(Object(Laravel\\Lumen\\Application), Array, Object(Closure))
#25 /Users/user/sites/Dorcas/core-base/vendor/illuminate/container/Container.php(590): Illuminate\\Container\\BoundMethod::call(Object(Laravel\\Lumen\\Application), Array, Array, NULL)
#26 /Users/user/sites/Dorcas/core-base/vendor/laravel/lumen-framework/src/Application.php(251): Illuminate\\Container\\Container->call(Array)
#27 /Users/user/sites/Dorcas/core-base/vendor/laravel/lumen-framework/src/Application.php(236): Laravel\\Lumen\\Application->bootProvider(Object(App\\Providers\\AppServiceProvider))
#28 [internal function]: Laravel\\Lumen\\Application->Laravel\\Lumen\\{closure}(Object(App\\Providers\\AppServiceProvider), 'App\\\\Providers\\\\A...')
#29 /Users/user/sites/Dorcas/core-base/vendor/laravel/lumen-framework/src/Application.php(237): array_walk(Array, Object(Closure))
#30 /Users/user/sites/Dorcas/core-base/vendor/laravel/lumen-framework/src/Concerns/RoutesRequests.php(159): Laravel\\Lumen\\Application->boot()
#31 /Users/user/sites/Dorcas/core-base/vendor/laravel/lumen-framework/src/Concerns/RoutesRequests.php(108): Laravel\\Lumen\\Application->dispatch(NULL)
#32 /Users/user/sites/Dorcas/core-base/public/index.php(28): Laravel\\Lumen\\Application->run()
#33 {main}
"} 
[2021-01-23 22:27:51] local.ERROR: Symfony\Component\Debug\Exception\FatalThrowableError: Call to undefined function str_slug() in /Users/user/sites/Dorcas/core-base/config/cache.php:92
Stack trace:
#0 /Users/user/sites/Dorcas/core-base/vendor/laravel/lumen-framework/src/Application.php(666): require()
#1 /Users/user/sites/Dorcas/core-base/vendor/laravel/lumen-framework/src/Application.php(640): Laravel\Lumen\Application->configure('cache')
#2 /Users/user/sites/Dorcas/core-base/vendor/laravel/lumen-framework/src/Application.php(335): Laravel\Lumen\Application->loadComponent('cache', 'Illuminate\\Cach...')
#3 /Users/user/sites/Dorcas/core-base/vendor/illuminate/container/Container.php(799): Laravel\Lumen\Application->Laravel\Lumen\{closure}(Object(Laravel\Lumen\Application), Array)
#4 /Users/user/sites/Dorcas/core-base/vendor/illuminate/container/Container.php(681): Illuminate\Container\Container->build(Object(Closure))
#5 /Users/user/sites/Dorcas/core-base/vendor/illuminate/container/Container.php(629): Illuminate\Container\Container->resolve('cache', Array)
#6 /Users/user/sites/Dorcas/core-base/vendor/laravel/lumen-framework/src/Application.php(274): Illuminate\Container\Container->make('cache', Array)
#7 /Users/user/sites/Dorcas/core-base/vendor/illuminate/container/Container.php(945): Laravel\Lumen\Application->make('cache')
#8 /Users/user/sites/Dorcas/core-base/vendor/illuminate/container/Container.php(873): Illuminate\Container\Container->resolveClass(Object(ReflectionParameter))
#9 /Users/user/sites/Dorcas/core-base/vendor/illuminate/container/Container.php(834): Illuminate\Container\Container->resolveDependencies(Array)
#10 /Users/user/sites/Dorcas/core-base/vendor/illuminate/container/Container.php(681): Illuminate\Container\Container->build('Spatie\\Permissi...')
#11 /Users/user/sites/Dorcas/core-base/vendor/illuminate/container/Container.php(629): Illuminate\Container\Container->resolve('Spatie\\Permissi...', Array)
#12 /Users/user/sites/Dorcas/core-base/vendor/laravel/lumen-framework/src/Application.php(274): Illuminate\Container\Container->make('Spatie\\Permissi...', Array)
#13 /Users/user/sites/Dorcas/core-base/vendor/illuminate/container/BoundMethod.php(173): Laravel\Lumen\Application->make('Spatie\\Permissi...')
#14 /Users/user/sites/Dorcas/core-base/vendor/illuminate/container/BoundMethod.php(124): Illuminate\Container\BoundMethod::addDependencyForCallParameter(Object(Laravel\Lumen\Application), Object(ReflectionParameter), Array, Array)
#15 /Users/user/sites/Dorcas/core-base/vendor/illuminate/container/BoundMethod.php(36): Illuminate\Container\BoundMethod::getMethodDependencies(Object(Laravel\Lumen\Application), Array, Array)
#16 /Users/user/sites/Dorcas/core-base/vendor/illuminate/container/Util.php(37): Illuminate\Container\BoundMethod::Illuminate\Container\{closure}()
#17 /Users/user/sites/Dorcas/core-base/vendor/illuminate/container/BoundMethod.php(93): Illuminate\Container\Util::unwrapIfClosure(Object(Closure))
#18 /Users/user/sites/Dorcas/core-base/vendor/illuminate/container/BoundMethod.php(37): Illuminate\Container\BoundMethod::callBoundMethod(Object(Laravel\Lumen\Application), Array, Object(Closure))
#19 /Users/user/sites/Dorcas/core-base/vendor/illuminate/container/Container.php(590): Illuminate\Container\BoundMethod::call(Object(Laravel\Lumen\Application), Array, Array, NULL)
#20 /Users/user/sites/Dorcas/core-base/vendor/laravel/lumen-framework/src/Application.php(251): Illuminate\Container\Container->call(Array)
#21 /Users/user/sites/Dorcas/core-base/vendor/laravel/lumen-framework/src/Application.php(236): Laravel\Lumen\Application->bootProvider(Object(Spatie\Permission\PermissionServiceProvider))
#22 [internal function]: Laravel\Lumen\Application->Laravel\Lumen\{closure}(Object(Spatie\Permission\PermissionServiceProvider), 'Spatie\\Permissi...')
#23 /Users/user/sites/Dorcas/core-base/vendor/laravel/lumen-framework/src/Application.php(237): array_walk(Array, Object(Closure))
#24 /Users/user/sites/Dorcas/core-base/vendor/laravel/lumen-framework/src/Concerns/RoutesRequests.php(159): Laravel\Lumen\Application->boot()
#25 /Users/user/sites/Dorcas/core-base/vendor/laravel/lumen-framework/src/Concerns/RoutesRequests.php(108): Laravel\Lumen\Application->dispatch(NULL)
#26 /Users/user/sites/Dorcas/core-base/public/index.php(28): Laravel\Lumen\Application->run()
#27 {main} {"exception":"[object] (Symfony\\Component\\Debug\\Exception\\FatalThrowableError(code: 0): Call to undefined function str_slug() at /Users/user/sites/Dorcas/core-base/config/cache.php:92)
[stacktrace]
#0 /Users/user/sites/Dorcas/core-base/vendor/laravel/lumen-framework/src/Application.php(666): require()
#1 /Users/user/sites/Dorcas/core-base/vendor/laravel/lumen-framework/src/Application.php(640): Laravel\\Lumen\\Application->configure('cache')
#2 /Users/user/sites/Dorcas/core-base/vendor/laravel/lumen-framework/src/Application.php(335): Laravel\\Lumen\\Application->loadComponent('cache', 'Illuminate\\\\Cach...')
#3 /Users/user/sites/Dorcas/core-base/vendor/illuminate/container/Container.php(799): Laravel\\Lumen\\Application->Laravel\\Lumen\\{closure}(Object(Laravel\\Lumen\\Application), Array)
#4 /Users/user/sites/Dorcas/core-base/vendor/illuminate/container/Container.php(681): Illuminate\\Container\\Container->build(Object(Closure))
#5 /Users/user/sites/Dorcas/core-base/vendor/illuminate/container/Container.php(629): Illuminate\\Container\\Container->resolve('cache', Array)
#6 /Users/user/sites/Dorcas/core-base/vendor/laravel/lumen-framework/src/Application.php(274): Illuminate\\Container\\Container->make('cache', Array)
#7 /Users/user/sites/Dorcas/core-base/vendor/illuminate/container/Container.php(945): Laravel\\Lumen\\Application->make('cache')
#8 /Users/user/sites/Dorcas/core-base/vendor/illuminate/container/Container.php(873): Illuminate\\Container\\Container->resolveClass(Object(ReflectionParameter))
#9 /Users/user/sites/Dorcas/core-base/vendor/illuminate/container/Container.php(834): Illuminate\\Container\\Container->resolveDependencies(Array)
#10 /Users/user/sites/Dorcas/core-base/vendor/illuminate/container/Container.php(681): Illuminate\\Container\\Container->build('Spatie\\\\Permissi...')
#11 /Users/user/sites/Dorcas/core-base/vendor/illuminate/container/Container.php(629): Illuminate\\Container\\Container->resolve('Spatie\\\\Permissi...', Array)
#12 /Users/user/sites/Dorcas/core-base/vendor/laravel/lumen-framework/src/Application.php(274): Illuminate\\Container\\Container->make('Spatie\\\\Permissi...', Array)
#13 /Users/user/sites/Dorcas/core-base/vendor/illuminate/container/BoundMethod.php(173): Laravel\\Lumen\\Application->make('Spatie\\\\Permissi...')
#14 /Users/user/sites/Dorcas/core-base/vendor/illuminate/container/BoundMethod.php(124): Illuminate\\Container\\BoundMethod::addDependencyForCallParameter(Object(Laravel\\Lumen\\Application), Object(ReflectionParameter), Array, Array)
#15 /Users/user/sites/Dorcas/core-base/vendor/illuminate/container/BoundMethod.php(36): Illuminate\\Container\\BoundMethod::getMethodDependencies(Object(Laravel\\Lumen\\Application), Array, Array)
#16 /Users/user/sites/Dorcas/core-base/vendor/illuminate/container/Util.php(37): Illuminate\\Container\\BoundMethod::Illuminate\\Container\\{closure}()
#17 /Users/user/sites/Dorcas/core-base/vendor/illuminate/container/BoundMethod.php(93): Illuminate\\Container\\Util::unwrapIfClosure(Object(Closure))
#18 /Users/user/sites/Dorcas/core-base/vendor/illuminate/container/BoundMethod.php(37): Illuminate\\Container\\BoundMethod::callBoundMethod(Object(Laravel\\Lumen\\Application), Array, Object(Closure))
#19 /Users/user/sites/Dorcas/core-base/vendor/illuminate/container/Container.php(590): Illuminate\\Container\\BoundMethod::call(Object(Laravel\\Lumen\\Application), Array, Array, NULL)
#20 /Users/user/sites/Dorcas/core-base/vendor/laravel/lumen-framework/src/Application.php(251): Illuminate\\Container\\Container->call(Array)
#21 /Users/user/sites/Dorcas/core-base/vendor/laravel/lumen-framework/src/Application.php(236): Laravel\\Lumen\\Application->bootProvider(Object(Spatie\\Permission\\PermissionServiceProvider))
#22 [internal function]: Laravel\\Lumen\\Application->Laravel\\Lumen\\{closure}(Object(Spatie\\Permission\\PermissionServiceProvider), 'Spatie\\\\Permissi...')
#23 /Users/user/sites/Dorcas/core-base/vendor/laravel/lumen-framework/src/Application.php(237): array_walk(Array, Object(Closure))
#24 /Users/user/sites/Dorcas/core-base/vendor/laravel/lumen-framework/src/Concerns/RoutesRequests.php(159): Laravel\\Lumen\\Application->boot()
#25 /Users/user/sites/Dorcas/core-base/vendor/laravel/lumen-framework/src/Concerns/RoutesRequests.php(108): Laravel\\Lumen\\Application->dispatch(NULL)
#26 /Users/user/sites/Dorcas/core-base/public/index.php(28): Laravel\\Lumen\\Application->run()
#27 {main}
"} 
[2021-01-23 22:30:02] local.ERROR: LogicException: Key path "file:///Users/user/sites/Dorcas/core-base/storage/oauth-public.key" does not exist or is not readable in /Users/user/sites/Dorcas/core-base/vendor/league/oauth2-server/src/CryptKey.php:48
Stack trace:
#0 /Users/user/sites/Dorcas/core-base/vendor/laravel/passport/src/PassportServiceProvider.php(243): League\OAuth2\Server\CryptKey->__construct('file:///Users/u...', NULL, false)
#1 /Users/user/sites/Dorcas/core-base/vendor/laravel/passport/src/PassportServiceProvider.php(224): Laravel\Passport\PassportServiceProvider->makeCryptKey('public')
#2 /Users/user/sites/Dorcas/core-base/vendor/illuminate/container/Container.php(799): Laravel\Passport\PassportServiceProvider->Laravel\Passport\{closure}(Object(Laravel\Lumen\Application), Array)
#3 /Users/user/sites/Dorcas/core-base/vendor/illuminate/container/Container.php(681): Illuminate\Container\Container->build(Object(Closure))
#4 /Users/user/sites/Dorcas/core-base/vendor/illuminate/container/Container.php(629): Illuminate\Container\Container->resolve('League\\OAuth2\\S...', Array)
#5 /Users/user/sites/Dorcas/core-base/vendor/laravel/lumen-framework/src/Application.php(274): Illuminate\Container\Container->make('League\\OAuth2\\S...', Array)
#6 /Users/user/sites/Dorcas/core-base/vendor/laravel/passport/src/PassportServiceProvider.php(270): Laravel\Lumen\Application->make('League\\OAuth2\\S...')
#7 [internal function]: Laravel\Passport\PassportServiceProvider->Laravel\Passport\{closure}(Object(Laravel\Lumen\Http\Request), NULL)
#8 /Users/user/sites/Dorcas/core-base/vendor/illuminate/auth/RequestGuard.php(58): call_user_func(Object(Closure), Object(Laravel\Lumen\Http\Request), NULL)
#9 /Users/user/sites/Dorcas/core-base/vendor/illuminate/auth/GuardHelpers.php(60): Illuminate\Auth\RequestGuard->user()
#10 /Users/user/sites/Dorcas/core-base/vendor/illuminate/auth/GuardHelpers.php(70): Illuminate\Auth\RequestGuard->check()
#11 /Users/user/sites/Dorcas/core-base/app/Http/Middleware/Authenticate.php(40): Illuminate\Auth\RequestGuard->guest()
#12 /Users/user/sites/Dorcas/core-base/vendor/illuminate/pipeline/Pipeline.php(171): App\Http\Middleware\Authenticate->handle(Object(Laravel\Lumen\Http\Request), Object(Closure))
#13 [internal function]: Illuminate\Pipeline\Pipeline->Illuminate\Pipeline\{closure}(Object(Laravel\Lumen\Http\Request))
#14 /Users/user/sites/Dorcas/core-base/vendor/laravel/lumen-framework/src/Routing/Pipeline.php(32): call_user_func(Object(Closure), Object(Laravel\Lumen\Http\Request))
#15 /Users/user/sites/Dorcas/core-base/vendor/illuminate/pipeline/Pipeline.php(105): Laravel\Lumen\Routing\Pipeline->Laravel\Lumen\Routing\{closure}(Object(Laravel\Lumen\Http\Request))
#16 /Users/user/sites/Dorcas/core-base/vendor/laravel/lumen-framework/src/Concerns/RoutesRequests.php(413): Illuminate\Pipeline\Pipeline->then(Object(Closure))
#17 /Users/user/sites/Dorcas/core-base/vendor/laravel/lumen-framework/src/Concerns/RoutesRequests.php(259): Laravel\Lumen\Application->sendThroughPipeline(Array, Object(Closure))
#18 /Users/user/sites/Dorcas/core-base/vendor/laravel/lumen-framework/src/Concerns/RoutesRequests.php(165): Laravel\Lumen\Application->handleFoundRoute(Array)
#19 [internal function]: Laravel\Lumen\Application->Laravel\Lumen\Concerns\{closure}(Object(Laravel\Lumen\Http\Request))
#20 /Users/user/sites/Dorcas/core-base/vendor/laravel/lumen-framework/src/Routing/Pipeline.php(52): call_user_func(Object(Closure), Object(Laravel\Lumen\Http\Request))
#21 /Users/user/sites/Dorcas/core-base/app/Http/Middleware/InstalledAppUserDataAccessGate.php(26): Laravel\Lumen\Routing\Pipeline->Laravel\Lumen\Routing\{closure}(Object(Laravel\Lumen\Http\Request))
#22 /Users/user/sites/Dorcas/core-base/vendor/illuminate/pipeline/Pipeline.php(171): App\Http\Middleware\InstalledAppUserDataAccessGate->handle(Object(Laravel\Lumen\Http\Request), Object(Closure))
#23 [internal function]: Illuminate\Pipeline\Pipeline->Illuminate\Pipeline\{closure}(Object(Laravel\Lumen\Http\Request))
#24 /Users/user/sites/Dorcas/core-base/vendor/laravel/lumen-framework/src/Routing/Pipeline.php(32): call_user_func(Object(Closure), Object(Laravel\Lumen\Http\Request))
#25 /Users/user/sites/Dorcas/core-base/app/Http/Middleware/ResolveApplicationId.php(32): Laravel\Lumen\Routing\Pipeline->Laravel\Lumen\Routing\{closure}(Object(Laravel\Lumen\Http\Request))
#26 /Users/user/sites/Dorcas/core-base/vendor/illuminate/pipeline/Pipeline.php(171): App\Http\Middleware\ResolveApplicationId->handle(Object(Laravel\Lumen\Http\Request), Object(Closure))
#27 [internal function]: Illuminate\Pipeline\Pipeline->Illuminate\Pipeline\{closure}(Object(Laravel\Lumen\Http\Request))
#28 /Users/user/sites/Dorcas/core-base/vendor/laravel/lumen-framework/src/Routing/Pipeline.php(32): call_user_func(Object(Closure), Object(Laravel\Lumen\Http\Request))
#29 /Users/user/sites/Dorcas/core-base/vendor/illuminate/pipeline/Pipeline.php(105): Laravel\Lumen\Routing\Pipeline->Laravel\Lumen\Routing\{closure}(Object(Laravel\Lumen\Http\Request))
#30 /Users/user/sites/Dorcas/core-base/vendor/laravel/lumen-framework/src/Concerns/RoutesRequests.php(413): Illuminate\Pipeline\Pipeline->then(Object(Closure))
#31 /Users/user/sites/Dorcas/core-base/vendor/laravel/lumen-framework/src/Concerns/RoutesRequests.php(171): Laravel\Lumen\Application->sendThroughPipeline(Array, Object(Closure))
#32 /Users/user/sites/Dorcas/core-base/vendor/laravel/lumen-framework/src/Concerns/RoutesRequests.php(108): Laravel\Lumen\Application->dispatch(NULL)
#33 /Users/user/sites/Dorcas/core-base/public/index.php(28): Laravel\Lumen\Application->run()
#34 {main} {"exception":"[object] (LogicException(code: 0): Key path \"file:///Users/user/sites/Dorcas/core-base/storage/oauth-public.key\" does not exist or is not readable at /Users/user/sites/Dorcas/core-base/vendor/league/oauth2-server/src/CryptKey.php:48)
[stacktrace]
#0 /Users/user/sites/Dorcas/core-base/vendor/laravel/passport/src/PassportServiceProvider.php(243): League\\OAuth2\\Server\\CryptKey->__construct('file:///Users/u...', NULL, false)
#1 /Users/user/sites/Dorcas/core-base/vendor/laravel/passport/src/PassportServiceProvider.php(224): Laravel\\Passport\\PassportServiceProvider->makeCryptKey('public')
#2 /Users/user/sites/Dorcas/core-base/vendor/illuminate/container/Container.php(799): Laravel\\Passport\\PassportServiceProvider->Laravel\\Passport\\{closure}(Object(Laravel\\Lumen\\Application), Array)
#3 /Users/user/sites/Dorcas/core-base/vendor/illuminate/container/Container.php(681): Illuminate\\Container\\Container->build(Object(Closure))
#4 /Users/user/sites/Dorcas/core-base/vendor/illuminate/container/Container.php(629): Illuminate\\Container\\Container->resolve('League\\\\OAuth2\\\\S...', Array)
#5 /Users/user/sites/Dorcas/core-base/vendor/laravel/lumen-framework/src/Application.php(274): Illuminate\\Container\\Container->make('League\\\\OAuth2\\\\S...', Array)
#6 /Users/user/sites/Dorcas/core-base/vendor/laravel/passport/src/PassportServiceProvider.php(270): Laravel\\Lumen\\Application->make('League\\\\OAuth2\\\\S...')
#7 [internal function]: Laravel\\Passport\\PassportServiceProvider->Laravel\\Passport\\{closure}(Object(Laravel\\Lumen\\Http\\Request), NULL)
#8 /Users/user/sites/Dorcas/core-base/vendor/illuminate/auth/RequestGuard.php(58): call_user_func(Object(Closure), Object(Laravel\\Lumen\\Http\\Request), NULL)
#9 /Users/user/sites/Dorcas/core-base/vendor/illuminate/auth/GuardHelpers.php(60): Illuminate\\Auth\\RequestGuard->user()
#10 /Users/user/sites/Dorcas/core-base/vendor/illuminate/auth/GuardHelpers.php(70): Illuminate\\Auth\\RequestGuard->check()
#11 /Users/user/sites/Dorcas/core-base/app/Http/Middleware/Authenticate.php(40): Illuminate\\Auth\\RequestGuard->guest()
#12 /Users/user/sites/Dorcas/core-base/vendor/illuminate/pipeline/Pipeline.php(171): App\\Http\\Middleware\\Authenticate->handle(Object(Laravel\\Lumen\\Http\\Request), Object(Closure))
#13 [internal function]: Illuminate\\Pipeline\\Pipeline->Illuminate\\Pipeline\\{closure}(Object(Laravel\\Lumen\\Http\\Request))
#14 /Users/user/sites/Dorcas/core-base/vendor/laravel/lumen-framework/src/Routing/Pipeline.php(32): call_user_func(Object(Closure), Object(Laravel\\Lumen\\Http\\Request))
#15 /Users/user/sites/Dorcas/core-base/vendor/illuminate/pipeline/Pipeline.php(105): Laravel\\Lumen\\Routing\\Pipeline->Laravel\\Lumen\\Routing\\{closure}(Object(Laravel\\Lumen\\Http\\Request))
#16 /Users/user/sites/Dorcas/core-base/vendor/laravel/lumen-framework/src/Concerns/RoutesRequests.php(413): Illuminate\\Pipeline\\Pipeline->then(Object(Closure))
#17 /Users/user/sites/Dorcas/core-base/vendor/laravel/lumen-framework/src/Concerns/RoutesRequests.php(259): Laravel\\Lumen\\Application->sendThroughPipeline(Array, Object(Closure))
#18 /Users/user/sites/Dorcas/core-base/vendor/laravel/lumen-framework/src/Concerns/RoutesRequests.php(165): Laravel\\Lumen\\Application->handleFoundRoute(Array)
#19 [internal function]: Laravel\\Lumen\\Application->Laravel\\Lumen\\Concerns\\{closure}(Object(Laravel\\Lumen\\Http\\Request))
#20 /Users/user/sites/Dorcas/core-base/vendor/laravel/lumen-framework/src/Routing/Pipeline.php(52): call_user_func(Object(Closure), Object(Laravel\\Lumen\\Http\\Request))
#21 /Users/user/sites/Dorcas/core-base/app/Http/Middleware/InstalledAppUserDataAccessGate.php(26): Laravel\\Lumen\\Routing\\Pipeline->Laravel\\Lumen\\Routing\\{closure}(Object(Laravel\\Lumen\\Http\\Request))
#22 /Users/user/sites/Dorcas/core-base/vendor/illuminate/pipeline/Pipeline.php(171): App\\Http\\Middleware\\InstalledAppUserDataAccessGate->handle(Object(Laravel\\Lumen\\Http\\Request), Object(Closure))
#23 [internal function]: Illuminate\\Pipeline\\Pipeline->Illuminate\\Pipeline\\{closure}(Object(Laravel\\Lumen\\Http\\Request))
#24 /Users/user/sites/Dorcas/core-base/vendor/laravel/lumen-framework/src/Routing/Pipeline.php(32): call_user_func(Object(Closure), Object(Laravel\\Lumen\\Http\\Request))
#25 /Users/user/sites/Dorcas/core-base/app/Http/Middleware/ResolveApplicationId.php(32): Laravel\\Lumen\\Routing\\Pipeline->Laravel\\Lumen\\Routing\\{closure}(Object(Laravel\\Lumen\\Http\\Request))
#26 /Users/user/sites/Dorcas/core-base/vendor/illuminate/pipeline/Pipeline.php(171): App\\Http\\Middleware\\ResolveApplicationId->handle(Object(Laravel\\Lumen\\Http\\Request), Object(Closure))
#27 [internal function]: Illuminate\\Pipeline\\Pipeline->Illuminate\\Pipeline\\{closure}(Object(Laravel\\Lumen\\Http\\Request))
#28 /Users/user/sites/Dorcas/core-base/vendor/laravel/lumen-framework/src/Routing/Pipeline.php(32): call_user_func(Object(Closure), Object(Laravel\\Lumen\\Http\\Request))
#29 /Users/user/sites/Dorcas/core-base/vendor/illuminate/pipeline/Pipeline.php(105): Laravel\\Lumen\\Routing\\Pipeline->Laravel\\Lumen\\Routing\\{closure}(Object(Laravel\\Lumen\\Http\\Request))
#30 /Users/user/sites/Dorcas/core-base/vendor/laravel/lumen-framework/src/Concerns/RoutesRequests.php(413): Illuminate\\Pipeline\\Pipeline->then(Object(Closure))
#31 /Users/user/sites/Dorcas/core-base/vendor/laravel/lumen-framework/src/Concerns/RoutesRequests.php(171): Laravel\\Lumen\\Application->sendThroughPipeline(Array, Object(Closure))
#32 /Users/user/sites/Dorcas/core-base/vendor/laravel/lumen-framework/src/Concerns/RoutesRequests.php(108): Laravel\\Lumen\\Application->dispatch(NULL)
#33 /Users/user/sites/Dorcas/core-base/public/index.php(28): Laravel\\Lumen\\Application->run()
#34 {main}
"} 
[2021-01-23 22:30:02] local.ERROR: LogicException: Key path "file:///Users/user/sites/Dorcas/core-base/storage/oauth-public.key" does not exist or is not readable in /Users/user/sites/Dorcas/core-base/vendor/league/oauth2-server/src/CryptKey.php:48
Stack trace:
#0 /Users/user/sites/Dorcas/core-base/vendor/laravel/passport/src/PassportServiceProvider.php(243): League\OAuth2\Server\CryptKey->__construct('file:///Users/u...', NULL, false)
#1 /Users/user/sites/Dorcas/core-base/vendor/laravel/passport/src/PassportServiceProvider.php(224): Laravel\Passport\PassportServiceProvider->makeCryptKey('public')
#2 /Users/user/sites/Dorcas/core-base/vendor/illuminate/container/Container.php(799): Laravel\Passport\PassportServiceProvider->Laravel\Passport\{closure}(Object(Laravel\Lumen\Application), Array)
#3 /Users/user/sites/Dorcas/core-base/vendor/illuminate/container/Container.php(681): Illuminate\Container\Container->build(Object(Closure))
#4 /Users/user/sites/Dorcas/core-base/vendor/illuminate/container/Container.php(629): Illuminate\Container\Container->resolve('League\\OAuth2\\S...', Array)
#5 /Users/user/sites/Dorcas/core-base/vendor/laravel/lumen-framework/src/Application.php(274): Illuminate\Container\Container->make('League\\OAuth2\\S...', Array)
#6 /Users/user/sites/Dorcas/core-base/vendor/laravel/passport/src/PassportServiceProvider.php(270): Laravel\Lumen\Application->make('League\\OAuth2\\S...')
#7 [internal function]: Laravel\Passport\PassportServiceProvider->Laravel\Passport\{closure}(Object(Laravel\Lumen\Http\Request), NULL)
#8 /Users/user/sites/Dorcas/core-base/vendor/illuminate/auth/RequestGuard.php(58): call_user_func(Object(Closure), Object(Laravel\Lumen\Http\Request), NULL)
#9 /Users/user/sites/Dorcas/core-base/vendor/illuminate/auth/AuthManager.php(54): Illuminate\Auth\RequestGuard->user()
#10 [internal function]: Illuminate\Auth\AuthManager->Illuminate\Auth\{closure}(NULL)
#11 /Users/user/sites/Dorcas/core-base/vendor/illuminate/auth/AuthServiceProvider.php(106): call_user_func(Object(Closure), NULL)
#12 [internal function]: Illuminate\Auth\AuthServiceProvider->Illuminate\Auth\{closure}(NULL)
#13 /Users/user/sites/Dorcas/core-base/vendor/illuminate/http/Request.php(522): call_user_func(Object(Closure), NULL)
#14 /Users/user/sites/Dorcas/core-base/app/Http/Middleware/InstalledAppUserDataAccessGate.php(27): Illuminate\Http\Request->user()
#15 /Users/user/sites/Dorcas/core-base/vendor/illuminate/pipeline/Pipeline.php(171): App\Http\Middleware\InstalledAppUserDataAccessGate->handle(Object(Laravel\Lumen\Http\Request), Object(Closure))
#16 [internal function]: Illuminate\Pipeline\Pipeline->Illuminate\Pipeline\{closure}(Object(Laravel\Lumen\Http\Request))
#17 /Users/user/sites/Dorcas/core-base/vendor/laravel/lumen-framework/src/Routing/Pipeline.php(32): call_user_func(Object(Closure), Object(Laravel\Lumen\Http\Request))
#18 /Users/user/sites/Dorcas/core-base/app/Http/Middleware/ResolveApplicationId.php(32): Laravel\Lumen\Routing\Pipeline->Laravel\Lumen\Routing\{closure}(Object(Laravel\Lumen\Http\Request))
#19 /Users/user/sites/Dorcas/core-base/vendor/illuminate/pipeline/Pipeline.php(171): App\Http\Middleware\ResolveApplicationId->handle(Object(Laravel\Lumen\Http\Request), Object(Closure))
#20 [internal function]: Illuminate\Pipeline\Pipeline->Illuminate\Pipeline\{closure}(Object(Laravel\Lumen\Http\Request))
#21 /Users/user/sites/Dorcas/core-base/vendor/laravel/lumen-framework/src/Routing/Pipeline.php(32): call_user_func(Object(Closure), Object(Laravel\Lumen\Http\Request))
#22 /Users/user/sites/Dorcas/core-base/vendor/illuminate/pipeline/Pipeline.php(105): Laravel\Lumen\Routing\Pipeline->Laravel\Lumen\Routing\{closure}(Object(Laravel\Lumen\Http\Request))
#23 /Users/user/sites/Dorcas/core-base/vendor/laravel/lumen-framework/src/Concerns/RoutesRequests.php(413): Illuminate\Pipeline\Pipeline->then(Object(Closure))
#24 /Users/user/sites/Dorcas/core-base/vendor/laravel/lumen-framework/src/Concerns/RoutesRequests.php(171): Laravel\Lumen\Application->sendThroughPipeline(Array, Object(Closure))
#25 /Users/user/sites/Dorcas/core-base/vendor/laravel/lumen-framework/src/Concerns/RoutesRequests.php(108): Laravel\Lumen\Application->dispatch(NULL)
#26 /Users/user/sites/Dorcas/core-base/public/index.php(28): Laravel\Lumen\Application->run()
#27 {main} {"exception":"[object] (LogicException(code: 0): Key path \"file:///Users/user/sites/Dorcas/core-base/storage/oauth-public.key\" does not exist or is not readable at /Users/user/sites/Dorcas/core-base/vendor/league/oauth2-server/src/CryptKey.php:48)
[stacktrace]
#0 /Users/user/sites/Dorcas/core-base/vendor/laravel/passport/src/PassportServiceProvider.php(243): League\\OAuth2\\Server\\CryptKey->__construct('file:///Users/u...', NULL, false)
#1 /Users/user/sites/Dorcas/core-base/vendor/laravel/passport/src/PassportServiceProvider.php(224): Laravel\\Passport\\PassportServiceProvider->makeCryptKey('public')
#2 /Users/user/sites/Dorcas/core-base/vendor/illuminate/container/Container.php(799): Laravel\\Passport\\PassportServiceProvider->Laravel\\Passport\\{closure}(Object(Laravel\\Lumen\\Application), Array)
#3 /Users/user/sites/Dorcas/core-base/vendor/illuminate/container/Container.php(681): Illuminate\\Container\\Container->build(Object(Closure))
#4 /Users/user/sites/Dorcas/core-base/vendor/illuminate/container/Container.php(629): Illuminate\\Container\\Container->resolve('League\\\\OAuth2\\\\S...', Array)
#5 /Users/user/sites/Dorcas/core-base/vendor/laravel/lumen-framework/src/Application.php(274): Illuminate\\Container\\Container->make('League\\\\OAuth2\\\\S...', Array)
#6 /Users/user/sites/Dorcas/core-base/vendor/laravel/passport/src/PassportServiceProvider.php(270): Laravel\\Lumen\\Application->make('League\\\\OAuth2\\\\S...')
#7 [internal function]: Laravel\\Passport\\PassportServiceProvider->Laravel\\Passport\\{closure}(Object(Laravel\\Lumen\\Http\\Request), NULL)
#8 /Users/user/sites/Dorcas/core-base/vendor/illuminate/auth/RequestGuard.php(58): call_user_func(Object(Closure), Object(Laravel\\Lumen\\Http\\Request), NULL)
#9 /Users/user/sites/Dorcas/core-base/vendor/illuminate/auth/AuthManager.php(54): Illuminate\\Auth\\RequestGuard->user()
#10 [internal function]: Illuminate\\Auth\\AuthManager->Illuminate\\Auth\\{closure}(NULL)
#11 /Users/user/sites/Dorcas/core-base/vendor/illuminate/auth/AuthServiceProvider.php(106): call_user_func(Object(Closure), NULL)
#12 [internal function]: Illuminate\\Auth\\AuthServiceProvider->Illuminate\\Auth\\{closure}(NULL)
#13 /Users/user/sites/Dorcas/core-base/vendor/illuminate/http/Request.php(522): call_user_func(Object(Closure), NULL)
#14 /Users/user/sites/Dorcas/core-base/app/Http/Middleware/InstalledAppUserDataAccessGate.php(27): Illuminate\\Http\\Request->user()
#15 /Users/user/sites/Dorcas/core-base/vendor/illuminate/pipeline/Pipeline.php(171): App\\Http\\Middleware\\InstalledAppUserDataAccessGate->handle(Object(Laravel\\Lumen\\Http\\Request), Object(Closure))
#16 [internal function]: Illuminate\\Pipeline\\Pipeline->Illuminate\\Pipeline\\{closure}(Object(Laravel\\Lumen\\Http\\Request))
#17 /Users/user/sites/Dorcas/core-base/vendor/laravel/lumen-framework/src/Routing/Pipeline.php(32): call_user_func(Object(Closure), Object(Laravel\\Lumen\\Http\\Request))
#18 /Users/user/sites/Dorcas/core-base/app/Http/Middleware/ResolveApplicationId.php(32): Laravel\\Lumen\\Routing\\Pipeline->Laravel\\Lumen\\Routing\\{closure}(Object(Laravel\\Lumen\\Http\\Request))
#19 /Users/user/sites/Dorcas/core-base/vendor/illuminate/pipeline/Pipeline.php(171): App\\Http\\Middleware\\ResolveApplicationId->handle(Object(Laravel\\Lumen\\Http\\Request), Object(Closure))
#20 [internal function]: Illuminate\\Pipeline\\Pipeline->Illuminate\\Pipeline\\{closure}(Object(Laravel\\Lumen\\Http\\Request))
#21 /Users/user/sites/Dorcas/core-base/vendor/laravel/lumen-framework/src/Routing/Pipeline.php(32): call_user_func(Object(Closure), Object(Laravel\\Lumen\\Http\\Request))
#22 /Users/user/sites/Dorcas/core-base/vendor/illuminate/pipeline/Pipeline.php(105): Laravel\\Lumen\\Routing\\Pipeline->Laravel\\Lumen\\Routing\\{closure}(Object(Laravel\\Lumen\\Http\\Request))
#23 /Users/user/sites/Dorcas/core-base/vendor/laravel/lumen-framework/src/Concerns/RoutesRequests.php(413): Illuminate\\Pipeline\\Pipeline->then(Object(Closure))
#24 /Users/user/sites/Dorcas/core-base/vendor/laravel/lumen-framework/src/Concerns/RoutesRequests.php(171): Laravel\\Lumen\\Application->sendThroughPipeline(Array, Object(Closure))
#25 /Users/user/sites/Dorcas/core-base/vendor/laravel/lumen-framework/src/Concerns/RoutesRequests.php(108): Laravel\\Lumen\\Application->dispatch(NULL)
#26 /Users/user/sites/Dorcas/core-base/public/index.php(28): Laravel\\Lumen\\Application->run()
#27 {main}
"} 
[2021-01-23 22:31:27] local.ERROR: ReflectionException: Class path.config does not exist in /Users/user/sites/Dorcas/core-base/vendor/illuminate/container/Container.php:803
Stack trace:
#0 /Users/user/sites/Dorcas/core-base/vendor/illuminate/container/Container.php(803): ReflectionClass->__construct('path.config')
#1 /Users/user/sites/Dorcas/core-base/vendor/illuminate/container/Container.php(681): Illuminate\Container\Container->build('path.config')
#2 /Users/user/sites/Dorcas/core-base/vendor/illuminate/container/Container.php(629): Illuminate\Container\Container->resolve('path.config', Array)
#3 /Users/user/sites/Dorcas/core-base/vendor/laravel/lumen-framework/src/Application.php(274): Illuminate\Container\Container->make('path.config', Array)
#4 /Users/user/sites/Dorcas/core-base/vendor/illuminate/container/Container.php(1245): Laravel\Lumen\Application->make('path.config')
#5 /Users/user/sites/Dorcas/core-base/vendor/laravel/scout/src/ScoutServiceProvider.php(31): Illuminate\Container\Container->offsetGet('path.config')
#6 /Users/user/sites/Dorcas/core-base/vendor/laravel/lumen-framework/src/Application.php(207): Laravel\Scout\ScoutServiceProvider->register()
#7 /Users/user/sites/Dorcas/core-base/bootstrap/app.php(166): Laravel\Lumen\Application->register(Object(Laravel\Scout\ScoutServiceProvider))
#8 /Users/user/sites/Dorcas/core-base/artisan(18): require('/Users/user/sit...')
#9 {main}

Next Illuminate\Contracts\Container\BindingResolutionException: Target class [path.config] does not exist. in /Users/user/sites/Dorcas/core-base/vendor/illuminate/container/Container.php:805
Stack trace:
#0 /Users/user/sites/Dorcas/core-base/vendor/illuminate/container/Container.php(681): Illuminate\Container\Container->build('path.config')
#1 /Users/user/sites/Dorcas/core-base/vendor/illuminate/container/Container.php(629): Illuminate\Container\Container->resolve('path.config', Array)
#2 /Users/user/sites/Dorcas/core-base/vendor/laravel/lumen-framework/src/Application.php(274): Illuminate\Container\Container->make('path.config', Array)
#3 /Users/user/sites/Dorcas/core-base/vendor/illuminate/container/Container.php(1245): Laravel\Lumen\Application->make('path.config')
#4 /Users/user/sites/Dorcas/core-base/vendor/laravel/scout/src/ScoutServiceProvider.php(31): Illuminate\Container\Container->offsetGet('path.config')
#5 /Users/user/sites/Dorcas/core-base/vendor/laravel/lumen-framework/src/Application.php(207): Laravel\Scout\ScoutServiceProvider->register()
#6 /Users/user/sites/Dorcas/core-base/bootstrap/app.php(166): Laravel\Lumen\Application->register(Object(Laravel\Scout\ScoutServiceProvider))
#7 /Users/user/sites/Dorcas/core-base/artisan(18): require('/Users/user/sit...')
#8 {main} {"exception":"[object] (Illuminate\\Contracts\\Container\\BindingResolutionException(code: 0): Target class [path.config] does not exist. at /Users/user/sites/Dorcas/core-base/vendor/illuminate/container/Container.php:805)
[stacktrace]
#0 /Users/user/sites/Dorcas/core-base/vendor/illuminate/container/Container.php(681): Illuminate\\Container\\Container->build('path.config')
#1 /Users/user/sites/Dorcas/core-base/vendor/illuminate/container/Container.php(629): Illuminate\\Container\\Container->resolve('path.config', Array)
#2 /Users/user/sites/Dorcas/core-base/vendor/laravel/lumen-framework/src/Application.php(274): Illuminate\\Container\\Container->make('path.config', Array)
#3 /Users/user/sites/Dorcas/core-base/vendor/illuminate/container/Container.php(1245): Laravel\\Lumen\\Application->make('path.config')
#4 /Users/user/sites/Dorcas/core-base/vendor/laravel/scout/src/ScoutServiceProvider.php(31): Illuminate\\Container\\Container->offsetGet('path.config')
#5 /Users/user/sites/Dorcas/core-base/vendor/laravel/lumen-framework/src/Application.php(207): Laravel\\Scout\\ScoutServiceProvider->register()
#6 /Users/user/sites/Dorcas/core-base/bootstrap/app.php(166): Laravel\\Lumen\\Application->register(Object(Laravel\\Scout\\ScoutServiceProvider))
#7 /Users/user/sites/Dorcas/core-base/artisan(18): require('/Users/user/sit...')
#8 {main}

[previous exception] [object] (ReflectionException(code: -1): Class path.config does not exist at /Users/user/sites/Dorcas/core-base/vendor/illuminate/container/Container.php:803)
[stacktrace]
#0 /Users/user/sites/Dorcas/core-base/vendor/illuminate/container/Container.php(803): ReflectionClass->__construct('path.config')
#1 /Users/user/sites/Dorcas/core-base/vendor/illuminate/container/Container.php(681): Illuminate\\Container\\Container->build('path.config')
#2 /Users/user/sites/Dorcas/core-base/vendor/illuminate/container/Container.php(629): Illuminate\\Container\\Container->resolve('path.config', Array)
#3 /Users/user/sites/Dorcas/core-base/vendor/laravel/lumen-framework/src/Application.php(274): Illuminate\\Container\\Container->make('path.config', Array)
#4 /Users/user/sites/Dorcas/core-base/vendor/illuminate/container/Container.php(1245): Laravel\\Lumen\\Application->make('path.config')
#5 /Users/user/sites/Dorcas/core-base/vendor/laravel/scout/src/ScoutServiceProvider.php(31): Illuminate\\Container\\Container->offsetGet('path.config')
#6 /Users/user/sites/Dorcas/core-base/vendor/laravel/lumen-framework/src/Application.php(207): Laravel\\Scout\\ScoutServiceProvider->register()
#7 /Users/user/sites/Dorcas/core-base/bootstrap/app.php(166): Laravel\\Lumen\\Application->register(Object(Laravel\\Scout\\ScoutServiceProvider))
#8 /Users/user/sites/Dorcas/core-base/artisan(18): require('/Users/user/sit...')
#9 {main}
"} 
[2021-01-23 22:32:27] local.ERROR: ReflectionException: Class path.config does not exist in /Users/user/sites/Dorcas/core-base/vendor/illuminate/container/Container.php:803
Stack trace:
#0 /Users/user/sites/Dorcas/core-base/vendor/illuminate/container/Container.php(803): ReflectionClass->__construct('path.config')
#1 /Users/user/sites/Dorcas/core-base/vendor/illuminate/container/Container.php(681): Illuminate\Container\Container->build('path.config')
#2 /Users/user/sites/Dorcas/core-base/vendor/illuminate/container/Container.php(629): Illuminate\Container\Container->resolve('path.config', Array)
#3 /Users/user/sites/Dorcas/core-base/vendor/laravel/lumen-framework/src/Application.php(274): Illuminate\Container\Container->make('path.config', Array)
#4 /Users/user/sites/Dorcas/core-base/vendor/illuminate/container/Container.php(1245): Laravel\Lumen\Application->make('path.config')
#5 /Users/user/sites/Dorcas/core-base/vendor/laravel/scout/src/ScoutServiceProvider.php(31): Illuminate\Container\Container->offsetGet('path.config')
#6 /Users/user/sites/Dorcas/core-base/vendor/laravel/lumen-framework/src/Application.php(207): Laravel\Scout\ScoutServiceProvider->register()
#7 /Users/user/sites/Dorcas/core-base/bootstrap/app.php(166): Laravel\Lumen\Application->register(Object(Laravel\Scout\ScoutServiceProvider))
#8 /Users/user/sites/Dorcas/core-base/artisan(18): require('/Users/user/sit...')
#9 {main}

Next Illuminate\Contracts\Container\BindingResolutionException: Target class [path.config] does not exist. in /Users/user/sites/Dorcas/core-base/vendor/illuminate/container/Container.php:805
Stack trace:
#0 /Users/user/sites/Dorcas/core-base/vendor/illuminate/container/Container.php(681): Illuminate\Container\Container->build('path.config')
#1 /Users/user/sites/Dorcas/core-base/vendor/illuminate/container/Container.php(629): Illuminate\Container\Container->resolve('path.config', Array)
#2 /Users/user/sites/Dorcas/core-base/vendor/laravel/lumen-framework/src/Application.php(274): Illuminate\Container\Container->make('path.config', Array)
#3 /Users/user/sites/Dorcas/core-base/vendor/illuminate/container/Container.php(1245): Laravel\Lumen\Application->make('path.config')
#4 /Users/user/sites/Dorcas/core-base/vendor/laravel/scout/src/ScoutServiceProvider.php(31): Illuminate\Container\Container->offsetGet('path.config')
#5 /Users/user/sites/Dorcas/core-base/vendor/laravel/lumen-framework/src/Application.php(207): Laravel\Scout\ScoutServiceProvider->register()
#6 /Users/user/sites/Dorcas/core-base/bootstrap/app.php(166): Laravel\Lumen\Application->register(Object(Laravel\Scout\ScoutServiceProvider))
#7 /Users/user/sites/Dorcas/core-base/artisan(18): require('/Users/user/sit...')
#8 {main} {"exception":"[object] (Illuminate\\Contracts\\Container\\BindingResolutionException(code: 0): Target class [path.config] does not exist. at /Users/user/sites/Dorcas/core-base/vendor/illuminate/container/Container.php:805)
[stacktrace]
#0 /Users/user/sites/Dorcas/core-base/vendor/illuminate/container/Container.php(681): Illuminate\\Container\\Container->build('path.config')
#1 /Users/user/sites/Dorcas/core-base/vendor/illuminate/container/Container.php(629): Illuminate\\Container\\Container->resolve('path.config', Array)
#2 /Users/user/sites/Dorcas/core-base/vendor/laravel/lumen-framework/src/Application.php(274): Illuminate\\Container\\Container->make('path.config', Array)
#3 /Users/user/sites/Dorcas/core-base/vendor/illuminate/container/Container.php(1245): Laravel\\Lumen\\Application->make('path.config')
#4 /Users/user/sites/Dorcas/core-base/vendor/laravel/scout/src/ScoutServiceProvider.php(31): Illuminate\\Container\\Container->offsetGet('path.config')
#5 /Users/user/sites/Dorcas/core-base/vendor/laravel/lumen-framework/src/Application.php(207): Laravel\\Scout\\ScoutServiceProvider->register()
#6 /Users/user/sites/Dorcas/core-base/bootstrap/app.php(166): Laravel\\Lumen\\Application->register(Object(Laravel\\Scout\\ScoutServiceProvider))
#7 /Users/user/sites/Dorcas/core-base/artisan(18): require('/Users/user/sit...')
#8 {main}

[previous exception] [object] (ReflectionException(code: -1): Class path.config does not exist at /Users/user/sites/Dorcas/core-base/vendor/illuminate/container/Container.php:803)
[stacktrace]
#0 /Users/user/sites/Dorcas/core-base/vendor/illuminate/container/Container.php(803): ReflectionClass->__construct('path.config')
#1 /Users/user/sites/Dorcas/core-base/vendor/illuminate/container/Container.php(681): Illuminate\\Container\\Container->build('path.config')
#2 /Users/user/sites/Dorcas/core-base/vendor/illuminate/container/Container.php(629): Illuminate\\Container\\Container->resolve('path.config', Array)
#3 /Users/user/sites/Dorcas/core-base/vendor/laravel/lumen-framework/src/Application.php(274): Illuminate\\Container\\Container->make('path.config', Array)
#4 /Users/user/sites/Dorcas/core-base/vendor/illuminate/container/Container.php(1245): Laravel\\Lumen\\Application->make('path.config')
#5 /Users/user/sites/Dorcas/core-base/vendor/laravel/scout/src/ScoutServiceProvider.php(31): Illuminate\\Container\\Container->offsetGet('path.config')
#6 /Users/user/sites/Dorcas/core-base/vendor/laravel/lumen-framework/src/Application.php(207): Laravel\\Scout\\ScoutServiceProvider->register()
#7 /Users/user/sites/Dorcas/core-base/bootstrap/app.php(166): Laravel\\Lumen\\Application->register(Object(Laravel\\Scout\\ScoutServiceProvider))
#8 /Users/user/sites/Dorcas/core-base/artisan(18): require('/Users/user/sit...')
#9 {main}
"} 
[2021-01-23 23:57:26] local.ERROR: Illuminate\Auth\AuthenticationException: Unauthenticated. in /Users/user/sites/Dorcas/core-base/app/Http/Middleware/Authenticate.php:41
Stack trace:
#0 /Users/user/sites/Dorcas/core-base/vendor/illuminate/pipeline/Pipeline.php(171): App\Http\Middleware\Authenticate->handle(Object(Laravel\Lumen\Http\Request), Object(Closure))
#1 [internal function]: Illuminate\Pipeline\Pipeline->Illuminate\Pipeline\{closure}(Object(Laravel\Lumen\Http\Request))
#2 /Users/user/sites/Dorcas/core-base/vendor/laravel/lumen-framework/src/Routing/Pipeline.php(32): call_user_func(Object(Closure), Object(Laravel\Lumen\Http\Request))
#3 /Users/user/sites/Dorcas/core-base/vendor/illuminate/pipeline/Pipeline.php(105): Laravel\Lumen\Routing\Pipeline->Laravel\Lumen\Routing\{closure}(Object(Laravel\Lumen\Http\Request))
#4 /Users/user/sites/Dorcas/core-base/vendor/laravel/lumen-framework/src/Concerns/RoutesRequests.php(413): Illuminate\Pipeline\Pipeline->then(Object(Closure))
#5 /Users/user/sites/Dorcas/core-base/vendor/laravel/lumen-framework/src/Concerns/RoutesRequests.php(259): Laravel\Lumen\Application->sendThroughPipeline(Array, Object(Closure))
#6 /Users/user/sites/Dorcas/core-base/vendor/laravel/lumen-framework/src/Concerns/RoutesRequests.php(165): Laravel\Lumen\Application->handleFoundRoute(Array)
#7 [internal function]: Laravel\Lumen\Application->Laravel\Lumen\Concerns\{closure}(Object(Laravel\Lumen\Http\Request))
#8 /Users/user/sites/Dorcas/core-base/vendor/laravel/lumen-framework/src/Routing/Pipeline.php(52): call_user_func(Object(Closure), Object(Laravel\Lumen\Http\Request))
#9 /Users/user/sites/Dorcas/core-base/app/Http/Middleware/InstalledAppUserDataAccessGate.php(26): Laravel\Lumen\Routing\Pipeline->Laravel\Lumen\Routing\{closure}(Object(Laravel\Lumen\Http\Request))
#10 /Users/user/sites/Dorcas/core-base/vendor/illuminate/pipeline/Pipeline.php(171): App\Http\Middleware\InstalledAppUserDataAccessGate->handle(Object(Laravel\Lumen\Http\Request), Object(Closure))
#11 [internal function]: Illuminate\Pipeline\Pipeline->Illuminate\Pipeline\{closure}(Object(Laravel\Lumen\Http\Request))
#12 /Users/user/sites/Dorcas/core-base/vendor/laravel/lumen-framework/src/Routing/Pipeline.php(32): call_user_func(Object(Closure), Object(Laravel\Lumen\Http\Request))
#13 /Users/user/sites/Dorcas/core-base/app/Http/Middleware/ResolveApplicationId.php(32): Laravel\Lumen\Routing\Pipeline->Laravel\Lumen\Routing\{closure}(Object(Laravel\Lumen\Http\Request))
#14 /Users/user/sites/Dorcas/core-base/vendor/illuminate/pipeline/Pipeline.php(171): App\Http\Middleware\ResolveApplicationId->handle(Object(Laravel\Lumen\Http\Request), Object(Closure))
#15 [internal function]: Illuminate\Pipeline\Pipeline->Illuminate\Pipeline\{closure}(Object(Laravel\Lumen\Http\Request))
#16 /Users/user/sites/Dorcas/core-base/vendor/laravel/lumen-framework/src/Routing/Pipeline.php(32): call_user_func(Object(Closure), Object(Laravel\Lumen\Http\Request))
#17 /Users/user/sites/Dorcas/core-base/vendor/illuminate/pipeline/Pipeline.php(105): Laravel\Lumen\Routing\Pipeline->Laravel\Lumen\Routing\{closure}(Object(Laravel\Lumen\Http\Request))
#18 /Users/user/sites/Dorcas/core-base/vendor/laravel/lumen-framework/src/Concerns/RoutesRequests.php(413): Illuminate\Pipeline\Pipeline->then(Object(Closure))
#19 /Users/user/sites/Dorcas/core-base/vendor/laravel/lumen-framework/src/Concerns/RoutesRequests.php(171): Laravel\Lumen\Application->sendThroughPipeline(Array, Object(Closure))
#20 /Users/user/sites/Dorcas/core-base/vendor/laravel/lumen-framework/src/Concerns/RoutesRequests.php(108): Laravel\Lumen\Application->dispatch(NULL)
#21 /Users/user/sites/Dorcas/core-base/public/index.php(28): Laravel\Lumen\Application->run()
#22 {main} {"exception":"[object] (Illuminate\\Auth\\AuthenticationException(code: 0): Unauthenticated. at /Users/user/sites/Dorcas/core-base/app/Http/Middleware/Authenticate.php:41)
[stacktrace]
#0 /Users/user/sites/Dorcas/core-base/vendor/illuminate/pipeline/Pipeline.php(171): App\\Http\\Middleware\\Authenticate->handle(Object(Laravel\\Lumen\\Http\\Request), Object(Closure))
#1 [internal function]: Illuminate\\Pipeline\\Pipeline->Illuminate\\Pipeline\\{closure}(Object(Laravel\\Lumen\\Http\\Request))
#2 /Users/user/sites/Dorcas/core-base/vendor/laravel/lumen-framework/src/Routing/Pipeline.php(32): call_user_func(Object(Closure), Object(Laravel\\Lumen\\Http\\Request))
#3 /Users/user/sites/Dorcas/core-base/vendor/illuminate/pipeline/Pipeline.php(105): Laravel\\Lumen\\Routing\\Pipeline->Laravel\\Lumen\\Routing\\{closure}(Object(Laravel\\Lumen\\Http\\Request))
#4 /Users/user/sites/Dorcas/core-base/vendor/laravel/lumen-framework/src/Concerns/RoutesRequests.php(413): Illuminate\\Pipeline\\Pipeline->then(Object(Closure))
#5 /Users/user/sites/Dorcas/core-base/vendor/laravel/lumen-framework/src/Concerns/RoutesRequests.php(259): Laravel\\Lumen\\Application->sendThroughPipeline(Array, Object(Closure))
#6 /Users/user/sites/Dorcas/core-base/vendor/laravel/lumen-framework/src/Concerns/RoutesRequests.php(165): Laravel\\Lumen\\Application->handleFoundRoute(Array)
#7 [internal function]: Laravel\\Lumen\\Application->Laravel\\Lumen\\Concerns\\{closure}(Object(Laravel\\Lumen\\Http\\Request))
#8 /Users/user/sites/Dorcas/core-base/vendor/laravel/lumen-framework/src/Routing/Pipeline.php(52): call_user_func(Object(Closure), Object(Laravel\\Lumen\\Http\\Request))
#9 /Users/user/sites/Dorcas/core-base/app/Http/Middleware/InstalledAppUserDataAccessGate.php(26): Laravel\\Lumen\\Routing\\Pipeline->Laravel\\Lumen\\Routing\\{closure}(Object(Laravel\\Lumen\\Http\\Request))
#10 /Users/user/sites/Dorcas/core-base/vendor/illuminate/pipeline/Pipeline.php(171): App\\Http\\Middleware\\InstalledAppUserDataAccessGate->handle(Object(Laravel\\Lumen\\Http\\Request), Object(Closure))
#11 [internal function]: Illuminate\\Pipeline\\Pipeline->Illuminate\\Pipeline\\{closure}(Object(Laravel\\Lumen\\Http\\Request))
#12 /Users/user/sites/Dorcas/core-base/vendor/laravel/lumen-framework/src/Routing/Pipeline.php(32): call_user_func(Object(Closure), Object(Laravel\\Lumen\\Http\\Request))
#13 /Users/user/sites/Dorcas/core-base/app/Http/Middleware/ResolveApplicationId.php(32): Laravel\\Lumen\\Routing\\Pipeline->Laravel\\Lumen\\Routing\\{closure}(Object(Laravel\\Lumen\\Http\\Request))
#14 /Users/user/sites/Dorcas/core-base/vendor/illuminate/pipeline/Pipeline.php(171): App\\Http\\Middleware\\ResolveApplicationId->handle(Object(Laravel\\Lumen\\Http\\Request), Object(Closure))
#15 [internal function]: Illuminate\\Pipeline\\Pipeline->Illuminate\\Pipeline\\{closure}(Object(Laravel\\Lumen\\Http\\Request))
#16 /Users/user/sites/Dorcas/core-base/vendor/laravel/lumen-framework/src/Routing/Pipeline.php(32): call_user_func(Object(Closure), Object(Laravel\\Lumen\\Http\\Request))
#17 /Users/user/sites/Dorcas/core-base/vendor/illuminate/pipeline/Pipeline.php(105): Laravel\\Lumen\\Routing\\Pipeline->Laravel\\Lumen\\Routing\\{closure}(Object(Laravel\\Lumen\\Http\\Request))
#18 /Users/user/sites/Dorcas/core-base/vendor/laravel/lumen-framework/src/Concerns/RoutesRequests.php(413): Illuminate\\Pipeline\\Pipeline->then(Object(Closure))
#19 /Users/user/sites/Dorcas/core-base/vendor/laravel/lumen-framework/src/Concerns/RoutesRequests.php(171): Laravel\\Lumen\\Application->sendThroughPipeline(Array, Object(Closure))
#20 /Users/user/sites/Dorcas/core-base/vendor/laravel/lumen-framework/src/Concerns/RoutesRequests.php(108): Laravel\\Lumen\\Application->dispatch(NULL)
#21 /Users/user/sites/Dorcas/core-base/public/index.php(28): Laravel\\Lumen\\Application->run()
#22 {main}
"} 
