[2021-01-24 00:13:33] local.ERROR: Illuminate\Auth\AuthenticationException: Unauthenticated. in /Users/user/sites/Dorcas/core-base/app/Http/Middleware/Authenticate.php:41
Stack trace:
#0 /Users/user/sites/Dorcas/core-base/vendor/illuminate/pipeline/Pipeline.php(171): App\Http\Middleware\Authenticate->handle(Object(Laravel\Lumen\Http\Request), Object(Closure))
#1 [internal function]: Illuminate\Pipeline\Pipeline->Illuminate\Pipeline\{closure}(Object(Laravel\Lumen\Http\Request))
#2 /Users/user/sites/Dorcas/core-base/vendor/laravel/lumen-framework/src/Routing/Pipeline.php(32): call_user_func(Object(Closure), Object(Laravel\Lumen\Http\Request))
#3 /Users/user/sites/Dorcas/core-base/vendor/illuminate/pipeline/Pipeline.php(105): Laravel\Lumen\Routing\Pipeline->Laravel\Lumen\Routing\{closure}(Object(Laravel\Lumen\Http\Request))
#4 /Users/user/sites/Dorcas/core-base/vendor/laravel/lumen-framework/src/Concerns/RoutesRequests.php(413): Illuminate\Pipeline\Pipeline->then(Object(Closure))
#5 /Users/user/sites/Dorcas/core-base/vendor/laravel/lumen-framework/src/Concerns/RoutesRequests.php(259): Laravel\Lumen\Application->sendThroughPipeline(Array, Object(Closure))
#6 /Users/user/sites/Dorcas/core-base/vendor/laravel/lumen-framework/src/Concerns/RoutesRequests.php(165): Laravel\Lumen\Application->handleFoundRoute(Array)
#7 [internal function]: Laravel\Lumen\Application->Laravel\Lumen\Concerns\{closure}(Object(Laravel\Lumen\Http\Request))
#8 /Users/user/sites/Dorcas/core-base/vendor/laravel/lumen-framework/src/Routing/Pipeline.php(52): call_user_func(Object(Closure), Object(Laravel\Lumen\Http\Request))
#9 /Users/user/sites/Dorcas/core-base/app/Http/Middleware/InstalledAppUserDataAccessGate.php(26): Laravel\Lumen\Routing\Pipeline->Laravel\Lumen\Routing\{closure}(Object(Laravel\Lumen\Http\Request))
#10 /Users/user/sites/Dorcas/core-base/vendor/illuminate/pipeline/Pipeline.php(171): App\Http\Middleware\InstalledAppUserDataAccessGate->handle(Object(Laravel\Lumen\Http\Request), Object(Closure))
#11 [internal function]: Illuminate\Pipeline\Pipeline->Illuminate\Pipeline\{closure}(Object(Laravel\Lumen\Http\Request))
#12 /Users/user/sites/Dorcas/core-base/vendor/laravel/lumen-framework/src/Routing/Pipeline.php(32): call_user_func(Object(Closure), Object(Laravel\Lumen\Http\Request))
#13 /Users/user/sites/Dorcas/core-base/app/Http/Middleware/ResolveApplicationId.php(32): Laravel\Lumen\Routing\Pipeline->Laravel\Lumen\Routing\{closure}(Object(Laravel\Lumen\Http\Request))
#14 /Users/user/sites/Dorcas/core-base/vendor/illuminate/pipeline/Pipeline.php(171): App\Http\Middleware\ResolveApplicationId->handle(Object(Laravel\Lumen\Http\Request), Object(Closure))
#15 [internal function]: Illuminate\Pipeline\Pipeline->Illuminate\Pipeline\{closure}(Object(Laravel\Lumen\Http\Request))
#16 /Users/user/sites/Dorcas/core-base/vendor/laravel/lumen-framework/src/Routing/Pipeline.php(32): call_user_func(Object(Closure), Object(Laravel\Lumen\Http\Request))
#17 /Users/user/sites/Dorcas/core-base/vendor/illuminate/pipeline/Pipeline.php(105): Laravel\Lumen\Routing\Pipeline->Laravel\Lumen\Routing\{closure}(Object(Laravel\Lumen\Http\Request))
#18 /Users/user/sites/Dorcas/core-base/vendor/laravel/lumen-framework/src/Concerns/RoutesRequests.php(413): Illuminate\Pipeline\Pipeline->then(Object(Closure))
#19 /Users/user/sites/Dorcas/core-base/vendor/laravel/lumen-framework/src/Concerns/RoutesRequests.php(171): Laravel\Lumen\Application->sendThroughPipeline(Array, Object(Closure))
#20 /Users/user/sites/Dorcas/core-base/vendor/laravel/lumen-framework/src/Concerns/RoutesRequests.php(108): Laravel\Lumen\Application->dispatch(NULL)
#21 /Users/user/sites/Dorcas/core-base/public/index.php(28): Laravel\Lumen\Application->run()
#22 {main} {"exception":"[object] (Illuminate\\Auth\\AuthenticationException(code: 0): Unauthenticated. at /Users/user/sites/Dorcas/core-base/app/Http/Middleware/Authenticate.php:41)
[stacktrace]
#0 /Users/user/sites/Dorcas/core-base/vendor/illuminate/pipeline/Pipeline.php(171): App\\Http\\Middleware\\Authenticate->handle(Object(Laravel\\Lumen\\Http\\Request), Object(Closure))
#1 [internal function]: Illuminate\\Pipeline\\Pipeline->Illuminate\\Pipeline\\{closure}(Object(Laravel\\Lumen\\Http\\Request))
#2 /Users/user/sites/Dorcas/core-base/vendor/laravel/lumen-framework/src/Routing/Pipeline.php(32): call_user_func(Object(Closure), Object(Laravel\\Lumen\\Http\\Request))
#3 /Users/user/sites/Dorcas/core-base/vendor/illuminate/pipeline/Pipeline.php(105): Laravel\\Lumen\\Routing\\Pipeline->Laravel\\Lumen\\Routing\\{closure}(Object(Laravel\\Lumen\\Http\\Request))
#4 /Users/user/sites/Dorcas/core-base/vendor/laravel/lumen-framework/src/Concerns/RoutesRequests.php(413): Illuminate\\Pipeline\\Pipeline->then(Object(Closure))
#5 /Users/user/sites/Dorcas/core-base/vendor/laravel/lumen-framework/src/Concerns/RoutesRequests.php(259): Laravel\\Lumen\\Application->sendThroughPipeline(Array, Object(Closure))
#6 /Users/user/sites/Dorcas/core-base/vendor/laravel/lumen-framework/src/Concerns/RoutesRequests.php(165): Laravel\\Lumen\\Application->handleFoundRoute(Array)
#7 [internal function]: Laravel\\Lumen\\Application->Laravel\\Lumen\\Concerns\\{closure}(Object(Laravel\\Lumen\\Http\\Request))
#8 /Users/user/sites/Dorcas/core-base/vendor/laravel/lumen-framework/src/Routing/Pipeline.php(52): call_user_func(Object(Closure), Object(Laravel\\Lumen\\Http\\Request))
#9 /Users/user/sites/Dorcas/core-base/app/Http/Middleware/InstalledAppUserDataAccessGate.php(26): Laravel\\Lumen\\Routing\\Pipeline->Laravel\\Lumen\\Routing\\{closure}(Object(Laravel\\Lumen\\Http\\Request))
#10 /Users/user/sites/Dorcas/core-base/vendor/illuminate/pipeline/Pipeline.php(171): App\\Http\\Middleware\\InstalledAppUserDataAccessGate->handle(Object(Laravel\\Lumen\\Http\\Request), Object(Closure))
#11 [internal function]: Illuminate\\Pipeline\\Pipeline->Illuminate\\Pipeline\\{closure}(Object(Laravel\\Lumen\\Http\\Request))
#12 /Users/user/sites/Dorcas/core-base/vendor/laravel/lumen-framework/src/Routing/Pipeline.php(32): call_user_func(Object(Closure), Object(Laravel\\Lumen\\Http\\Request))
#13 /Users/user/sites/Dorcas/core-base/app/Http/Middleware/ResolveApplicationId.php(32): Laravel\\Lumen\\Routing\\Pipeline->Laravel\\Lumen\\Routing\\{closure}(Object(Laravel\\Lumen\\Http\\Request))
#14 /Users/user/sites/Dorcas/core-base/vendor/illuminate/pipeline/Pipeline.php(171): App\\Http\\Middleware\\ResolveApplicationId->handle(Object(Laravel\\Lumen\\Http\\Request), Object(Closure))
#15 [internal function]: Illuminate\\Pipeline\\Pipeline->Illuminate\\Pipeline\\{closure}(Object(Laravel\\Lumen\\Http\\Request))
#16 /Users/user/sites/Dorcas/core-base/vendor/laravel/lumen-framework/src/Routing/Pipeline.php(32): call_user_func(Object(Closure), Object(Laravel\\Lumen\\Http\\Request))
#17 /Users/user/sites/Dorcas/core-base/vendor/illuminate/pipeline/Pipeline.php(105): Laravel\\Lumen\\Routing\\Pipeline->Laravel\\Lumen\\Routing\\{closure}(Object(Laravel\\Lumen\\Http\\Request))
#18 /Users/user/sites/Dorcas/core-base/vendor/laravel/lumen-framework/src/Concerns/RoutesRequests.php(413): Illuminate\\Pipeline\\Pipeline->then(Object(Closure))
#19 /Users/user/sites/Dorcas/core-base/vendor/laravel/lumen-framework/src/Concerns/RoutesRequests.php(171): Laravel\\Lumen\\Application->sendThroughPipeline(Array, Object(Closure))
#20 /Users/user/sites/Dorcas/core-base/vendor/laravel/lumen-framework/src/Concerns/RoutesRequests.php(108): Laravel\\Lumen\\Application->dispatch(NULL)
#21 /Users/user/sites/Dorcas/core-base/public/index.php(28): Laravel\\Lumen\\Application->run()
#22 {main}
"} 
[2021-01-24 02:05:34] local.ERROR: Illuminate\Auth\AuthenticationException: Unauthenticated. in /Users/user/sites/Dorcas/core-base/app/Http/Middleware/Authenticate.php:41
Stack trace:
#0 /Users/user/sites/Dorcas/core-base/vendor/illuminate/pipeline/Pipeline.php(171): App\Http\Middleware\Authenticate->handle(Object(Laravel\Lumen\Http\Request), Object(Closure))
#1 [internal function]: Illuminate\Pipeline\Pipeline->Illuminate\Pipeline\{closure}(Object(Laravel\Lumen\Http\Request))
#2 /Users/user/sites/Dorcas/core-base/vendor/laravel/lumen-framework/src/Routing/Pipeline.php(32): call_user_func(Object(Closure), Object(Laravel\Lumen\Http\Request))
#3 /Users/user/sites/Dorcas/core-base/vendor/illuminate/pipeline/Pipeline.php(105): Laravel\Lumen\Routing\Pipeline->Laravel\Lumen\Routing\{closure}(Object(Laravel\Lumen\Http\Request))
#4 /Users/user/sites/Dorcas/core-base/vendor/laravel/lumen-framework/src/Concerns/RoutesRequests.php(413): Illuminate\Pipeline\Pipeline->then(Object(Closure))
#5 /Users/user/sites/Dorcas/core-base/vendor/laravel/lumen-framework/src/Concerns/RoutesRequests.php(259): Laravel\Lumen\Application->sendThroughPipeline(Array, Object(Closure))
#6 /Users/user/sites/Dorcas/core-base/vendor/laravel/lumen-framework/src/Concerns/RoutesRequests.php(165): Laravel\Lumen\Application->handleFoundRoute(Array)
#7 [internal function]: Laravel\Lumen\Application->Laravel\Lumen\Concerns\{closure}(Object(Laravel\Lumen\Http\Request))
#8 /Users/user/sites/Dorcas/core-base/vendor/laravel/lumen-framework/src/Routing/Pipeline.php(52): call_user_func(Object(Closure), Object(Laravel\Lumen\Http\Request))
#9 /Users/user/sites/Dorcas/core-base/app/Http/Middleware/InstalledAppUserDataAccessGate.php(26): Laravel\Lumen\Routing\Pipeline->Laravel\Lumen\Routing\{closure}(Object(Laravel\Lumen\Http\Request))
#10 /Users/user/sites/Dorcas/core-base/vendor/illuminate/pipeline/Pipeline.php(171): App\Http\Middleware\InstalledAppUserDataAccessGate->handle(Object(Laravel\Lumen\Http\Request), Object(Closure))
#11 [internal function]: Illuminate\Pipeline\Pipeline->Illuminate\Pipeline\{closure}(Object(Laravel\Lumen\Http\Request))
#12 /Users/user/sites/Dorcas/core-base/vendor/laravel/lumen-framework/src/Routing/Pipeline.php(32): call_user_func(Object(Closure), Object(Laravel\Lumen\Http\Request))
#13 /Users/user/sites/Dorcas/core-base/app/Http/Middleware/ResolveApplicationId.php(32): Laravel\Lumen\Routing\Pipeline->Laravel\Lumen\Routing\{closure}(Object(Laravel\Lumen\Http\Request))
#14 /Users/user/sites/Dorcas/core-base/vendor/illuminate/pipeline/Pipeline.php(171): App\Http\Middleware\ResolveApplicationId->handle(Object(Laravel\Lumen\Http\Request), Object(Closure))
#15 [internal function]: Illuminate\Pipeline\Pipeline->Illuminate\Pipeline\{closure}(Object(Laravel\Lumen\Http\Request))
#16 /Users/user/sites/Dorcas/core-base/vendor/laravel/lumen-framework/src/Routing/Pipeline.php(32): call_user_func(Object(Closure), Object(Laravel\Lumen\Http\Request))
#17 /Users/user/sites/Dorcas/core-base/vendor/illuminate/pipeline/Pipeline.php(105): Laravel\Lumen\Routing\Pipeline->Laravel\Lumen\Routing\{closure}(Object(Laravel\Lumen\Http\Request))
#18 /Users/user/sites/Dorcas/core-base/vendor/laravel/lumen-framework/src/Concerns/RoutesRequests.php(413): Illuminate\Pipeline\Pipeline->then(Object(Closure))
#19 /Users/user/sites/Dorcas/core-base/vendor/laravel/lumen-framework/src/Concerns/RoutesRequests.php(171): Laravel\Lumen\Application->sendThroughPipeline(Array, Object(Closure))
#20 /Users/user/sites/Dorcas/core-base/vendor/laravel/lumen-framework/src/Concerns/RoutesRequests.php(108): Laravel\Lumen\Application->dispatch(NULL)
#21 /Users/user/sites/Dorcas/core-base/public/index.php(28): Laravel\Lumen\Application->run()
#22 /Users/user/.composer/vendor/laravel/valet/server.php(191): require('/Users/user/sit...')
#23 {main} {"exception":"[object] (Illuminate\\Auth\\AuthenticationException(code: 0): Unauthenticated. at /Users/user/sites/Dorcas/core-base/app/Http/Middleware/Authenticate.php:41)
[stacktrace]
#0 /Users/user/sites/Dorcas/core-base/vendor/illuminate/pipeline/Pipeline.php(171): App\\Http\\Middleware\\Authenticate->handle(Object(Laravel\\Lumen\\Http\\Request), Object(Closure))
#1 [internal function]: Illuminate\\Pipeline\\Pipeline->Illuminate\\Pipeline\\{closure}(Object(Laravel\\Lumen\\Http\\Request))
#2 /Users/user/sites/Dorcas/core-base/vendor/laravel/lumen-framework/src/Routing/Pipeline.php(32): call_user_func(Object(Closure), Object(Laravel\\Lumen\\Http\\Request))
#3 /Users/user/sites/Dorcas/core-base/vendor/illuminate/pipeline/Pipeline.php(105): Laravel\\Lumen\\Routing\\Pipeline->Laravel\\Lumen\\Routing\\{closure}(Object(Laravel\\Lumen\\Http\\Request))
#4 /Users/user/sites/Dorcas/core-base/vendor/laravel/lumen-framework/src/Concerns/RoutesRequests.php(413): Illuminate\\Pipeline\\Pipeline->then(Object(Closure))
#5 /Users/user/sites/Dorcas/core-base/vendor/laravel/lumen-framework/src/Concerns/RoutesRequests.php(259): Laravel\\Lumen\\Application->sendThroughPipeline(Array, Object(Closure))
#6 /Users/user/sites/Dorcas/core-base/vendor/laravel/lumen-framework/src/Concerns/RoutesRequests.php(165): Laravel\\Lumen\\Application->handleFoundRoute(Array)
#7 [internal function]: Laravel\\Lumen\\Application->Laravel\\Lumen\\Concerns\\{closure}(Object(Laravel\\Lumen\\Http\\Request))
#8 /Users/user/sites/Dorcas/core-base/vendor/laravel/lumen-framework/src/Routing/Pipeline.php(52): call_user_func(Object(Closure), Object(Laravel\\Lumen\\Http\\Request))
#9 /Users/user/sites/Dorcas/core-base/app/Http/Middleware/InstalledAppUserDataAccessGate.php(26): Laravel\\Lumen\\Routing\\Pipeline->Laravel\\Lumen\\Routing\\{closure}(Object(Laravel\\Lumen\\Http\\Request))
#10 /Users/user/sites/Dorcas/core-base/vendor/illuminate/pipeline/Pipeline.php(171): App\\Http\\Middleware\\InstalledAppUserDataAccessGate->handle(Object(Laravel\\Lumen\\Http\\Request), Object(Closure))
#11 [internal function]: Illuminate\\Pipeline\\Pipeline->Illuminate\\Pipeline\\{closure}(Object(Laravel\\Lumen\\Http\\Request))
#12 /Users/user/sites/Dorcas/core-base/vendor/laravel/lumen-framework/src/Routing/Pipeline.php(32): call_user_func(Object(Closure), Object(Laravel\\Lumen\\Http\\Request))
#13 /Users/user/sites/Dorcas/core-base/app/Http/Middleware/ResolveApplicationId.php(32): Laravel\\Lumen\\Routing\\Pipeline->Laravel\\Lumen\\Routing\\{closure}(Object(Laravel\\Lumen\\Http\\Request))
#14 /Users/user/sites/Dorcas/core-base/vendor/illuminate/pipeline/Pipeline.php(171): App\\Http\\Middleware\\ResolveApplicationId->handle(Object(Laravel\\Lumen\\Http\\Request), Object(Closure))
#15 [internal function]: Illuminate\\Pipeline\\Pipeline->Illuminate\\Pipeline\\{closure}(Object(Laravel\\Lumen\\Http\\Request))
#16 /Users/user/sites/Dorcas/core-base/vendor/laravel/lumen-framework/src/Routing/Pipeline.php(32): call_user_func(Object(Closure), Object(Laravel\\Lumen\\Http\\Request))
#17 /Users/user/sites/Dorcas/core-base/vendor/illuminate/pipeline/Pipeline.php(105): Laravel\\Lumen\\Routing\\Pipeline->Laravel\\Lumen\\Routing\\{closure}(Object(Laravel\\Lumen\\Http\\Request))
#18 /Users/user/sites/Dorcas/core-base/vendor/laravel/lumen-framework/src/Concerns/RoutesRequests.php(413): Illuminate\\Pipeline\\Pipeline->then(Object(Closure))
#19 /Users/user/sites/Dorcas/core-base/vendor/laravel/lumen-framework/src/Concerns/RoutesRequests.php(171): Laravel\\Lumen\\Application->sendThroughPipeline(Array, Object(Closure))
#20 /Users/user/sites/Dorcas/core-base/vendor/laravel/lumen-framework/src/Concerns/RoutesRequests.php(108): Laravel\\Lumen\\Application->dispatch(NULL)
#21 /Users/user/sites/Dorcas/core-base/public/index.php(28): Laravel\\Lumen\\Application->run()
#22 /Users/user/.composer/vendor/laravel/valet/server.php(191): require('/Users/user/sit...')
#23 {main}
"} 
