[2021-03-01 21:44:50] production.ERROR: ReflectionException: Class path.config does not exist in /Users/ifeoluwa/Documents/Apps/DorcasFramework/Core/core-base/vendor/illuminate/container/Container.php:788
Stack trace:
#0 /Users/ifeoluwa/Documents/Apps/DorcasFramework/Core/core-base/vendor/illuminate/container/Container.php(788): ReflectionClass->__construct('path.config')
#1 /Users/ifeoluwa/Documents/Apps/DorcasFramework/Core/core-base/vendor/illuminate/container/Container.php(667): Illuminate\Container\Container->build('path.config')
#2 /Users/ifeoluwa/Documents/Apps/DorcasFramework/Core/core-base/vendor/illuminate/container/Container.php(615): Illuminate\Container\Container->resolve('path.config', Array)
#3 /Users/ifeoluwa/Documents/Apps/DorcasFramework/Core/core-base/vendor/laravel/lumen-framework/src/Application.php(267): Illuminate\Container\Container->make('path.config', Array)
#4 /Users/ifeoluwa/Documents/Apps/DorcasFramework/Core/core-base/vendor/illuminate/container/Container.php(1227): Laravel\Lumen\Application->make('path.config')
#5 /Users/ifeoluwa/Documents/Apps/DorcasFramework/Core/core-base/vendor/laravel/scout/src/ScoutServiceProvider.php(29): Illuminate\Container\Container->offsetGet('path.config')
#6 /Users/ifeoluwa/Documents/Apps/DorcasFramework/Core/core-base/vendor/laravel/lumen-framework/src/Application.php(200): Laravel\Scout\ScoutServiceProvider->register()
#7 /Users/ifeoluwa/Documents/Apps/DorcasFramework/Core/core-base/bootstrap/app.php(167): Laravel\Lumen\Application->register(Object(Laravel\Scout\ScoutServiceProvider))
#8 /Users/ifeoluwa/Documents/Apps/DorcasFramework/Core/core-base/artisan(18): require('/Users/ifeoluwa...')
#9 {main} {"exception":"[object] (ReflectionException(code: -1): Class path.config does not exist at /Users/ifeoluwa/Documents/Apps/DorcasFramework/Core/core-base/vendor/illuminate/container/Container.php:788)
[stacktrace]
#0 /Users/ifeoluwa/Documents/Apps/DorcasFramework/Core/core-base/vendor/illuminate/container/Container.php(788): ReflectionClass->__construct('path.config')
#1 /Users/ifeoluwa/Documents/Apps/DorcasFramework/Core/core-base/vendor/illuminate/container/Container.php(667): Illuminate\\Container\\Container->build('path.config')
#2 /Users/ifeoluwa/Documents/Apps/DorcasFramework/Core/core-base/vendor/illuminate/container/Container.php(615): Illuminate\\Container\\Container->resolve('path.config', Array)
#3 /Users/ifeoluwa/Documents/Apps/DorcasFramework/Core/core-base/vendor/laravel/lumen-framework/src/Application.php(267): Illuminate\\Container\\Container->make('path.config', Array)
#4 /Users/ifeoluwa/Documents/Apps/DorcasFramework/Core/core-base/vendor/illuminate/container/Container.php(1227): Laravel\\Lumen\\Application->make('path.config')
#5 /Users/ifeoluwa/Documents/Apps/DorcasFramework/Core/core-base/vendor/laravel/scout/src/ScoutServiceProvider.php(29): Illuminate\\Container\\Container->offsetGet('path.config')
#6 /Users/ifeoluwa/Documents/Apps/DorcasFramework/Core/core-base/vendor/laravel/lumen-framework/src/Application.php(200): Laravel\\Scout\\ScoutServiceProvider->register()
#7 /Users/ifeoluwa/Documents/Apps/DorcasFramework/Core/core-base/bootstrap/app.php(167): Laravel\\Lumen\\Application->register(Object(Laravel\\Scout\\ScoutServiceProvider))
#8 /Users/ifeoluwa/Documents/Apps/DorcasFramework/Core/core-base/artisan(18): require('/Users/ifeoluwa...')
#9 {main}
"} 
[2021-03-01 21:55:01] production.ERROR: Symfony\Component\Console\Exception\NamespaceNotFoundException: There are no commands defined in the "key" namespace. in /Users/ifeoluwa/Documents/Apps/DorcasFramework/Core/core-base/vendor/symfony/console/Application.php:604
Stack trace:
#0 /Users/ifeoluwa/Documents/Apps/DorcasFramework/Core/core-base/vendor/symfony/console/Application.php(657): Symfony\Component\Console\Application->findNamespace('key')
#1 /Users/ifeoluwa/Documents/Apps/DorcasFramework/Core/core-base/vendor/symfony/console/Application.php(237): Symfony\Component\Console\Application->find('key:generate')
#2 /Users/ifeoluwa/Documents/Apps/DorcasFramework/Core/core-base/vendor/symfony/console/Application.php(149): Symfony\Component\Console\Application->doRun(Object(Symfony\Component\Console\Input\ArgvInput), Object(Symfony\Component\Console\Output\ConsoleOutput))
#3 /Users/ifeoluwa/Documents/Apps/DorcasFramework/Core/core-base/vendor/illuminate/console/Application.php(90): Symfony\Component\Console\Application->run(Object(Symfony\Component\Console\Input\ArgvInput), Object(Symfony\Component\Console\Output\ConsoleOutput))
#4 /Users/ifeoluwa/Documents/Apps/DorcasFramework/Core/core-base/vendor/laravel/lumen-framework/src/Console/Kernel.php(115): Illuminate\Console\Application->run(Object(Symfony\Component\Console\Input\ArgvInput), Object(Symfony\Component\Console\Output\ConsoleOutput))
#5 /Users/ifeoluwa/Documents/Apps/DorcasFramework/Core/core-base/artisan(40): Laravel\Lumen\Console\Kernel->handle(Object(Symfony\Component\Console\Input\ArgvInput), Object(Symfony\Component\Console\Output\ConsoleOutput))
#6 {main} {"exception":"[object] (Symfony\\Component\\Console\\Exception\\NamespaceNotFoundException(code: 0): There are no commands defined in the \"key\" namespace. at /Users/ifeoluwa/Documents/Apps/DorcasFramework/Core/core-base/vendor/symfony/console/Application.php:604)
[stacktrace]
#0 /Users/ifeoluwa/Documents/Apps/DorcasFramework/Core/core-base/vendor/symfony/console/Application.php(657): Symfony\\Component\\Console\\Application->findNamespace('key')
#1 /Users/ifeoluwa/Documents/Apps/DorcasFramework/Core/core-base/vendor/symfony/console/Application.php(237): Symfony\\Component\\Console\\Application->find('key:generate')
#2 /Users/ifeoluwa/Documents/Apps/DorcasFramework/Core/core-base/vendor/symfony/console/Application.php(149): Symfony\\Component\\Console\\Application->doRun(Object(Symfony\\Component\\Console\\Input\\ArgvInput), Object(Symfony\\Component\\Console\\Output\\ConsoleOutput))
#3 /Users/ifeoluwa/Documents/Apps/DorcasFramework/Core/core-base/vendor/illuminate/console/Application.php(90): Symfony\\Component\\Console\\Application->run(Object(Symfony\\Component\\Console\\Input\\ArgvInput), Object(Symfony\\Component\\Console\\Output\\ConsoleOutput))
#4 /Users/ifeoluwa/Documents/Apps/DorcasFramework/Core/core-base/vendor/laravel/lumen-framework/src/Console/Kernel.php(115): Illuminate\\Console\\Application->run(Object(Symfony\\Component\\Console\\Input\\ArgvInput), Object(Symfony\\Component\\Console\\Output\\ConsoleOutput))
#5 /Users/ifeoluwa/Documents/Apps/DorcasFramework/Core/core-base/artisan(40): Laravel\\Lumen\\Console\\Kernel->handle(Object(Symfony\\Component\\Console\\Input\\ArgvInput), Object(Symfony\\Component\\Console\\Output\\ConsoleOutput))
#6 {main}
"} 
[2021-03-01 22:20:43] production.ERROR: Symfony\Component\HttpKernel\Exception\NotFoundHttpException in /Users/ifeoluwa/Documents/Apps/DorcasFramework/Core/core-base/vendor/laravel/lumen-framework/src/Concerns/RoutesRequests.php:229
Stack trace:
#0 /Users/ifeoluwa/Documents/Apps/DorcasFramework/Core/core-base/vendor/laravel/lumen-framework/src/Concerns/RoutesRequests.php(169): Laravel\Lumen\Application->handleDispatcherResponse(Array)
#1 [internal function]: Laravel\Lumen\Application->Laravel\Lumen\Concerns\{closure}(Object(Laravel\Lumen\Http\Request))
#2 /Users/ifeoluwa/Documents/Apps/DorcasFramework/Core/core-base/vendor/laravel/lumen-framework/src/Routing/Pipeline.php(52): call_user_func(Object(Closure), Object(Laravel\Lumen\Http\Request))
#3 /Users/ifeoluwa/Documents/Apps/DorcasFramework/Core/core-base/app/Http/Middleware/InstalledAppUserDataAccessGate.php(26): Laravel\Lumen\Routing\Pipeline->Laravel\Lumen\Routing\{closure}(Object(Laravel\Lumen\Http\Request))
#4 /Users/ifeoluwa/Documents/Apps/DorcasFramework/Core/core-base/vendor/illuminate/pipeline/Pipeline.php(163): App\Http\Middleware\InstalledAppUserDataAccessGate->handle(Object(Laravel\Lumen\Http\Request), Object(Closure))
#5 [internal function]: Illuminate\Pipeline\Pipeline->Illuminate\Pipeline\{closure}(Object(Laravel\Lumen\Http\Request))
#6 /Users/ifeoluwa/Documents/Apps/DorcasFramework/Core/core-base/vendor/laravel/lumen-framework/src/Routing/Pipeline.php(32): call_user_func(Object(Closure), Object(Laravel\Lumen\Http\Request))
#7 /Users/ifeoluwa/Documents/Apps/DorcasFramework/Core/core-base/app/Http/Middleware/ResolveApplicationId.php(32): Laravel\Lumen\Routing\Pipeline->Laravel\Lumen\Routing\{closure}(Object(Laravel\Lumen\Http\Request))
#8 /Users/ifeoluwa/Documents/Apps/DorcasFramework/Core/core-base/vendor/illuminate/pipeline/Pipeline.php(163): App\Http\Middleware\ResolveApplicationId->handle(Object(Laravel\Lumen\Http\Request), Object(Closure))
#9 [internal function]: Illuminate\Pipeline\Pipeline->Illuminate\Pipeline\{closure}(Object(Laravel\Lumen\Http\Request))
#10 /Users/ifeoluwa/Documents/Apps/DorcasFramework/Core/core-base/vendor/laravel/lumen-framework/src/Routing/Pipeline.php(32): call_user_func(Object(Closure), Object(Laravel\Lumen\Http\Request))
#11 /Users/ifeoluwa/Documents/Apps/DorcasFramework/Core/core-base/vendor/illuminate/pipeline/Pipeline.php(104): Laravel\Lumen\Routing\Pipeline->Laravel\Lumen\Routing\{closure}(Object(Laravel\Lumen\Http\Request))
#12 /Users/ifeoluwa/Documents/Apps/DorcasFramework/Core/core-base/vendor/laravel/lumen-framework/src/Concerns/RoutesRequests.php(413): Illuminate\Pipeline\Pipeline->then(Object(Closure))
#13 /Users/ifeoluwa/Documents/Apps/DorcasFramework/Core/core-base/vendor/laravel/lumen-framework/src/Concerns/RoutesRequests.php(171): Laravel\Lumen\Application->sendThroughPipeline(Array, Object(Closure))
#14 /Users/ifeoluwa/Documents/Apps/DorcasFramework/Core/core-base/vendor/laravel/lumen-framework/src/Concerns/RoutesRequests.php(108): Laravel\Lumen\Application->dispatch(NULL)
#15 /Users/ifeoluwa/Documents/Apps/DorcasFramework/Core/core-base/public/index.php(28): Laravel\Lumen\Application->run()
#16 /Users/ifeoluwa/.composer/vendor/laravel/valet/server.php(214): require('/Users/ifeoluwa...')
#17 {main} {"exception":"[object] (Symfony\\Component\\HttpKernel\\Exception\\NotFoundHttpException(code: 0):  at /Users/ifeoluwa/Documents/Apps/DorcasFramework/Core/core-base/vendor/laravel/lumen-framework/src/Concerns/RoutesRequests.php:229)
[stacktrace]
#0 /Users/ifeoluwa/Documents/Apps/DorcasFramework/Core/core-base/vendor/laravel/lumen-framework/src/Concerns/RoutesRequests.php(169): Laravel\\Lumen\\Application->handleDispatcherResponse(Array)
#1 [internal function]: Laravel\\Lumen\\Application->Laravel\\Lumen\\Concerns\\{closure}(Object(Laravel\\Lumen\\Http\\Request))
#2 /Users/ifeoluwa/Documents/Apps/DorcasFramework/Core/core-base/vendor/laravel/lumen-framework/src/Routing/Pipeline.php(52): call_user_func(Object(Closure), Object(Laravel\\Lumen\\Http\\Request))
#3 /Users/ifeoluwa/Documents/Apps/DorcasFramework/Core/core-base/app/Http/Middleware/InstalledAppUserDataAccessGate.php(26): Laravel\\Lumen\\Routing\\Pipeline->Laravel\\Lumen\\Routing\\{closure}(Object(Laravel\\Lumen\\Http\\Request))
#4 /Users/ifeoluwa/Documents/Apps/DorcasFramework/Core/core-base/vendor/illuminate/pipeline/Pipeline.php(163): App\\Http\\Middleware\\InstalledAppUserDataAccessGate->handle(Object(Laravel\\Lumen\\Http\\Request), Object(Closure))
#5 [internal function]: Illuminate\\Pipeline\\Pipeline->Illuminate\\Pipeline\\{closure}(Object(Laravel\\Lumen\\Http\\Request))
#6 /Users/ifeoluwa/Documents/Apps/DorcasFramework/Core/core-base/vendor/laravel/lumen-framework/src/Routing/Pipeline.php(32): call_user_func(Object(Closure), Object(Laravel\\Lumen\\Http\\Request))
#7 /Users/ifeoluwa/Documents/Apps/DorcasFramework/Core/core-base/app/Http/Middleware/ResolveApplicationId.php(32): Laravel\\Lumen\\Routing\\Pipeline->Laravel\\Lumen\\Routing\\{closure}(Object(Laravel\\Lumen\\Http\\Request))
#8 /Users/ifeoluwa/Documents/Apps/DorcasFramework/Core/core-base/vendor/illuminate/pipeline/Pipeline.php(163): App\\Http\\Middleware\\ResolveApplicationId->handle(Object(Laravel\\Lumen\\Http\\Request), Object(Closure))
#9 [internal function]: Illuminate\\Pipeline\\Pipeline->Illuminate\\Pipeline\\{closure}(Object(Laravel\\Lumen\\Http\\Request))
#10 /Users/ifeoluwa/Documents/Apps/DorcasFramework/Core/core-base/vendor/laravel/lumen-framework/src/Routing/Pipeline.php(32): call_user_func(Object(Closure), Object(Laravel\\Lumen\\Http\\Request))
#11 /Users/ifeoluwa/Documents/Apps/DorcasFramework/Core/core-base/vendor/illuminate/pipeline/Pipeline.php(104): Laravel\\Lumen\\Routing\\Pipeline->Laravel\\Lumen\\Routing\\{closure}(Object(Laravel\\Lumen\\Http\\Request))
#12 /Users/ifeoluwa/Documents/Apps/DorcasFramework/Core/core-base/vendor/laravel/lumen-framework/src/Concerns/RoutesRequests.php(413): Illuminate\\Pipeline\\Pipeline->then(Object(Closure))
#13 /Users/ifeoluwa/Documents/Apps/DorcasFramework/Core/core-base/vendor/laravel/lumen-framework/src/Concerns/RoutesRequests.php(171): Laravel\\Lumen\\Application->sendThroughPipeline(Array, Object(Closure))
#14 /Users/ifeoluwa/Documents/Apps/DorcasFramework/Core/core-base/vendor/laravel/lumen-framework/src/Concerns/RoutesRequests.php(108): Laravel\\Lumen\\Application->dispatch(NULL)
#15 /Users/ifeoluwa/Documents/Apps/DorcasFramework/Core/core-base/public/index.php(28): Laravel\\Lumen\\Application->run()
#16 /Users/ifeoluwa/.composer/vendor/laravel/valet/server.php(214): require('/Users/ifeoluwa...')
#17 {main}
"} 
[2021-03-01 22:20:43] production.ERROR: Symfony\Component\HttpKernel\Exception\NotFoundHttpException in /Users/ifeoluwa/Documents/Apps/DorcasFramework/Core/core-base/vendor/laravel/lumen-framework/src/Concerns/RoutesRequests.php:229
Stack trace:
#0 /Users/ifeoluwa/Documents/Apps/DorcasFramework/Core/core-base/vendor/laravel/lumen-framework/src/Concerns/RoutesRequests.php(169): Laravel\Lumen\Application->handleDispatcherResponse(Array)
#1 [internal function]: Laravel\Lumen\Application->Laravel\Lumen\Concerns\{closure}(Object(Laravel\Lumen\Http\Request))
#2 /Users/ifeoluwa/Documents/Apps/DorcasFramework/Core/core-base/vendor/laravel/lumen-framework/src/Routing/Pipeline.php(52): call_user_func(Object(Closure), Object(Laravel\Lumen\Http\Request))
#3 /Users/ifeoluwa/Documents/Apps/DorcasFramework/Core/core-base/app/Http/Middleware/InstalledAppUserDataAccessGate.php(26): Laravel\Lumen\Routing\Pipeline->Laravel\Lumen\Routing\{closure}(Object(Laravel\Lumen\Http\Request))
#4 /Users/ifeoluwa/Documents/Apps/DorcasFramework/Core/core-base/vendor/illuminate/pipeline/Pipeline.php(163): App\Http\Middleware\InstalledAppUserDataAccessGate->handle(Object(Laravel\Lumen\Http\Request), Object(Closure))
#5 [internal function]: Illuminate\Pipeline\Pipeline->Illuminate\Pipeline\{closure}(Object(Laravel\Lumen\Http\Request))
#6 /Users/ifeoluwa/Documents/Apps/DorcasFramework/Core/core-base/vendor/laravel/lumen-framework/src/Routing/Pipeline.php(32): call_user_func(Object(Closure), Object(Laravel\Lumen\Http\Request))
#7 /Users/ifeoluwa/Documents/Apps/DorcasFramework/Core/core-base/app/Http/Middleware/ResolveApplicationId.php(32): Laravel\Lumen\Routing\Pipeline->Laravel\Lumen\Routing\{closure}(Object(Laravel\Lumen\Http\Request))
#8 /Users/ifeoluwa/Documents/Apps/DorcasFramework/Core/core-base/vendor/illuminate/pipeline/Pipeline.php(163): App\Http\Middleware\ResolveApplicationId->handle(Object(Laravel\Lumen\Http\Request), Object(Closure))
#9 [internal function]: Illuminate\Pipeline\Pipeline->Illuminate\Pipeline\{closure}(Object(Laravel\Lumen\Http\Request))
#10 /Users/ifeoluwa/Documents/Apps/DorcasFramework/Core/core-base/vendor/laravel/lumen-framework/src/Routing/Pipeline.php(32): call_user_func(Object(Closure), Object(Laravel\Lumen\Http\Request))
#11 /Users/ifeoluwa/Documents/Apps/DorcasFramework/Core/core-base/vendor/illuminate/pipeline/Pipeline.php(104): Laravel\Lumen\Routing\Pipeline->Laravel\Lumen\Routing\{closure}(Object(Laravel\Lumen\Http\Request))
#12 /Users/ifeoluwa/Documents/Apps/DorcasFramework/Core/core-base/vendor/laravel/lumen-framework/src/Concerns/RoutesRequests.php(413): Illuminate\Pipeline\Pipeline->then(Object(Closure))
#13 /Users/ifeoluwa/Documents/Apps/DorcasFramework/Core/core-base/vendor/laravel/lumen-framework/src/Concerns/RoutesRequests.php(171): Laravel\Lumen\Application->sendThroughPipeline(Array, Object(Closure))
#14 /Users/ifeoluwa/Documents/Apps/DorcasFramework/Core/core-base/vendor/laravel/lumen-framework/src/Concerns/RoutesRequests.php(108): Laravel\Lumen\Application->dispatch(NULL)
#15 /Users/ifeoluwa/Documents/Apps/DorcasFramework/Core/core-base/public/index.php(28): Laravel\Lumen\Application->run()
#16 /Users/ifeoluwa/.composer/vendor/laravel/valet/server.php(214): require('/Users/ifeoluwa...')
#17 {main} {"exception":"[object] (Symfony\\Component\\HttpKernel\\Exception\\NotFoundHttpException(code: 0):  at /Users/ifeoluwa/Documents/Apps/DorcasFramework/Core/core-base/vendor/laravel/lumen-framework/src/Concerns/RoutesRequests.php:229)
[stacktrace]
#0 /Users/ifeoluwa/Documents/Apps/DorcasFramework/Core/core-base/vendor/laravel/lumen-framework/src/Concerns/RoutesRequests.php(169): Laravel\\Lumen\\Application->handleDispatcherResponse(Array)
#1 [internal function]: Laravel\\Lumen\\Application->Laravel\\Lumen\\Concerns\\{closure}(Object(Laravel\\Lumen\\Http\\Request))
#2 /Users/ifeoluwa/Documents/Apps/DorcasFramework/Core/core-base/vendor/laravel/lumen-framework/src/Routing/Pipeline.php(52): call_user_func(Object(Closure), Object(Laravel\\Lumen\\Http\\Request))
#3 /Users/ifeoluwa/Documents/Apps/DorcasFramework/Core/core-base/app/Http/Middleware/InstalledAppUserDataAccessGate.php(26): Laravel\\Lumen\\Routing\\Pipeline->Laravel\\Lumen\\Routing\\{closure}(Object(Laravel\\Lumen\\Http\\Request))
#4 /Users/ifeoluwa/Documents/Apps/DorcasFramework/Core/core-base/vendor/illuminate/pipeline/Pipeline.php(163): App\\Http\\Middleware\\InstalledAppUserDataAccessGate->handle(Object(Laravel\\Lumen\\Http\\Request), Object(Closure))
#5 [internal function]: Illuminate\\Pipeline\\Pipeline->Illuminate\\Pipeline\\{closure}(Object(Laravel\\Lumen\\Http\\Request))
#6 /Users/ifeoluwa/Documents/Apps/DorcasFramework/Core/core-base/vendor/laravel/lumen-framework/src/Routing/Pipeline.php(32): call_user_func(Object(Closure), Object(Laravel\\Lumen\\Http\\Request))
#7 /Users/ifeoluwa/Documents/Apps/DorcasFramework/Core/core-base/app/Http/Middleware/ResolveApplicationId.php(32): Laravel\\Lumen\\Routing\\Pipeline->Laravel\\Lumen\\Routing\\{closure}(Object(Laravel\\Lumen\\Http\\Request))
#8 /Users/ifeoluwa/Documents/Apps/DorcasFramework/Core/core-base/vendor/illuminate/pipeline/Pipeline.php(163): App\\Http\\Middleware\\ResolveApplicationId->handle(Object(Laravel\\Lumen\\Http\\Request), Object(Closure))
#9 [internal function]: Illuminate\\Pipeline\\Pipeline->Illuminate\\Pipeline\\{closure}(Object(Laravel\\Lumen\\Http\\Request))
#10 /Users/ifeoluwa/Documents/Apps/DorcasFramework/Core/core-base/vendor/laravel/lumen-framework/src/Routing/Pipeline.php(32): call_user_func(Object(Closure), Object(Laravel\\Lumen\\Http\\Request))
#11 /Users/ifeoluwa/Documents/Apps/DorcasFramework/Core/core-base/vendor/illuminate/pipeline/Pipeline.php(104): Laravel\\Lumen\\Routing\\Pipeline->Laravel\\Lumen\\Routing\\{closure}(Object(Laravel\\Lumen\\Http\\Request))
#12 /Users/ifeoluwa/Documents/Apps/DorcasFramework/Core/core-base/vendor/laravel/lumen-framework/src/Concerns/RoutesRequests.php(413): Illuminate\\Pipeline\\Pipeline->then(Object(Closure))
#13 /Users/ifeoluwa/Documents/Apps/DorcasFramework/Core/core-base/vendor/laravel/lumen-framework/src/Concerns/RoutesRequests.php(171): Laravel\\Lumen\\Application->sendThroughPipeline(Array, Object(Closure))
#14 /Users/ifeoluwa/Documents/Apps/DorcasFramework/Core/core-base/vendor/laravel/lumen-framework/src/Concerns/RoutesRequests.php(108): Laravel\\Lumen\\Application->dispatch(NULL)
#15 /Users/ifeoluwa/Documents/Apps/DorcasFramework/Core/core-base/public/index.php(28): Laravel\\Lumen\\Application->run()
#16 /Users/ifeoluwa/.composer/vendor/laravel/valet/server.php(214): require('/Users/ifeoluwa...')
#17 {main}
"} 
[2021-03-01 22:20:49] production.ERROR: Illuminate\Auth\AuthenticationException: Unauthenticated. in /Users/ifeoluwa/Documents/Apps/DorcasFramework/Core/core-base/app/Http/Middleware/Authenticate.php:41
Stack trace:
#0 /Users/ifeoluwa/Documents/Apps/DorcasFramework/Core/core-base/vendor/illuminate/pipeline/Pipeline.php(163): App\Http\Middleware\Authenticate->handle(Object(Laravel\Lumen\Http\Request), Object(Closure))
#1 [internal function]: Illuminate\Pipeline\Pipeline->Illuminate\Pipeline\{closure}(Object(Laravel\Lumen\Http\Request))
#2 /Users/ifeoluwa/Documents/Apps/DorcasFramework/Core/core-base/vendor/laravel/lumen-framework/src/Routing/Pipeline.php(32): call_user_func(Object(Closure), Object(Laravel\Lumen\Http\Request))
#3 /Users/ifeoluwa/Documents/Apps/DorcasFramework/Core/core-base/vendor/illuminate/pipeline/Pipeline.php(104): Laravel\Lumen\Routing\Pipeline->Laravel\Lumen\Routing\{closure}(Object(Laravel\Lumen\Http\Request))
#4 /Users/ifeoluwa/Documents/Apps/DorcasFramework/Core/core-base/vendor/laravel/lumen-framework/src/Concerns/RoutesRequests.php(413): Illuminate\Pipeline\Pipeline->then(Object(Closure))
#5 /Users/ifeoluwa/Documents/Apps/DorcasFramework/Core/core-base/vendor/laravel/lumen-framework/src/Concerns/RoutesRequests.php(259): Laravel\Lumen\Application->sendThroughPipeline(Array, Object(Closure))
#6 /Users/ifeoluwa/Documents/Apps/DorcasFramework/Core/core-base/vendor/laravel/lumen-framework/src/Concerns/RoutesRequests.php(165): Laravel\Lumen\Application->handleFoundRoute(Array)
#7 [internal function]: Laravel\Lumen\Application->Laravel\Lumen\Concerns\{closure}(Object(Laravel\Lumen\Http\Request))
#8 /Users/ifeoluwa/Documents/Apps/DorcasFramework/Core/core-base/vendor/laravel/lumen-framework/src/Routing/Pipeline.php(52): call_user_func(Object(Closure), Object(Laravel\Lumen\Http\Request))
#9 /Users/ifeoluwa/Documents/Apps/DorcasFramework/Core/core-base/app/Http/Middleware/InstalledAppUserDataAccessGate.php(26): Laravel\Lumen\Routing\Pipeline->Laravel\Lumen\Routing\{closure}(Object(Laravel\Lumen\Http\Request))
#10 /Users/ifeoluwa/Documents/Apps/DorcasFramework/Core/core-base/vendor/illuminate/pipeline/Pipeline.php(163): App\Http\Middleware\InstalledAppUserDataAccessGate->handle(Object(Laravel\Lumen\Http\Request), Object(Closure))
#11 [internal function]: Illuminate\Pipeline\Pipeline->Illuminate\Pipeline\{closure}(Object(Laravel\Lumen\Http\Request))
#12 /Users/ifeoluwa/Documents/Apps/DorcasFramework/Core/core-base/vendor/laravel/lumen-framework/src/Routing/Pipeline.php(32): call_user_func(Object(Closure), Object(Laravel\Lumen\Http\Request))
#13 /Users/ifeoluwa/Documents/Apps/DorcasFramework/Core/core-base/app/Http/Middleware/ResolveApplicationId.php(32): Laravel\Lumen\Routing\Pipeline->Laravel\Lumen\Routing\{closure}(Object(Laravel\Lumen\Http\Request))
#14 /Users/ifeoluwa/Documents/Apps/DorcasFramework/Core/core-base/vendor/illuminate/pipeline/Pipeline.php(163): App\Http\Middleware\ResolveApplicationId->handle(Object(Laravel\Lumen\Http\Request), Object(Closure))
#15 [internal function]: Illuminate\Pipeline\Pipeline->Illuminate\Pipeline\{closure}(Object(Laravel\Lumen\Http\Request))
#16 /Users/ifeoluwa/Documents/Apps/DorcasFramework/Core/core-base/vendor/laravel/lumen-framework/src/Routing/Pipeline.php(32): call_user_func(Object(Closure), Object(Laravel\Lumen\Http\Request))
#17 /Users/ifeoluwa/Documents/Apps/DorcasFramework/Core/core-base/vendor/illuminate/pipeline/Pipeline.php(104): Laravel\Lumen\Routing\Pipeline->Laravel\Lumen\Routing\{closure}(Object(Laravel\Lumen\Http\Request))
#18 /Users/ifeoluwa/Documents/Apps/DorcasFramework/Core/core-base/vendor/laravel/lumen-framework/src/Concerns/RoutesRequests.php(413): Illuminate\Pipeline\Pipeline->then(Object(Closure))
#19 /Users/ifeoluwa/Documents/Apps/DorcasFramework/Core/core-base/vendor/laravel/lumen-framework/src/Concerns/RoutesRequests.php(171): Laravel\Lumen\Application->sendThroughPipeline(Array, Object(Closure))
#20 /Users/ifeoluwa/Documents/Apps/DorcasFramework/Core/core-base/vendor/laravel/lumen-framework/src/Concerns/RoutesRequests.php(108): Laravel\Lumen\Application->dispatch(NULL)
#21 /Users/ifeoluwa/Documents/Apps/DorcasFramework/Core/core-base/public/index.php(28): Laravel\Lumen\Application->run()
#22 /Users/ifeoluwa/.composer/vendor/laravel/valet/server.php(214): require('/Users/ifeoluwa...')
#23 {main} {"exception":"[object] (Illuminate\\Auth\\AuthenticationException(code: 0): Unauthenticated. at /Users/ifeoluwa/Documents/Apps/DorcasFramework/Core/core-base/app/Http/Middleware/Authenticate.php:41)
[stacktrace]
#0 /Users/ifeoluwa/Documents/Apps/DorcasFramework/Core/core-base/vendor/illuminate/pipeline/Pipeline.php(163): App\\Http\\Middleware\\Authenticate->handle(Object(Laravel\\Lumen\\Http\\Request), Object(Closure))
#1 [internal function]: Illuminate\\Pipeline\\Pipeline->Illuminate\\Pipeline\\{closure}(Object(Laravel\\Lumen\\Http\\Request))
#2 /Users/ifeoluwa/Documents/Apps/DorcasFramework/Core/core-base/vendor/laravel/lumen-framework/src/Routing/Pipeline.php(32): call_user_func(Object(Closure), Object(Laravel\\Lumen\\Http\\Request))
#3 /Users/ifeoluwa/Documents/Apps/DorcasFramework/Core/core-base/vendor/illuminate/pipeline/Pipeline.php(104): Laravel\\Lumen\\Routing\\Pipeline->Laravel\\Lumen\\Routing\\{closure}(Object(Laravel\\Lumen\\Http\\Request))
#4 /Users/ifeoluwa/Documents/Apps/DorcasFramework/Core/core-base/vendor/laravel/lumen-framework/src/Concerns/RoutesRequests.php(413): Illuminate\\Pipeline\\Pipeline->then(Object(Closure))
#5 /Users/ifeoluwa/Documents/Apps/DorcasFramework/Core/core-base/vendor/laravel/lumen-framework/src/Concerns/RoutesRequests.php(259): Laravel\\Lumen\\Application->sendThroughPipeline(Array, Object(Closure))
#6 /Users/ifeoluwa/Documents/Apps/DorcasFramework/Core/core-base/vendor/laravel/lumen-framework/src/Concerns/RoutesRequests.php(165): Laravel\\Lumen\\Application->handleFoundRoute(Array)
#7 [internal function]: Laravel\\Lumen\\Application->Laravel\\Lumen\\Concerns\\{closure}(Object(Laravel\\Lumen\\Http\\Request))
#8 /Users/ifeoluwa/Documents/Apps/DorcasFramework/Core/core-base/vendor/laravel/lumen-framework/src/Routing/Pipeline.php(52): call_user_func(Object(Closure), Object(Laravel\\Lumen\\Http\\Request))
#9 /Users/ifeoluwa/Documents/Apps/DorcasFramework/Core/core-base/app/Http/Middleware/InstalledAppUserDataAccessGate.php(26): Laravel\\Lumen\\Routing\\Pipeline->Laravel\\Lumen\\Routing\\{closure}(Object(Laravel\\Lumen\\Http\\Request))
#10 /Users/ifeoluwa/Documents/Apps/DorcasFramework/Core/core-base/vendor/illuminate/pipeline/Pipeline.php(163): App\\Http\\Middleware\\InstalledAppUserDataAccessGate->handle(Object(Laravel\\Lumen\\Http\\Request), Object(Closure))
#11 [internal function]: Illuminate\\Pipeline\\Pipeline->Illuminate\\Pipeline\\{closure}(Object(Laravel\\Lumen\\Http\\Request))
#12 /Users/ifeoluwa/Documents/Apps/DorcasFramework/Core/core-base/vendor/laravel/lumen-framework/src/Routing/Pipeline.php(32): call_user_func(Object(Closure), Object(Laravel\\Lumen\\Http\\Request))
#13 /Users/ifeoluwa/Documents/Apps/DorcasFramework/Core/core-base/app/Http/Middleware/ResolveApplicationId.php(32): Laravel\\Lumen\\Routing\\Pipeline->Laravel\\Lumen\\Routing\\{closure}(Object(Laravel\\Lumen\\Http\\Request))
#14 /Users/ifeoluwa/Documents/Apps/DorcasFramework/Core/core-base/vendor/illuminate/pipeline/Pipeline.php(163): App\\Http\\Middleware\\ResolveApplicationId->handle(Object(Laravel\\Lumen\\Http\\Request), Object(Closure))
#15 [internal function]: Illuminate\\Pipeline\\Pipeline->Illuminate\\Pipeline\\{closure}(Object(Laravel\\Lumen\\Http\\Request))
#16 /Users/ifeoluwa/Documents/Apps/DorcasFramework/Core/core-base/vendor/laravel/lumen-framework/src/Routing/Pipeline.php(32): call_user_func(Object(Closure), Object(Laravel\\Lumen\\Http\\Request))
#17 /Users/ifeoluwa/Documents/Apps/DorcasFramework/Core/core-base/vendor/illuminate/pipeline/Pipeline.php(104): Laravel\\Lumen\\Routing\\Pipeline->Laravel\\Lumen\\Routing\\{closure}(Object(Laravel\\Lumen\\Http\\Request))
#18 /Users/ifeoluwa/Documents/Apps/DorcasFramework/Core/core-base/vendor/laravel/lumen-framework/src/Concerns/RoutesRequests.php(413): Illuminate\\Pipeline\\Pipeline->then(Object(Closure))
#19 /Users/ifeoluwa/Documents/Apps/DorcasFramework/Core/core-base/vendor/laravel/lumen-framework/src/Concerns/RoutesRequests.php(171): Laravel\\Lumen\\Application->sendThroughPipeline(Array, Object(Closure))
#20 /Users/ifeoluwa/Documents/Apps/DorcasFramework/Core/core-base/vendor/laravel/lumen-framework/src/Concerns/RoutesRequests.php(108): Laravel\\Lumen\\Application->dispatch(NULL)
#21 /Users/ifeoluwa/Documents/Apps/DorcasFramework/Core/core-base/public/index.php(28): Laravel\\Lumen\\Application->run()
#22 /Users/ifeoluwa/.composer/vendor/laravel/valet/server.php(214): require('/Users/ifeoluwa...')
#23 {main}
"} 
[2021-03-01 22:21:03] production.ERROR: Illuminate\Auth\AuthenticationException: Unauthenticated. in /Users/ifeoluwa/Documents/Apps/DorcasFramework/Core/core-base/app/Http/Middleware/Authenticate.php:41
Stack trace:
#0 /Users/ifeoluwa/Documents/Apps/DorcasFramework/Core/core-base/vendor/illuminate/pipeline/Pipeline.php(163): App\Http\Middleware\Authenticate->handle(Object(Laravel\Lumen\Http\Request), Object(Closure))
#1 [internal function]: Illuminate\Pipeline\Pipeline->Illuminate\Pipeline\{closure}(Object(Laravel\Lumen\Http\Request))
#2 /Users/ifeoluwa/Documents/Apps/DorcasFramework/Core/core-base/vendor/laravel/lumen-framework/src/Routing/Pipeline.php(32): call_user_func(Object(Closure), Object(Laravel\Lumen\Http\Request))
#3 /Users/ifeoluwa/Documents/Apps/DorcasFramework/Core/core-base/vendor/illuminate/pipeline/Pipeline.php(104): Laravel\Lumen\Routing\Pipeline->Laravel\Lumen\Routing\{closure}(Object(Laravel\Lumen\Http\Request))
#4 /Users/ifeoluwa/Documents/Apps/DorcasFramework/Core/core-base/vendor/laravel/lumen-framework/src/Concerns/RoutesRequests.php(413): Illuminate\Pipeline\Pipeline->then(Object(Closure))
#5 /Users/ifeoluwa/Documents/Apps/DorcasFramework/Core/core-base/vendor/laravel/lumen-framework/src/Concerns/RoutesRequests.php(259): Laravel\Lumen\Application->sendThroughPipeline(Array, Object(Closure))
#6 /Users/ifeoluwa/Documents/Apps/DorcasFramework/Core/core-base/vendor/laravel/lumen-framework/src/Concerns/RoutesRequests.php(165): Laravel\Lumen\Application->handleFoundRoute(Array)
#7 [internal function]: Laravel\Lumen\Application->Laravel\Lumen\Concerns\{closure}(Object(Laravel\Lumen\Http\Request))
#8 /Users/ifeoluwa/Documents/Apps/DorcasFramework/Core/core-base/vendor/laravel/lumen-framework/src/Routing/Pipeline.php(52): call_user_func(Object(Closure), Object(Laravel\Lumen\Http\Request))
#9 /Users/ifeoluwa/Documents/Apps/DorcasFramework/Core/core-base/app/Http/Middleware/InstalledAppUserDataAccessGate.php(26): Laravel\Lumen\Routing\Pipeline->Laravel\Lumen\Routing\{closure}(Object(Laravel\Lumen\Http\Request))
#10 /Users/ifeoluwa/Documents/Apps/DorcasFramework/Core/core-base/vendor/illuminate/pipeline/Pipeline.php(163): App\Http\Middleware\InstalledAppUserDataAccessGate->handle(Object(Laravel\Lumen\Http\Request), Object(Closure))
#11 [internal function]: Illuminate\Pipeline\Pipeline->Illuminate\Pipeline\{closure}(Object(Laravel\Lumen\Http\Request))
#12 /Users/ifeoluwa/Documents/Apps/DorcasFramework/Core/core-base/vendor/laravel/lumen-framework/src/Routing/Pipeline.php(32): call_user_func(Object(Closure), Object(Laravel\Lumen\Http\Request))
#13 /Users/ifeoluwa/Documents/Apps/DorcasFramework/Core/core-base/app/Http/Middleware/ResolveApplicationId.php(32): Laravel\Lumen\Routing\Pipeline->Laravel\Lumen\Routing\{closure}(Object(Laravel\Lumen\Http\Request))
#14 /Users/ifeoluwa/Documents/Apps/DorcasFramework/Core/core-base/vendor/illuminate/pipeline/Pipeline.php(163): App\Http\Middleware\ResolveApplicationId->handle(Object(Laravel\Lumen\Http\Request), Object(Closure))
#15 [internal function]: Illuminate\Pipeline\Pipeline->Illuminate\Pipeline\{closure}(Object(Laravel\Lumen\Http\Request))
#16 /Users/ifeoluwa/Documents/Apps/DorcasFramework/Core/core-base/vendor/laravel/lumen-framework/src/Routing/Pipeline.php(32): call_user_func(Object(Closure), Object(Laravel\Lumen\Http\Request))
#17 /Users/ifeoluwa/Documents/Apps/DorcasFramework/Core/core-base/vendor/illuminate/pipeline/Pipeline.php(104): Laravel\Lumen\Routing\Pipeline->Laravel\Lumen\Routing\{closure}(Object(Laravel\Lumen\Http\Request))
#18 /Users/ifeoluwa/Documents/Apps/DorcasFramework/Core/core-base/vendor/laravel/lumen-framework/src/Concerns/RoutesRequests.php(413): Illuminate\Pipeline\Pipeline->then(Object(Closure))
#19 /Users/ifeoluwa/Documents/Apps/DorcasFramework/Core/core-base/vendor/laravel/lumen-framework/src/Concerns/RoutesRequests.php(171): Laravel\Lumen\Application->sendThroughPipeline(Array, Object(Closure))
#20 /Users/ifeoluwa/Documents/Apps/DorcasFramework/Core/core-base/vendor/laravel/lumen-framework/src/Concerns/RoutesRequests.php(108): Laravel\Lumen\Application->dispatch(NULL)
#21 /Users/ifeoluwa/Documents/Apps/DorcasFramework/Core/core-base/public/index.php(28): Laravel\Lumen\Application->run()
#22 /Users/ifeoluwa/.composer/vendor/laravel/valet/server.php(214): require('/Users/ifeoluwa...')
#23 {main} {"exception":"[object] (Illuminate\\Auth\\AuthenticationException(code: 0): Unauthenticated. at /Users/ifeoluwa/Documents/Apps/DorcasFramework/Core/core-base/app/Http/Middleware/Authenticate.php:41)
[stacktrace]
#0 /Users/ifeoluwa/Documents/Apps/DorcasFramework/Core/core-base/vendor/illuminate/pipeline/Pipeline.php(163): App\\Http\\Middleware\\Authenticate->handle(Object(Laravel\\Lumen\\Http\\Request), Object(Closure))
#1 [internal function]: Illuminate\\Pipeline\\Pipeline->Illuminate\\Pipeline\\{closure}(Object(Laravel\\Lumen\\Http\\Request))
#2 /Users/ifeoluwa/Documents/Apps/DorcasFramework/Core/core-base/vendor/laravel/lumen-framework/src/Routing/Pipeline.php(32): call_user_func(Object(Closure), Object(Laravel\\Lumen\\Http\\Request))
#3 /Users/ifeoluwa/Documents/Apps/DorcasFramework/Core/core-base/vendor/illuminate/pipeline/Pipeline.php(104): Laravel\\Lumen\\Routing\\Pipeline->Laravel\\Lumen\\Routing\\{closure}(Object(Laravel\\Lumen\\Http\\Request))
#4 /Users/ifeoluwa/Documents/Apps/DorcasFramework/Core/core-base/vendor/laravel/lumen-framework/src/Concerns/RoutesRequests.php(413): Illuminate\\Pipeline\\Pipeline->then(Object(Closure))
#5 /Users/ifeoluwa/Documents/Apps/DorcasFramework/Core/core-base/vendor/laravel/lumen-framework/src/Concerns/RoutesRequests.php(259): Laravel\\Lumen\\Application->sendThroughPipeline(Array, Object(Closure))
#6 /Users/ifeoluwa/Documents/Apps/DorcasFramework/Core/core-base/vendor/laravel/lumen-framework/src/Concerns/RoutesRequests.php(165): Laravel\\Lumen\\Application->handleFoundRoute(Array)
#7 [internal function]: Laravel\\Lumen\\Application->Laravel\\Lumen\\Concerns\\{closure}(Object(Laravel\\Lumen\\Http\\Request))
#8 /Users/ifeoluwa/Documents/Apps/DorcasFramework/Core/core-base/vendor/laravel/lumen-framework/src/Routing/Pipeline.php(52): call_user_func(Object(Closure), Object(Laravel\\Lumen\\Http\\Request))
#9 /Users/ifeoluwa/Documents/Apps/DorcasFramework/Core/core-base/app/Http/Middleware/InstalledAppUserDataAccessGate.php(26): Laravel\\Lumen\\Routing\\Pipeline->Laravel\\Lumen\\Routing\\{closure}(Object(Laravel\\Lumen\\Http\\Request))
#10 /Users/ifeoluwa/Documents/Apps/DorcasFramework/Core/core-base/vendor/illuminate/pipeline/Pipeline.php(163): App\\Http\\Middleware\\InstalledAppUserDataAccessGate->handle(Object(Laravel\\Lumen\\Http\\Request), Object(Closure))
#11 [internal function]: Illuminate\\Pipeline\\Pipeline->Illuminate\\Pipeline\\{closure}(Object(Laravel\\Lumen\\Http\\Request))
#12 /Users/ifeoluwa/Documents/Apps/DorcasFramework/Core/core-base/vendor/laravel/lumen-framework/src/Routing/Pipeline.php(32): call_user_func(Object(Closure), Object(Laravel\\Lumen\\Http\\Request))
#13 /Users/ifeoluwa/Documents/Apps/DorcasFramework/Core/core-base/app/Http/Middleware/ResolveApplicationId.php(32): Laravel\\Lumen\\Routing\\Pipeline->Laravel\\Lumen\\Routing\\{closure}(Object(Laravel\\Lumen\\Http\\Request))
#14 /Users/ifeoluwa/Documents/Apps/DorcasFramework/Core/core-base/vendor/illuminate/pipeline/Pipeline.php(163): App\\Http\\Middleware\\ResolveApplicationId->handle(Object(Laravel\\Lumen\\Http\\Request), Object(Closure))
#15 [internal function]: Illuminate\\Pipeline\\Pipeline->Illuminate\\Pipeline\\{closure}(Object(Laravel\\Lumen\\Http\\Request))
#16 /Users/ifeoluwa/Documents/Apps/DorcasFramework/Core/core-base/vendor/laravel/lumen-framework/src/Routing/Pipeline.php(32): call_user_func(Object(Closure), Object(Laravel\\Lumen\\Http\\Request))
#17 /Users/ifeoluwa/Documents/Apps/DorcasFramework/Core/core-base/vendor/illuminate/pipeline/Pipeline.php(104): Laravel\\Lumen\\Routing\\Pipeline->Laravel\\Lumen\\Routing\\{closure}(Object(Laravel\\Lumen\\Http\\Request))
#18 /Users/ifeoluwa/Documents/Apps/DorcasFramework/Core/core-base/vendor/laravel/lumen-framework/src/Concerns/RoutesRequests.php(413): Illuminate\\Pipeline\\Pipeline->then(Object(Closure))
#19 /Users/ifeoluwa/Documents/Apps/DorcasFramework/Core/core-base/vendor/laravel/lumen-framework/src/Concerns/RoutesRequests.php(171): Laravel\\Lumen\\Application->sendThroughPipeline(Array, Object(Closure))
#20 /Users/ifeoluwa/Documents/Apps/DorcasFramework/Core/core-base/vendor/laravel/lumen-framework/src/Concerns/RoutesRequests.php(108): Laravel\\Lumen\\Application->dispatch(NULL)
#21 /Users/ifeoluwa/Documents/Apps/DorcasFramework/Core/core-base/public/index.php(28): Laravel\\Lumen\\Application->run()
#22 /Users/ifeoluwa/.composer/vendor/laravel/valet/server.php(214): require('/Users/ifeoluwa...')
#23 {main}
"} 
